2023-09-12 20:21:49,083 [INFO] Activator:176 - 


2023-09-12 20:21:49,099 [INFO] Activator:177 - !SESSION log4j initialized
2023-09-12 20:21:59,557 [INFO] LogOutputStream:77 - [STDOUT_REDIRECT] 
2023-09-12 20:22:01,190 [INFO] ApplicationProperties:184 - Using Application install path: /opt/st/stm32cubeide_1.13.1/plugins/com.st.stm32cube.common.mx_6.9.1.202307191849
2023-09-12 20:22:01,226 [INFO] DbMcusXml:78 - Set database path to: /opt/st/stm32cubeide_1.13.1/plugins/com.st.stm32cube.common.mx_6.9.1.202307191849//db//mcu/
2023-09-12 20:22:01,227 [INFO] ApiDb:274 - Set plugin database path to: /opt/st/stm32cubeide_1.13.1/plugins/com.st.stm32cube.common.mx_6.9.1.202307191849//db//plugins/boardmanager/
2023-09-12 20:22:01,227 [WARN] ApiDb:259 - Overriding images path with different value:  => /opt/st/stm32cubeide_1.13.1/plugins/com.st.stm32cube.common.mx_6.9.1.202307191849//db//plugins/mcufinder/images/
2023-09-12 20:22:01,276 [INFO] ApiDb:250 - Set database path to: /home/meisam/.stmcufinder/plugins/mcufinder//mcu/
2023-09-12 20:22:01,277 [INFO] DbMcusAds:125 - Set database path to: /home/meisam/.stmcufinder/plugins/mcufinder//mcu/
2023-09-12 20:22:01,280 [INFO] CrossReferenceDbSqlite:203 - Set database path to: /home/meisam/.stmcufinder/plugins/mcufinder//mcu/cs/
2023-09-12 20:22:01,492 [INFO] RulesReader:64 - Compatibility file has been processed (293 Rules)
2023-09-12 20:22:01,681 [INFO] DbMcusXml:78 - Set database path to: /opt/st/stm32cubeide_1.13.1/plugins/com.st.stm32cube.common.mx_6.9.1.202307191849//db//mcu/
2023-09-12 20:22:01,681 [INFO] ApiDb:274 - Set plugin database path to: /opt/st/stm32cubeide_1.13.1/plugins/com.st.stm32cube.common.mx_6.9.1.202307191849//db//plugins/boardmanager/
2023-09-12 20:22:01,681 [INFO] ApiDb:261 - Set plugin images path to: /opt/st/stm32cubeide_1.13.1/plugins/com.st.stm32cube.common.mx_6.9.1.202307191849//db//plugins/mcufinder/images/
2023-09-12 20:22:01,682 [WARN] DbFile:41 - Overriding database path with different value: /home/meisam/.stmcufinder/plugins/mcufinder/ => /home/meisam/.stmcufinder/plugins/mcufinder
2023-09-12 20:22:01,682 [INFO] ApiDb:250 - Set database path to: /home/meisam/.stmcufinder/plugins/mcufinder//mcu/
2023-09-12 20:22:01,682 [WARN] DbFile:41 - Overriding database path with different value: /home/meisam/.stmcufinder/plugins/mcufinder/ => /home/meisam/.stmcufinder/plugins/mcufinder
2023-09-12 20:22:01,682 [INFO] DbMcusAds:125 - Set database path to: /home/meisam/.stmcufinder/plugins/mcufinder//mcu/
2023-09-12 20:22:01,682 [WARN] DbFile:41 - Overriding database path with different value: /home/meisam/.stmcufinder/plugins/mcufinder/ => /home/meisam/.stmcufinder/plugins/mcufinder
2023-09-12 20:22:01,683 [WARN] DbFile:41 - Overriding database path with different value: /home/meisam/.stmcufinder/plugins/mcufinder/ => /home/meisam/.stmcufinder/plugins/mcufinder
2023-09-12 20:22:01,683 [INFO] CrossReferenceDbSqlite:203 - Set database path to: /home/meisam/.stmcufinder/plugins/mcufinder//mcu/cs/
2023-09-12 20:22:01,849 [INFO] MainPanel:262 - HeapMemory: 268435456
2023-09-12 20:22:02,023 [INFO] DbMcusXml:78 - Set database path to: /opt/st/stm32cubeide_1.13.1/plugins/com.st.stm32cube.common.mx_6.9.1.202307191849//db//mcu/
2023-09-12 20:22:02,024 [INFO] ApiDb:274 - Set plugin database path to: /opt/st/stm32cubeide_1.13.1/plugins/com.st.stm32cube.common.mx_6.9.1.202307191849//db//plugins/boardmanager/
2023-09-12 20:22:02,024 [INFO] ApiDb:261 - Set plugin images path to: /opt/st/stm32cubeide_1.13.1/plugins/com.st.stm32cube.common.mx_6.9.1.202307191849//db//plugins/mcufinder/images/
2023-09-12 20:22:02,027 [WARN] DbFile:41 - Overriding database path with different value: /home/meisam/.stmcufinder/plugins/mcufinder/ => /home/meisam/.stmcufinder/plugins/mcufinder
2023-09-12 20:22:02,027 [INFO] ApiDb:250 - Set database path to: /home/meisam/.stmcufinder/plugins/mcufinder//mcu/
2023-09-12 20:22:02,027 [WARN] DbFile:41 - Overriding database path with different value: /home/meisam/.stmcufinder/plugins/mcufinder/ => /home/meisam/.stmcufinder/plugins/mcufinder
2023-09-12 20:22:02,027 [INFO] DbMcusAds:125 - Set database path to: /home/meisam/.stmcufinder/plugins/mcufinder//mcu/
2023-09-12 20:22:02,027 [WARN] DbFile:41 - Overriding database path with different value: /home/meisam/.stmcufinder/plugins/mcufinder/ => /home/meisam/.stmcufinder/plugins/mcufinder
2023-09-12 20:22:02,027 [WARN] DbFile:41 - Overriding database path with different value: /home/meisam/.stmcufinder/plugins/mcufinder/ => /home/meisam/.stmcufinder/plugins/mcufinder
2023-09-12 20:22:02,027 [INFO] CrossReferenceDbSqlite:203 - Set database path to: /home/meisam/.stmcufinder/plugins/mcufinder//mcu/cs/
2023-09-12 20:22:02,042 [INFO] ApplicationProperties:184 - Using Application install path: /opt/st/stm32cubeide_1.13.1/plugins/com.st.stm32cube.common.mx_6.9.1.202307191849
2023-09-12 20:22:02,043 [INFO] PluginManage:196 - Search for loadable plugins [exclusion list=, ]
2023-09-12 20:22:02,053 [INFO] PluginManage:310 - Check plugin analytics
2023-09-12 20:22:02,263 [INFO] AnalyticsPlugin:253 - Accepted Software Licenses: 
2023-09-12 20:22:02,264 [INFO] AnalyticsPlugin:255 - Accepted CMSIS Pack Licenses: 
2023-09-12 20:22:02,264 [INFO] AnalyticsPlugin:257 - Accepted Firmware Licenses: 
2023-09-12 20:22:02,266 [INFO] PluginManage:359 - Loaded plugin analytics (category:tool,tabindex:-1)
2023-09-12 20:22:02,266 [INFO] PluginManage:310 - Check plugin cadmodel
2023-09-12 20:22:02,411 [INFO] CADModel:105 - Init CAD model plugin
2023-09-12 20:22:02,412 [INFO] PluginManage:359 - Loaded plugin cadmodel (category:power,tabindex:5)
2023-09-12 20:22:02,412 [INFO] PluginManage:310 - Check plugin clock
2023-09-12 20:22:02,441 [INFO] PluginManage:359 - Loaded plugin clock (category:base,tabindex:2)
2023-09-12 20:22:02,441 [INFO] PluginManage:310 - Check plugin ddr
2023-09-12 20:22:02,453 [INFO] PluginManage:359 - Loaded plugin ddr (category:tool,tabindex:6)
2023-09-12 20:22:02,453 [INFO] PluginManage:310 - Check plugin filemanager
2023-09-12 20:22:02,764 [INFO] PluginManage:359 - Loaded plugin filemanager (category:base,tabindex:10)
2023-09-12 20:22:02,764 [INFO] PluginManage:310 - Check plugin ipmanager
2023-09-12 20:22:02,796 [INFO] PluginManage:359 - Loaded plugin ipmanager (category:base,tabindex:5)
2023-09-12 20:22:02,796 [INFO] PluginManage:310 - Check plugin lpbam
2023-09-12 20:22:02,820 [INFO] PluginManage:359 - Loaded plugin lpbam (category:base,tabindex:0)
2023-09-12 20:22:02,821 [INFO] PluginManage:310 - Check plugin memorymap
2023-09-12 20:22:02,853 [INFO] PluginManage:359 - Loaded plugin memorymap (category:base,tabindex:4)
2023-09-12 20:22:02,853 [INFO] PluginManage:310 - Check plugin pinoutandconfiguration
2023-09-12 20:22:02,883 [INFO] PluginManage:359 - Loaded plugin pinoutandconfiguration (category:base,tabindex:1)
2023-09-12 20:22:02,884 [INFO] PluginManage:310 - Check plugin pinoutconfig
2023-09-12 20:22:03,037 [WARN] SupportedApi:132 - Cannot load RTOS API schema: s4s-elt-must-match.1: The content of 'definitions' must match (annotation?, (simpleType | complexType)?, (unique | key | keyref)*)). A problem was found starting at: attribute.
2023-09-12 20:22:03,050 [ERROR] ConfigurationRetriever:142 - IOException on connection: Read timed out
2023-09-12 20:22:03,209 [INFO] PluginManage:359 - Loaded plugin pinoutconfig (category:base,tabindex:0)
2023-09-12 20:22:03,209 [INFO] PluginManage:310 - Check plugin power
2023-09-12 20:22:03,267 [INFO] PluginManage:359 - Loaded plugin power (category:power,tabindex:4)
2023-09-12 20:22:03,267 [INFO] PluginManage:310 - Check plugin projectmanager
2023-09-12 20:22:03,290 [INFO] PluginManage:359 - Loaded plugin projectmanager (category:projectmanager,tabindex:3)
2023-09-12 20:22:03,290 [INFO] PluginManage:310 - Check plugin thirdparty
2023-09-12 20:22:03,514 [INFO] PluginManage:359 - Loaded plugin thirdparty (category:base,tabindex:-1)
2023-09-12 20:22:03,514 [WARN] IntegrityCheckThread:84 - waiting for thirdparty lock release [integrity check]
2023-09-12 20:22:03,514 [INFO] PluginManage:310 - Check plugin tools
2023-09-12 20:22:03,514 [INFO] IntegrityCheckThread:86 - entering critical section [integrity check]
2023-09-12 20:22:03,515 [INFO] ThirdPartyUpdaterWithRetryManager:70 - Updater plugin not ready yet. [1/15]
2023-09-12 20:22:03,524 [INFO] PluginManage:359 - Loaded plugin tools (category:base,tabindex:7)
2023-09-12 20:22:03,524 [INFO] PluginManage:310 - Check plugin tutovideos
2023-09-12 20:22:03,764 [INFO] PluginManage:359 - Loaded plugin tutovideos (category:base,tabindex:-1)
2023-09-12 20:22:03,764 [INFO] PluginManage:310 - Check plugin updater
2023-09-12 20:22:03,796 [INFO] PluginManage:359 - Loaded plugin updater (category:base,tabindex:12)
2023-09-12 20:22:03,796 [INFO] PluginManage:310 - Check plugin userauth
2023-09-12 20:22:03,811 [INFO] UserAuth:113 - Init User Auth plugin
2023-09-12 20:22:03,811 [INFO] PluginManage:359 - Loaded plugin userauth (category:base,tabindex:14)
2023-09-12 20:22:03,812 [INFO] PluginManage:283 - PluginManage : Loaded plugins [17]
2023-09-12 20:22:04,266 [INFO] PinOutPanel:1499 - setPackage(No Configuration,No Configuration)
2023-09-12 20:22:04,429 [INFO] CADModel:165 - CPN selected for project level
2023-09-12 20:22:04,430 [INFO] CADModel:114 - Register for checkConnection events
2023-09-12 20:22:04,488 [INFO] IPUIPlugin:80 - create IPUIPlugin
2023-09-12 20:22:04,489 [INFO] PluginManager:220 - loadIPPluginJar : add gfxmmu
2023-09-12 20:22:04,511 [INFO] IPUIPlugin:80 - create IPUIPlugin
2023-09-12 20:22:04,511 [INFO] PluginManager:220 - loadIPPluginJar : add fmc
2023-09-12 20:22:04,525 [INFO] IPUIPlugin:80 - create IPUIPlugin
2023-09-12 20:22:04,525 [INFO] PluginManager:220 - loadIPPluginJar : add stm32_wpan
2023-09-12 20:22:04,552 [INFO] IPUIPlugin:80 - create IPUIPlugin
2023-09-12 20:22:04,552 [INFO] PluginManager:220 - loadIPPluginJar : add freertos
2023-09-12 20:22:04,575 [INFO] IPUIPlugin:80 - create IPUIPlugin
2023-09-12 20:22:04,575 [INFO] PluginManager:220 - loadIPPluginJar : add opamp
2023-09-12 20:22:04,577 [INFO] IPUIPlugin:80 - create IPUIPlugin
2023-09-12 20:22:04,577 [INFO] PluginManager:220 - loadIPPluginJar : add quadspi
2023-09-12 20:22:04,579 [INFO] IPUIPlugin:80 - create IPUIPlugin
2023-09-12 20:22:04,579 [INFO] PluginManager:220 - loadIPPluginJar : add usart
2023-09-12 20:22:04,582 [INFO] IPUIPlugin:80 - create IPUIPlugin
2023-09-12 20:22:04,589 [INFO] PluginManager:220 - loadIPPluginJar : add nvic
2023-09-12 20:22:04,617 [INFO] IPUIPlugin:80 - create IPUIPlugin
2023-09-12 20:22:04,617 [INFO] PluginManager:220 - loadIPPluginJar : add touchsensing
2023-09-12 20:22:04,633 [INFO] IPUIPlugin:80 - create IPUIPlugin
2023-09-12 20:22:04,634 [INFO] PluginManager:220 - loadIPPluginJar : add gic
2023-09-12 20:22:04,656 [INFO] IPUIPlugin:80 - create IPUIPlugin
2023-09-12 20:22:04,656 [INFO] PluginManager:220 - loadIPPluginJar : add i2c
2023-09-12 20:22:04,658 [INFO] IPUIPlugin:80 - create IPUIPlugin
2023-09-12 20:22:04,658 [INFO] PluginManager:220 - loadIPPluginJar : add lorawan
2023-09-12 20:22:04,668 [INFO] IPUIPlugin:80 - create IPUIPlugin
2023-09-12 20:22:04,668 [INFO] PluginManager:220 - loadIPPluginJar : add adc
2023-09-12 20:22:04,685 [INFO] IPUIPlugin:80 - create IPUIPlugin
2023-09-12 20:22:04,685 [INFO] PluginManager:220 - loadIPPluginJar : add resmgrutility
2023-09-12 20:22:04,692 [INFO] IPUIPlugin:80 - create IPUIPlugin
2023-09-12 20:22:04,692 [INFO] PluginManager:220 - loadIPPluginJar : add linkedlist
2023-09-12 20:22:04,694 [INFO] IPUIPlugin:80 - create IPUIPlugin
2023-09-12 20:22:04,695 [INFO] PluginManager:220 - loadIPPluginJar : add tracer_emb
2023-09-12 20:22:04,696 [INFO] IPUIPlugin:80 - create IPUIPlugin
2023-09-12 20:22:04,696 [INFO] PluginManager:220 - loadIPPluginJar : add ltdc
2023-09-12 20:22:04,697 [INFO] IPUIPlugin:80 - create IPUIPlugin
2023-09-12 20:22:04,697 [INFO] PluginManager:220 - loadIPPluginJar : add comp
2023-09-12 20:22:04,698 [INFO] IPUIPlugin:80 - create IPUIPlugin
2023-09-12 20:22:04,699 [INFO] PluginManager:220 - loadIPPluginJar : add genericplugin
2023-09-12 20:22:04,700 [INFO] IPUIPlugin:80 - create IPUIPlugin
2023-09-12 20:22:04,700 [INFO] PluginManager:220 - loadIPPluginJar : add i2s
2023-09-12 20:22:04,702 [INFO] IPUIPlugin:80 - create IPUIPlugin
2023-09-12 20:22:04,703 [INFO] PluginManager:220 - loadIPPluginJar : add dma3
2023-09-12 20:22:04,717 [INFO] IPUIPlugin:80 - create IPUIPlugin
2023-09-12 20:22:04,718 [INFO] PluginManager:220 - loadIPPluginJar : add dma
2023-09-12 20:22:04,720 [INFO] IPUIPlugin:80 - create IPUIPlugin
2023-09-12 20:22:04,720 [INFO] PluginManager:220 - loadIPPluginJar : add gtzc
2023-09-12 20:22:04,725 [INFO] IPUIPlugin:80 - create IPUIPlugin
2023-09-12 20:22:04,725 [INFO] PluginManager:220 - loadIPPluginJar : add gpio
2023-09-12 20:22:04,727 [INFO] IPUIPlugin:80 - create IPUIPlugin
2023-09-12 20:22:04,727 [INFO] PluginManager:220 - loadIPPluginJar : add tim
2023-09-12 20:22:04,729 [INFO] IPUIPlugin:80 - create IPUIPlugin
2023-09-12 20:22:04,729 [INFO] PluginManager:220 - loadIPPluginJar : add sai
2023-09-12 20:22:04,731 [INFO] IPUIPlugin:80 - create IPUIPlugin
2023-09-12 20:22:04,731 [INFO] PluginManager:220 - loadIPPluginJar : add aes
2023-09-12 20:22:04,733 [INFO] IPUIPlugin:80 - create IPUIPlugin
2023-09-12 20:22:04,733 [INFO] PluginManager:220 - loadIPPluginJar : add usbx
2023-09-12 20:22:04,735 [INFO] IPUIPlugin:80 - create IPUIPlugin
2023-09-12 20:22:04,735 [INFO] PluginManager:220 - loadIPPluginJar : add openamp
2023-09-12 20:22:04,737 [INFO] IPUIPlugin:80 - create IPUIPlugin
2023-09-12 20:22:04,738 [INFO] PluginManager:220 - loadIPPluginJar : add can
2023-09-12 20:22:04,740 [INFO] IPUIPlugin:80 - create IPUIPlugin
2023-09-12 20:22:04,740 [INFO] PluginManager:220 - loadIPPluginJar : add pdm2pcm
2023-09-12 20:22:04,742 [INFO] IPUIPlugin:80 - create IPUIPlugin
2023-09-12 20:22:04,742 [INFO] PluginManager:220 - loadIPPluginJar : add ucpd
2023-09-12 20:22:04,743 [INFO] IPUIPlugin:80 - create IPUIPlugin
2023-09-12 20:22:04,743 [INFO] PluginManager:220 - loadIPPluginJar : add fatfs
2023-09-12 20:22:04,745 [INFO] IPUIPlugin:80 - create IPUIPlugin
2023-09-12 20:22:04,745 [INFO] PluginManager:220 - loadIPPluginJar : add hash
2023-09-12 20:22:04,746 [INFO] IPUIPlugin:80 - create IPUIPlugin
2023-09-12 20:22:04,747 [INFO] PluginManager:220 - loadIPPluginJar : add cryp
2023-09-12 20:22:04,748 [INFO] IPUIPlugin:80 - create IPUIPlugin
2023-09-12 20:22:04,748 [INFO] PluginManager:220 - loadIPPluginJar : add spi
2023-09-12 20:22:04,750 [INFO] IPUIPlugin:80 - create IPUIPlugin
2023-09-12 20:22:04,750 [INFO] PluginManager:220 - loadIPPluginJar : add ts
2023-09-12 20:22:04,752 [INFO] IPUIPlugin:80 - create IPUIPlugin
2023-09-12 20:22:04,752 [INFO] PluginManager:220 - loadIPPluginJar : add dfsdm
2023-09-12 20:22:04,768 [INFO] IPUIPlugin:80 - create IPUIPlugin
2023-09-12 20:22:04,770 [INFO] PluginManager:220 - loadIPPluginJar : add plateformsettings
2023-09-12 20:22:04,778 [INFO] IPUIPlugin:80 - create IPUIPlugin
2023-09-12 20:22:04,778 [INFO] PluginManager:220 - loadIPPluginJar : add ipddr
2023-09-12 20:22:04,798 [INFO] IPUIPlugin:80 - create IPUIPlugin
2023-09-12 20:22:04,799 [INFO] PluginManager:220 - loadIPPluginJar : add mdma
2023-09-12 20:22:04,800 [INFO] IPUIPlugin:80 - create IPUIPlugin
2023-09-12 20:22:04,800 [INFO] PluginManager:220 - loadIPPluginJar : add tsc
2023-09-12 20:22:04,802 [INFO] IPUIPlugin:80 - create IPUIPlugin
2023-09-12 20:22:04,802 [INFO] PluginManager:220 - loadIPPluginJar : add i3c
2023-09-12 20:22:04,905 [INFO] CADModel:165 - CPN selected for project level
2023-09-12 20:22:04,906 [INFO] CADModel:114 - Register for checkConnection events
2023-09-12 20:22:04,906 [FATAL] Updater:308 - Updater called before beeing initialized
2023-09-12 20:22:04,906 [ERROR] CADModel:125 - Updater not yet initialized, retry later 
2023-09-12 20:22:05,156 [INFO] CADModel:165 - CPN selected for project level
2023-09-12 20:22:05,156 [INFO] CADModel:114 - Register for checkConnection events
2023-09-12 20:22:05,157 [FATAL] Updater:308 - Updater called before beeing initialized
2023-09-12 20:22:05,157 [ERROR] CADModel:125 - Updater not yet initialized, retry later 
2023-09-12 20:22:05,160 [FATAL] Updater:308 - Updater called before beeing initialized
2023-09-12 20:22:05,262 [FATAL] Updater:308 - Updater called before beeing initialized
2023-09-12 20:22:05,276 [INFO] DbMcusAds:53 - JSON generation date=Tue Mar 07 12:20:55 IRST 2023 (1678179055114)
2023-09-12 20:22:05,276 [FATAL] Updater:308 - Updater called before beeing initialized
2023-09-12 20:22:05,362 [WARN] DetailPanel:346 - Failed to get advertising image, set to default
2023-09-12 20:22:05,465 [FATAL] Updater:308 - Updater called before beeing initialized
2023-09-12 20:22:05,475 [FATAL] Updater:308 - Updater called before beeing initialized
2023-09-12 20:22:05,475 [FATAL] Updater:308 - Updater called before beeing initialized
2023-09-12 20:22:05,475 [WARN] DetailPanel:346 - Failed to get advertising image, set to default
2023-09-12 20:22:05,477 [FATAL] Updater:308 - Updater called before beeing initialized
2023-09-12 20:22:05,549 [ERROR] Updater:1120 - MainUpdater not yet initialized. External WinMGr cannot be set.
2023-09-12 20:22:05,551 [INFO] Updater:1056 - Updater Version found : 6.9.1
2023-09-12 20:22:05,708 [ERROR] ConfigurationRetriever:142 - IOException on connection: Read timed out
2023-09-12 20:22:05,890 [INFO] ApplicationProperties:184 - Using Application install path: /opt/st/stm32cubeide_1.13.1/plugins/com.st.stm32cube.common.mx_6.9.1.202307191849
2023-09-12 20:22:06,515 [INFO] ThirdPartyUpdaterWithRetryManager:70 - Updater plugin not ready yet. [2/15]
2023-09-12 20:22:07,995 [ERROR] ConfigurationRetriever:142 - IOException on connection: Read timed out
2023-09-12 20:22:08,675 [ERROR] ConfigurationRetriever:142 - IOException on connection: Read timed out
2023-09-12 20:22:08,675 [WARN] ServerAccessManage:1168 - Warning during Server Connection :  timeout Read timed out
2023-09-12 20:22:09,516 [FATAL] Updater:308 - Updater called before beeing initialized
2023-09-12 20:22:09,517 [ERROR] IntegrityCheckThread:130 - Cannot retrieve database content from updater: error 21
2023-09-12 20:22:09,518 [INFO] ThirdParty:978 - Integrity check success = false
2023-09-12 20:22:09,518 [INFO] IntegrityCheckThread:100 - exiting critical section [integrity check]
2023-09-12 20:22:09,518 [INFO] IntegrityCheckThread:103 - End integrity checks thread
2023-09-12 20:22:11,347 [WARN] ServerAccessManage:1168 - Warning during Server Connection :  timeout Read timed out
2023-09-12 20:22:11,351 [INFO] MainUpdater:2868 - connection check result : 22
2023-09-12 20:22:11,352 [INFO] MainUpdater:285 - Updater Check For Update Now.
2023-09-12 20:22:11,352 [INFO] MicroXplorer:498 - Change Database Version : DB.6.0.91
2023-09-12 20:22:11,356 [INFO] McuFinderGlobals:63 - Set McuFinder mode to 2 (CubeIDE integrated)
2023-09-12 20:22:11,356 [INFO] UserAuth:179 - activating auth plugin
2023-09-12 20:22:11,359 [INFO] UserAuth:393 - Internet connection configuration mode: 2
2023-09-12 20:22:11,623 [INFO] CheckServerUpdateThread:120 - End of CheckServer Thread
2023-09-12 20:22:15,435 [ERROR] ConfigurationRetriever:142 - IOException on connection: Read timed out
2023-09-12 20:22:21,127 [ERROR] ConfigurationRetriever:142 - IOException on connection: Read timed out
2023-09-12 20:22:32,198 [ERROR] LogOutputStream:75 - [STDERR_REDIRECT] SLF4J: Failed to load class "org.slf4j.impl.StaticLoggerBinder".
2023-09-12 20:22:32,198 [ERROR] LogOutputStream:75 - [STDERR_REDIRECT] SLF4J: Defaulting to no-operation (NOP) logger implementation
2023-09-12 20:22:32,198 [ERROR] LogOutputStream:75 - [STDERR_REDIRECT] SLF4J: See http://www.slf4j.org/codes.html#StaticLoggerBinder for further details.
2023-09-12 20:26:24,990 [ERROR] ConfigurationRetriever:142 - IOException on connection: Read timed out
2023-09-12 20:26:27,478 [ERROR] ConfigurationRetriever:142 - IOException on connection: Read timed out
2023-09-12 20:26:29,793 [ERROR] ConfigurationRetriever:142 - IOException on connection: Read timed out
2023-09-12 20:26:32,277 [ERROR] ConfigurationRetriever:142 - IOException on connection: Read timed out
2023-09-12 20:26:34,658 [ERROR] ConfigurationRetriever:142 - IOException on connection: Read timed out
2023-09-12 20:26:37,052 [ERROR] ConfigurationRetriever:142 - IOException on connection: Read timed out
2023-09-12 20:36:31,891 [ERROR] ConfigurationRetriever:142 - IOException on connection: Read timed out
2023-09-12 20:36:34,911 [ERROR] ConfigurationRetriever:142 - IOException on connection: Read timed out
2023-09-12 20:36:38,328 [ERROR] ConfigurationRetriever:142 - IOException on connection: Read timed out
2023-09-12 20:37:00,683 [ERROR] ConfigurationRetriever:142 - IOException on connection: Read timed out
2023-09-12 20:37:03,539 [ERROR] ConfigurationRetriever:142 - IOException on connection: Read timed out
2023-09-12 20:37:05,836 [ERROR] ConfigurationRetriever:142 - IOException on connection: Read timed out
2023-09-12 20:54:23,833 [INFO] McuFinderGlobals:63 - Set McuFinder mode to 2 (CubeIDE integrated)
2023-09-12 20:54:26,060 [WARN] ServerAccessManage:1168 - Warning during Server Connection :  timeout Read timed out
2023-09-12 20:54:27,621 [WARN] ServerAccessManage:1168 - Warning during Server Connection :  timeout Read timed out
2023-09-12 20:54:27,623 [INFO] MainUpdater:2868 - connection check result : 22
2023-09-12 20:54:35,386 [WARN] ServerAccessManage:1168 - Warning during Server Connection :  timeout Read timed out
2023-09-12 20:54:36,859 [WARN] ServerAccessManage:1168 - Warning during Server Connection :  timeout Read timed out
2023-09-12 20:54:36,860 [INFO] MainUpdater:2868 - connection check result : 22
2023-09-12 20:54:55,117 [INFO] ApiDb:581 - Connected to CubeFinder SQLite database (/home/meisam/.stmcufinder/plugins/mcufinder/mcu/cube-finder-db.db)
2023-09-12 20:54:55,292 [INFO] ApiDb:668 - CubeFinder database Data Model version=2.1
2023-09-12 20:54:55,292 [INFO] ApiDb:669 - CubeFinder database Configuration version=3.0.37
2023-09-12 20:54:55,293 [INFO] ApiDb:670 - CubeFinder database generation date=2023-08-09 (1691586011)
2023-09-12 20:54:55,293 [INFO] ApiDb:671 - CubeFinder database FW Pack versions=[FP-ATR-ASTRA1_V2.0.0, FP-SNS-FLIGHT1_V5.0.1, FP-SNS-FLIGHT1_V5.0.2, FP-SNS-MOTENV1_V4.3.1, FP-SNS-MOTENV1_V4.3.2, STM32Cube_FW_C0_V1.1.0, STM32Cube_FW_F4_V1.27.1, STM32Cube_FW_F7_V1.17.0, STM32Cube_FW_G0_V1.6.1, STM32Cube_FW_G4_V1.5.1, STM32Cube_FW_H5_V0.5.1, STM32Cube_FW_H5_V1.1.0, STM32Cube_FW_H7_V1.11.0, STM32Cube_FW_L0_V1.12.2, STM32Cube_FW_L5_V1.5.0, STM32Cube_FW_U5_V1.3.0, STM32Cube_FW_U5_V1.3.0RC4, STM32Cube_FW_WBA_V1.0.0RC1, STM32Cube_FW_WBA_V1.1.0, STM32Cube_FW_WBA_V1.1.0RC1, STM32Cube_FW_WB_V1.15.0RC1, STM32Cube_FW_WB_V1.16.0, STM32Cube_FW_WB_V1.16.0RC2, STM32Cube_FW_WB_V1.17.0, STM32Cube_FW_WL_V1.3.0, X-CUBE-ALGOBUILD_V1.3.0, X-CUBE-ALS_V1.0.1, X-CUBE-AZRTOS-F4_V1.1.0, X-CUBE-AZRTOS-F7_V1.1.0, X-CUBE-AZRTOS-G0_V1.1.0, X-CUBE-AZRTOS-G4_V2.0.0, X-CUBE-AZRTOS-H7_V3.1.0, X-CUBE-AZRTOS-L4_V1.0.0, X-CUBE-AZRTOS-L4_V2.0.0, X-CUBE-AZRTOS-L5_V1.1.0, X-CUBE-AZRTOS-WB_V1.1.0, X-CUBE-AZRTOS-WL_V2.0.0, X-CUBE-BLE1_V7.0.0, X-CUBE-BLE2_V3.3.0, X-CUBE-BLEMGR_V2.0.0, X-CUBE-EEPRMA1_V4.1.0, X-CUBE-FREERTOS_V1.1.0, X-CUBE-GNSS1_V6.0.0, X-CUBE-MEMS1_V9.1.0, X-CUBE-MEMS1_V9.4.0, X-CUBE-MEMS1_V9.6.0, X-CUBE-NFC4_V3.0.0, X-CUBE-NFC7_V1.0.0, X-CUBE-SFXS2LP1_V4.0.0, X-CUBE-SUBG2_V5.0.0, X-CUBE-TOF1_V3.3.1]
2023-09-12 20:54:55,954 [INFO] DbBoardsSqlite:226 - include board P-NUCLEO-WB55-NUCLEO as a kit item of type 'Nucleo-64'
2023-09-12 20:54:55,955 [INFO] DbBoardsSqlite:226 - include board P-NUCLEO-WB55-USBDONGLE as a kit item of type 'Nucleo USB Dongle'
2023-09-12 20:54:55,979 [INFO] DbBoardsSqlite:226 - include board STEVAL-IDP005V1 as a kit item of type 'Evaluation Board'
2023-09-12 20:54:55,981 [INFO] DbBoardsSqlite:226 - include board STEVAL-IDP005V2 as a kit item of type 'Evaluation Board'
2023-09-12 20:54:56,460 [INFO] ApiDb:240 - Found 323 in-development CPN: [B-G473E-ZEST1S, B-WB1M-WPAN1, B-WL5M-SUBG1, NUCLEO-C031C6, NUCLEO-H503RB, NUCLEO-H563ZI, NUCLEO-U545RE-Q, NUCLEO-U5A5ZJ-Q, NUCLEO-WBA52CG, STEVAL-PROTEUS1, STEVAL-SMARTAG2, STEVAL-STWINBX1, STM320518-EVAL, STM32C0116-DK, STM32C011D6Y3TR, STM32C011D6Y6TR, STM32C011F4P3, STM32C011F4P6, STM32C011F4U3, STM32C011F4U6TR, STM32C011F6P3, STM32C011F6P6, STM32C011F6U3, STM32C011F6U6TR, STM32C011J4M3, STM32C011J4M6, STM32C011J6M3, STM32C011J6M6, STM32C0316-DK, STM32C031C4T3, STM32C031C4T6, STM32C031C4U3, STM32C031C4U6, STM32C031C6T3, STM32C031C6T6, STM32C031C6U3, STM32C031C6U6, STM32C031F4P3, STM32C031F4P6, STM32C031F6P3, STM32C031F6P6, STM32C031G4U3, STM32C031G4U6, STM32C031G6U3, STM32C031G6U6, STM32C031K4T3, STM32C031K4T6, STM32C031K4U3, STM32C031K4U6, STM32C031K6T3, STM32C031K6T6, STM32C031K6U3, STM32C031K6U6, STM32G071K8TXN, STM32G071K8UXN, STM32G081GBU6N, STM32G081KBT6N, STM32G081KBUXN, STM32G0B1CCT6N, STM32G0B1KCT6, STM32G0B1NEY6TR, STM32G0B1RCT6N, STM32G0C1CCT6, STM32G0C1CCT6N, STM32G0C1CCU6N, STM32G0C1CET6N, STM32G0C1CEU6N, STM32G0C1KCT6, STM32G0C1NEY6TR, STM32G0C1RCI6N, STM32G0C1RCT6N, STM32G0C1REI6N, STM32G0C1RET6N, STM32G0C1VCI6, STM32G0C1VEI6, STM32G471CCT6, STM32G471CCU6, STM32G471CET3, STM32G471CET6, STM32G471CEU3, STM32G471CEU6, STM32G471MCT6, STM32G471MET3, STM32G471MET6, STM32G471MEY6TR, STM32G471QCT6, STM32G471QET3, STM32G471RCT6, STM32G471RET3, STM32G471RET6, STM32G471VCH6, STM32G471VCI6, STM32G471VCT6, STM32G471VEH3, STM32G471VEH6, STM32G471VEI3, STM32G471VEI6, STM32G471VET3, STM32G471VET6, STM32G474CCT6, STM32H503CBT6, STM32H503CBU6, STM32H503EBY6TR, STM32H503KBU6, STM32H503RBT6, STM32H562AGI6, STM32H562AII6, STM32H562IGK6, STM32H562IGT6, STM32H562IIK6, STM32H562IIT6, STM32H562RGT6, STM32H562RGV6, STM32H562RIT6, STM32H562RIV6, STM32H562VGT6, STM32H562VIT6, STM32H562ZGT6, STM32H562ZIT6, STM32H563AGI6, STM32H563AII3Q, STM32H563AII6, STM32H563IGK6, STM32H563IGT6, STM32H563IIK3Q, STM32H563IIK6, STM32H563IIT3Q, STM32H563IIT6, STM32H563MIY3QTR, STM32H563RGT6, STM32H563RGV6, STM32H563RIT6, STM32H563RIV6, STM32H563VGT6, STM32H563VIT3Q, STM32H563VIT6, STM32H563ZGT6, STM32H563ZIT3Q, STM32H563ZIT6, STM32H573AII3Q, STM32H573AII6, STM32H573I-DK, STM32H573IIK3Q, STM32H573IIK6, STM32H573IIT3Q, STM32H573IIT6, STM32H573MIY3QTR, STM32H573RIT6, STM32H573RIV6, STM32H573VIT3Q, STM32H573VIT6, STM32H573ZIT3Q, STM32H573ZIT6, STM32L4R5QGI6STR, STM32MP131AAE3, STM32MP131AAF3, STM32MP131AAG3, STM32MP131CAE3, STM32MP131CAF3, STM32MP131CAG3, STM32MP131DAE7, STM32MP131DAF7, STM32MP131DAG7, STM32MP131FAE7, STM32MP131FAF7, STM32MP131FAG7, STM32MP133AAE3, STM32MP133AAF3, STM32MP133AAG3, STM32MP133CAE3, STM32MP133CAF3, STM32MP133CAG3, STM32MP133DAE7, STM32MP133DAF7, STM32MP133DAG7, STM32MP133FAE7, STM32MP133FAF7, STM32MP133FAG7, STM32MP135AAE3, STM32MP135AAF3, STM32MP135AAG3, STM32MP135CAE3, STM32MP135CAF3, STM32MP135CAG3, STM32MP135DAE7, STM32MP135DAF7, STM32MP135DAG7, STM32MP135F-DK, STM32MP135FAE7, STM32MP135FAF7, STM32MP135FAF7T, STM32MP135FAF7U, STM32MP135FAG7, STM32U535CBT6, STM32U535CBT6Q, STM32U535CBU6, STM32U535CBU6Q, STM32U535CCT6, STM32U535CCT6Q, STM32U535CCU6, STM32U535CCU6Q, STM32U535CET6, STM32U535CET6Q, STM32U535CEU6, STM32U535CEU6Q, STM32U535JEY6QTR, STM32U535NCY6QTR, STM32U535NEY6QTR, STM32U535RBI6, STM32U535RBI6Q, STM32U535RBT6, STM32U535RBT6Q, STM32U535RCI6, STM32U535RCI6Q, STM32U535RCT6, STM32U535RCT6Q, STM32U535REI6, STM32U535REI6Q, STM32U535RET6, STM32U535RET6Q, STM32U535VCI6, STM32U535VCI6Q, STM32U535VCT6, STM32U535VCT6Q, STM32U535VEI6, STM32U535VEI6Q, STM32U535VET6, STM32U535VET6Q, STM32U545CET6, STM32U545CET6Q, STM32U545CEU6, STM32U545CEU6Q, STM32U545JEY6QTR, STM32U545NEY6QTR, STM32U545REI6, STM32U545REI6Q, STM32U545RET6, STM32U545RET6Q, STM32U545VEI6, STM32U545VEI6Q, STM32U545VET6, STM32U545VET6Q, STM32U595AIH6, STM32U595AIH6Q, STM32U595AJH6, STM32U595AJH6Q, STM32U595QII6, STM32U595QII6Q, STM32U595QJI6, STM32U595QJI6Q, STM32U595RIT6, STM32U595RIT6Q, STM32U595RJT6, STM32U595RJT6Q, STM32U595VIT6, STM32U595VIT6Q, STM32U595VJT6, STM32U595VJT6Q, STM32U595ZIT6, STM32U595ZIT6Q, STM32U595ZIY6QTR, STM32U595ZJT6, STM32U595ZJT6Q, STM32U595ZJY6QTR, STM32U599BJY6QTR, STM32U599NIH6Q, STM32U599NJH6Q, STM32U599VIT6Q, STM32U599VJT6, STM32U599VJT6Q, STM32U599ZIT6Q, STM32U599ZIY6QTR, STM32U599ZJT6Q, STM32U599ZJY6QTR, STM32U5A5AJH6, STM32U5A5AJH6Q, STM32U5A5QJI6, STM32U5A5QJI6Q, STM32U5A5RJT6, STM32U5A5RJT6Q, STM32U5A5VJT6, STM32U5A5VJT6Q, STM32U5A5ZJT6, STM32U5A5ZJT6Q, STM32U5A5ZJY6QTR, STM32U5A9BJY6QTR, STM32U5A9J-DK, STM32U5A9NJH6Q, STM32U5A9VJT6Q, STM32U5A9ZJT6Q, STM32U5A9ZJY6QTR, STM32U5F7VIT6, STM32U5F7VIT6Q, STM32U5F7VJT6, STM32U5F7VJT6Q, STM32U5F9BJY6QTR, STM32U5F9NJH6Q, STM32U5F9VIT6Q, STM32U5F9VJT6Q, STM32U5F9ZIJ6QTR, STM32U5F9ZIT6Q, STM32U5F9ZJJ6QTR, STM32U5F9ZJT6Q, STM32U5G7VJT6, STM32U5G7VJT6Q, STM32U5G9BJY6QTR, STM32U5G9J-DK1, STM32U5G9J-DK2, STM32U5G9NJH6Q, STM32U5G9VJT6Q, STM32U5G9ZJJ6QTR, STM32U5G9ZJT6Q, STM32WB1MMCH6, STM32WBA52CEU6, STM32WBA52CEU6T, STM32WBA52CGU6, STM32WBA52CGU6T, STM32WBA52KEU6, STM32WBA52KEU6T, STM32WBA52KGU6, STM32WBA52KGU6T, STM32WL5MOCH6, STM32WL5MOCH6TR]
2023-09-12 20:54:56,593 [INFO] BoardInfo:880 - No configuration file found for board P-NUCLEO-WB55
2023-09-12 20:54:56,593 [INFO] DbBoards:157 - Kit is not supported: P-NUCLEO-WB55
2023-09-12 20:54:56,597 [INFO] BoardInfo:880 - No configuration file found for board STEVAL-BFA001V1B
2023-09-12 20:54:56,597 [INFO] DbBoards:157 - Kit is not supported: STEVAL-BFA001V1B
2023-09-12 20:54:56,598 [INFO] BoardInfo:880 - No configuration file found for board STEVAL-BFA001V2B
2023-09-12 20:54:56,598 [INFO] DbBoards:157 - Kit is not supported: STEVAL-BFA001V2B
2023-09-12 20:54:56,702 [INFO] DbBoards:161 - Found 190 boards, 187 are supported
2023-09-12 20:54:56,719 [INFO] ApiDb:668 - CubeFinder database Data Model version=2.1
2023-09-12 20:54:56,720 [INFO] ApiDb:669 - CubeFinder database Configuration version=3.0.37
2023-09-12 20:54:56,720 [INFO] ApiDb:670 - CubeFinder database generation date=2023-08-09 (1691586011)
2023-09-12 20:54:56,720 [INFO] ApiDb:671 - CubeFinder database FW Pack versions=[FP-ATR-ASTRA1_V2.0.0, FP-SNS-FLIGHT1_V5.0.1, FP-SNS-FLIGHT1_V5.0.2, FP-SNS-MOTENV1_V4.3.1, FP-SNS-MOTENV1_V4.3.2, STM32Cube_FW_C0_V1.1.0, STM32Cube_FW_F4_V1.27.1, STM32Cube_FW_F7_V1.17.0, STM32Cube_FW_G0_V1.6.1, STM32Cube_FW_G4_V1.5.1, STM32Cube_FW_H5_V0.5.1, STM32Cube_FW_H5_V1.1.0, STM32Cube_FW_H7_V1.11.0, STM32Cube_FW_L0_V1.12.2, STM32Cube_FW_L5_V1.5.0, STM32Cube_FW_U5_V1.3.0, STM32Cube_FW_U5_V1.3.0RC4, STM32Cube_FW_WBA_V1.0.0RC1, STM32Cube_FW_WBA_V1.1.0, STM32Cube_FW_WBA_V1.1.0RC1, STM32Cube_FW_WB_V1.15.0RC1, STM32Cube_FW_WB_V1.16.0, STM32Cube_FW_WB_V1.16.0RC2, STM32Cube_FW_WB_V1.17.0, STM32Cube_FW_WL_V1.3.0, X-CUBE-ALGOBUILD_V1.3.0, X-CUBE-ALS_V1.0.1, X-CUBE-AZRTOS-F4_V1.1.0, X-CUBE-AZRTOS-F7_V1.1.0, X-CUBE-AZRTOS-G0_V1.1.0, X-CUBE-AZRTOS-G4_V2.0.0, X-CUBE-AZRTOS-H7_V3.1.0, X-CUBE-AZRTOS-L4_V1.0.0, X-CUBE-AZRTOS-L4_V2.0.0, X-CUBE-AZRTOS-L5_V1.1.0, X-CUBE-AZRTOS-WB_V1.1.0, X-CUBE-AZRTOS-WL_V2.0.0, X-CUBE-BLE1_V7.0.0, X-CUBE-BLE2_V3.3.0, X-CUBE-BLEMGR_V2.0.0, X-CUBE-EEPRMA1_V4.1.0, X-CUBE-FREERTOS_V1.1.0, X-CUBE-GNSS1_V6.0.0, X-CUBE-MEMS1_V9.1.0, X-CUBE-MEMS1_V9.4.0, X-CUBE-MEMS1_V9.6.0, X-CUBE-NFC4_V3.0.0, X-CUBE-NFC7_V1.0.0, X-CUBE-SFXS2LP1_V4.0.0, X-CUBE-SUBG2_V5.0.0, X-CUBE-TOF1_V3.3.1]
2023-09-12 20:54:58,836 [INFO] ApiDb:240 - Found 323 in-development CPN: [B-G473E-ZEST1S, B-WB1M-WPAN1, B-WL5M-SUBG1, NUCLEO-C031C6, NUCLEO-H503RB, NUCLEO-H563ZI, NUCLEO-U545RE-Q, NUCLEO-U5A5ZJ-Q, NUCLEO-WBA52CG, STEVAL-PROTEUS1, STEVAL-SMARTAG2, STEVAL-STWINBX1, STM320518-EVAL, STM32C0116-DK, STM32C011D6Y3TR, STM32C011D6Y6TR, STM32C011F4P3, STM32C011F4P6, STM32C011F4U3, STM32C011F4U6TR, STM32C011F6P3, STM32C011F6P6, STM32C011F6U3, STM32C011F6U6TR, STM32C011J4M3, STM32C011J4M6, STM32C011J6M3, STM32C011J6M6, STM32C0316-DK, STM32C031C4T3, STM32C031C4T6, STM32C031C4U3, STM32C031C4U6, STM32C031C6T3, STM32C031C6T6, STM32C031C6U3, STM32C031C6U6, STM32C031F4P3, STM32C031F4P6, STM32C031F6P3, STM32C031F6P6, STM32C031G4U3, STM32C031G4U6, STM32C031G6U3, STM32C031G6U6, STM32C031K4T3, STM32C031K4T6, STM32C031K4U3, STM32C031K4U6, STM32C031K6T3, STM32C031K6T6, STM32C031K6U3, STM32C031K6U6, STM32G071K8TXN, STM32G071K8UXN, STM32G081GBU6N, STM32G081KBT6N, STM32G081KBUXN, STM32G0B1CCT6N, STM32G0B1KCT6, STM32G0B1NEY6TR, STM32G0B1RCT6N, STM32G0C1CCT6, STM32G0C1CCT6N, STM32G0C1CCU6N, STM32G0C1CET6N, STM32G0C1CEU6N, STM32G0C1KCT6, STM32G0C1NEY6TR, STM32G0C1RCI6N, STM32G0C1RCT6N, STM32G0C1REI6N, STM32G0C1RET6N, STM32G0C1VCI6, STM32G0C1VEI6, STM32G471CCT6, STM32G471CCU6, STM32G471CET3, STM32G471CET6, STM32G471CEU3, STM32G471CEU6, STM32G471MCT6, STM32G471MET3, STM32G471MET6, STM32G471MEY6TR, STM32G471QCT6, STM32G471QET3, STM32G471RCT6, STM32G471RET3, STM32G471RET6, STM32G471VCH6, STM32G471VCI6, STM32G471VCT6, STM32G471VEH3, STM32G471VEH6, STM32G471VEI3, STM32G471VEI6, STM32G471VET3, STM32G471VET6, STM32G474CCT6, STM32H503CBT6, STM32H503CBU6, STM32H503EBY6TR, STM32H503KBU6, STM32H503RBT6, STM32H562AGI6, STM32H562AII6, STM32H562IGK6, STM32H562IGT6, STM32H562IIK6, STM32H562IIT6, STM32H562RGT6, STM32H562RGV6, STM32H562RIT6, STM32H562RIV6, STM32H562VGT6, STM32H562VIT6, STM32H562ZGT6, STM32H562ZIT6, STM32H563AGI6, STM32H563AII3Q, STM32H563AII6, STM32H563IGK6, STM32H563IGT6, STM32H563IIK3Q, STM32H563IIK6, STM32H563IIT3Q, STM32H563IIT6, STM32H563MIY3QTR, STM32H563RGT6, STM32H563RGV6, STM32H563RIT6, STM32H563RIV6, STM32H563VGT6, STM32H563VIT3Q, STM32H563VIT6, STM32H563ZGT6, STM32H563ZIT3Q, STM32H563ZIT6, STM32H573AII3Q, STM32H573AII6, STM32H573I-DK, STM32H573IIK3Q, STM32H573IIK6, STM32H573IIT3Q, STM32H573IIT6, STM32H573MIY3QTR, STM32H573RIT6, STM32H573RIV6, STM32H573VIT3Q, STM32H573VIT6, STM32H573ZIT3Q, STM32H573ZIT6, STM32L4R5QGI6STR, STM32MP131AAE3, STM32MP131AAF3, STM32MP131AAG3, STM32MP131CAE3, STM32MP131CAF3, STM32MP131CAG3, STM32MP131DAE7, STM32MP131DAF7, STM32MP131DAG7, STM32MP131FAE7, STM32MP131FAF7, STM32MP131FAG7, STM32MP133AAE3, STM32MP133AAF3, STM32MP133AAG3, STM32MP133CAE3, STM32MP133CAF3, STM32MP133CAG3, STM32MP133DAE7, STM32MP133DAF7, STM32MP133DAG7, STM32MP133FAE7, STM32MP133FAF7, STM32MP133FAG7, STM32MP135AAE3, STM32MP135AAF3, STM32MP135AAG3, STM32MP135CAE3, STM32MP135CAF3, STM32MP135CAG3, STM32MP135DAE7, STM32MP135DAF7, STM32MP135DAG7, STM32MP135F-DK, STM32MP135FAE7, STM32MP135FAF7, STM32MP135FAF7T, STM32MP135FAF7U, STM32MP135FAG7, STM32U535CBT6, STM32U535CBT6Q, STM32U535CBU6, STM32U535CBU6Q, STM32U535CCT6, STM32U535CCT6Q, STM32U535CCU6, STM32U535CCU6Q, STM32U535CET6, STM32U535CET6Q, STM32U535CEU6, STM32U535CEU6Q, STM32U535JEY6QTR, STM32U535NCY6QTR, STM32U535NEY6QTR, STM32U535RBI6, STM32U535RBI6Q, STM32U535RBT6, STM32U535RBT6Q, STM32U535RCI6, STM32U535RCI6Q, STM32U535RCT6, STM32U535RCT6Q, STM32U535REI6, STM32U535REI6Q, STM32U535RET6, STM32U535RET6Q, STM32U535VCI6, STM32U535VCI6Q, STM32U535VCT6, STM32U535VCT6Q, STM32U535VEI6, STM32U535VEI6Q, STM32U535VET6, STM32U535VET6Q, STM32U545CET6, STM32U545CET6Q, STM32U545CEU6, STM32U545CEU6Q, STM32U545JEY6QTR, STM32U545NEY6QTR, STM32U545REI6, STM32U545REI6Q, STM32U545RET6, STM32U545RET6Q, STM32U545VEI6, STM32U545VEI6Q, STM32U545VET6, STM32U545VET6Q, STM32U595AIH6, STM32U595AIH6Q, STM32U595AJH6, STM32U595AJH6Q, STM32U595QII6, STM32U595QII6Q, STM32U595QJI6, STM32U595QJI6Q, STM32U595RIT6, STM32U595RIT6Q, STM32U595RJT6, STM32U595RJT6Q, STM32U595VIT6, STM32U595VIT6Q, STM32U595VJT6, STM32U595VJT6Q, STM32U595ZIT6, STM32U595ZIT6Q, STM32U595ZIY6QTR, STM32U595ZJT6, STM32U595ZJT6Q, STM32U595ZJY6QTR, STM32U599BJY6QTR, STM32U599NIH6Q, STM32U599NJH6Q, STM32U599VIT6Q, STM32U599VJT6, STM32U599VJT6Q, STM32U599ZIT6Q, STM32U599ZIY6QTR, STM32U599ZJT6Q, STM32U599ZJY6QTR, STM32U5A5AJH6, STM32U5A5AJH6Q, STM32U5A5QJI6, STM32U5A5QJI6Q, STM32U5A5RJT6, STM32U5A5RJT6Q, STM32U5A5VJT6, STM32U5A5VJT6Q, STM32U5A5ZJT6, STM32U5A5ZJT6Q, STM32U5A5ZJY6QTR, STM32U5A9BJY6QTR, STM32U5A9J-DK, STM32U5A9NJH6Q, STM32U5A9VJT6Q, STM32U5A9ZJT6Q, STM32U5A9ZJY6QTR, STM32U5F7VIT6, STM32U5F7VIT6Q, STM32U5F7VJT6, STM32U5F7VJT6Q, STM32U5F9BJY6QTR, STM32U5F9NJH6Q, STM32U5F9VIT6Q, STM32U5F9VJT6Q, STM32U5F9ZIJ6QTR, STM32U5F9ZIT6Q, STM32U5F9ZJJ6QTR, STM32U5F9ZJT6Q, STM32U5G7VJT6, STM32U5G7VJT6Q, STM32U5G9BJY6QTR, STM32U5G9J-DK1, STM32U5G9J-DK2, STM32U5G9NJH6Q, STM32U5G9VJT6Q, STM32U5G9ZJJ6QTR, STM32U5G9ZJT6Q, STM32WB1MMCH6, STM32WBA52CEU6, STM32WBA52CEU6T, STM32WBA52CGU6, STM32WBA52CGU6T, STM32WBA52KEU6, STM32WBA52KEU6T, STM32WBA52KGU6, STM32WBA52KGU6T, STM32WL5MOCH6, STM32WL5MOCH6TR]
2023-09-12 20:54:58,839 [INFO] DbMcus:217 - Found 3848 MCUs, 3848 are supported
2023-09-12 20:54:58,851 [INFO] ApiDb:423 - Load user favorites file /home/meisam/.stm32cubeide/favorites.mcus.txt: 0 item(s)
2023-09-12 20:54:58,851 [INFO] ApiDb:427 - User favorites MCUs=[]
2023-09-12 20:54:58,851 [INFO] DbMcus:223 - Set 0 / 0 favorites MCUs
2023-09-12 20:54:59,120 [INFO] ApiDb:423 - Load user favorites file /home/meisam/.stm32cubeide/favorites.boards.txt: 0 item(s)
2023-09-12 20:54:59,120 [INFO] ApiDb:427 - User favorites Boards=[]
2023-09-12 20:54:59,121 [INFO] DbBoards:190 - Set 0 / 0 favorites Boards
2023-09-12 20:54:59,121 [INFO] McuFinderGlobals:76 - Set McuFinderConnectedMode to false
2023-09-12 20:54:59,132 [INFO] MultiScanPanel:200 - Auto-refresh data requested => check proxy status ongoing
2023-09-12 20:54:59,132 [INFO] MultiScanPanel:204 - Proxy status is invalid
2023-09-12 20:54:59,144 [INFO] FinderPluginLoader:95 - Searching for filters in installed packs
2023-09-12 20:55:00,709 [INFO] DetailPanel:341 - Set advertising image to /home/meisam/STM32Cube/Repository//en.prom-stm32h5-mcu-finder.jpg
2023-09-12 20:55:06,258 [INFO] MultiScanPanel:200 - Auto-refresh data requested => check proxy status ongoing
2023-09-12 20:55:06,258 [INFO] MultiScanPanel:204 - Proxy status is invalid
2023-09-12 20:55:06,404 [INFO] DetailPanel:341 - Set advertising image to /home/meisam/STM32Cube/Repository//en.prom-stm32h5-mcu-finder.jpg
2023-09-12 20:55:06,417 [INFO] DbBoards:634 - Loading board mini-images...
2023-09-12 20:55:09,398 [ERROR] DbBoards:651 - Image file not found for board STM32U5G9J-DK1: /home/meisam/.stmcufinder/plugins/mcufinder//mcu//boards_images/STM32U5G9J-DK1.jpg
2023-09-12 20:55:09,398 [ERROR] DbBoards:651 - Image file not found for board STM32U5G9J-DK2: /home/meisam/.stmcufinder/plugins/mcufinder//mcu//boards_images/STM32U5G9J-DK2.jpg
2023-09-12 20:55:09,424 [INFO] DbBoards:657 - Loaded 188 board mini-images
2023-09-12 20:55:50,457 [INFO] McuFinderGlobals:76 - Set McuFinderConnectedMode to true
2023-09-12 20:55:50,470 [INFO] ApiDb:448 - Save user favorites file /home/meisam/.stm32cubeide/favorites.mcus.txt: 0 item(s)
2023-09-12 20:55:50,470 [INFO] ApiDb:452 - User favorites MCUs=[]
2023-09-12 20:55:50,473 [INFO] ApiDb:448 - Save user favorites file /home/meisam/.stm32cubeide/favorites.boards.txt: 0 item(s)
2023-09-12 20:55:50,473 [INFO] ApiDb:452 - User favorites Boards=[]
2023-09-12 20:55:52,958 [ERROR] ConfigurationRetriever:142 - IOException on connection: Read timed out
2023-09-12 20:55:55,298 [ERROR] ConfigurationRetriever:142 - IOException on connection: Read timed out
2023-09-12 20:55:57,703 [ERROR] ConfigurationRetriever:142 - IOException on connection: Read timed out
2023-09-12 21:01:28,411 [ERROR] ConfigurationRetriever:142 - IOException on connection: Read timed out
2023-09-12 21:01:30,825 [ERROR] ConfigurationRetriever:142 - IOException on connection: Read timed out
2023-09-12 21:01:33,167 [ERROR] ConfigurationRetriever:142 - IOException on connection: Read timed out
2023-09-12 21:21:24,915 [ERROR] ConfigurationRetriever:142 - IOException on connection: Read timed out
2023-09-12 21:21:27,214 [ERROR] ConfigurationRetriever:142 - IOException on connection: Read timed out
2023-09-12 21:21:29,543 [ERROR] ConfigurationRetriever:142 - IOException on connection: Read timed out
2023-09-12 21:21:45,935 [ERROR] ConfigurationRetriever:142 - IOException on connection: Read timed out
2023-09-12 21:21:48,242 [ERROR] ConfigurationRetriever:142 - IOException on connection: Read timed out
2023-09-12 21:21:50,536 [ERROR] ConfigurationRetriever:142 - IOException on connection: Read timed out
2023-09-12 23:41:35,444 [INFO] McuFinderGlobals:76 - Set McuFinderConnectedMode to false
2023-09-12 23:41:35,445 [INFO] MultiScanPanel:200 - Auto-refresh data requested => check proxy status ongoing
2023-09-12 23:41:35,445 [INFO] MultiScanPanel:204 - Proxy status is invalid
2023-09-12 23:41:35,445 [INFO] FinderPluginLoader:95 - Searching for filters in installed packs
2023-09-12 23:41:36,594 [INFO] DetailPanel:341 - Set advertising image to /home/meisam/STM32Cube/Repository//en.prom-stm32h5-mcu-finder.jpg
2023-09-12 23:41:42,713 [INFO] MultiScanPanel:200 - Auto-refresh data requested => check proxy status ongoing
2023-09-12 23:41:42,713 [INFO] MultiScanPanel:204 - Proxy status is invalid
2023-09-12 23:41:42,766 [INFO] DetailPanel:341 - Set advertising image to /home/meisam/STM32Cube/Repository//en.prom-stm32h5-mcu-finder.jpg
2023-09-12 23:42:07,711 [INFO] McuFinderGlobals:76 - Set McuFinderConnectedMode to true
2023-09-12 23:42:07,713 [INFO] ApiDb:448 - Save user favorites file /home/meisam/.stm32cubeide/favorites.mcus.txt: 0 item(s)
2023-09-12 23:42:07,713 [INFO] ApiDb:452 - User favorites MCUs=[]
2023-09-12 23:42:07,714 [INFO] ApiDb:448 - Save user favorites file /home/meisam/.stm32cubeide/favorites.boards.txt: 0 item(s)
2023-09-12 23:42:07,714 [INFO] ApiDb:452 - User favorites Boards=[]
