2023-09-12 20:21:49,083 [INFO] Activator:176 - 


2023-09-12 20:21:49,099 [INFO] Activator:177 - !SESSION log4j initialized
2023-09-12 20:21:59,557 [INFO] LogOutputStream:77 - [STDOUT_REDIRECT] 
2023-09-12 20:22:01,190 [INFO] ApplicationProperties:184 - Using Application install path: /opt/st/stm32cubeide_1.13.1/plugins/com.st.stm32cube.common.mx_6.9.1.202307191849
2023-09-12 20:22:01,226 [INFO] DbMcusXml:78 - Set database path to: /opt/st/stm32cubeide_1.13.1/plugins/com.st.stm32cube.common.mx_6.9.1.202307191849//db//mcu/
2023-09-12 20:22:01,227 [INFO] ApiDb:274 - Set plugin database path to: /opt/st/stm32cubeide_1.13.1/plugins/com.st.stm32cube.common.mx_6.9.1.202307191849//db//plugins/boardmanager/
2023-09-12 20:22:01,227 [WARN] ApiDb:259 - Overriding images path with different value:  => /opt/st/stm32cubeide_1.13.1/plugins/com.st.stm32cube.common.mx_6.9.1.202307191849//db//plugins/mcufinder/images/
2023-09-12 20:22:01,276 [INFO] ApiDb:250 - Set database path to: /home/meisam/.stmcufinder/plugins/mcufinder//mcu/
2023-09-12 20:22:01,277 [INFO] DbMcusAds:125 - Set database path to: /home/meisam/.stmcufinder/plugins/mcufinder//mcu/
2023-09-12 20:22:01,280 [INFO] CrossReferenceDbSqlite:203 - Set database path to: /home/meisam/.stmcufinder/plugins/mcufinder//mcu/cs/
2023-09-12 20:22:01,492 [INFO] RulesReader:64 - Compatibility file has been processed (293 Rules)
2023-09-12 20:22:01,681 [INFO] DbMcusXml:78 - Set database path to: /opt/st/stm32cubeide_1.13.1/plugins/com.st.stm32cube.common.mx_6.9.1.202307191849//db//mcu/
2023-09-12 20:22:01,681 [INFO] ApiDb:274 - Set plugin database path to: /opt/st/stm32cubeide_1.13.1/plugins/com.st.stm32cube.common.mx_6.9.1.202307191849//db//plugins/boardmanager/
2023-09-12 20:22:01,681 [INFO] ApiDb:261 - Set plugin images path to: /opt/st/stm32cubeide_1.13.1/plugins/com.st.stm32cube.common.mx_6.9.1.202307191849//db//plugins/mcufinder/images/
2023-09-12 20:22:01,682 [WARN] DbFile:41 - Overriding database path with different value: /home/meisam/.stmcufinder/plugins/mcufinder/ => /home/meisam/.stmcufinder/plugins/mcufinder
2023-09-12 20:22:01,682 [INFO] ApiDb:250 - Set database path to: /home/meisam/.stmcufinder/plugins/mcufinder//mcu/
2023-09-12 20:22:01,682 [WARN] DbFile:41 - Overriding database path with different value: /home/meisam/.stmcufinder/plugins/mcufinder/ => /home/meisam/.stmcufinder/plugins/mcufinder
2023-09-12 20:22:01,682 [INFO] DbMcusAds:125 - Set database path to: /home/meisam/.stmcufinder/plugins/mcufinder//mcu/
2023-09-12 20:22:01,682 [WARN] DbFile:41 - Overriding database path with different value: /home/meisam/.stmcufinder/plugins/mcufinder/ => /home/meisam/.stmcufinder/plugins/mcufinder
2023-09-12 20:22:01,683 [WARN] DbFile:41 - Overriding database path with different value: /home/meisam/.stmcufinder/plugins/mcufinder/ => /home/meisam/.stmcufinder/plugins/mcufinder
2023-09-12 20:22:01,683 [INFO] CrossReferenceDbSqlite:203 - Set database path to: /home/meisam/.stmcufinder/plugins/mcufinder//mcu/cs/
2023-09-12 20:22:01,849 [INFO] MainPanel:262 - HeapMemory: 268435456
2023-09-12 20:22:02,023 [INFO] DbMcusXml:78 - Set database path to: /opt/st/stm32cubeide_1.13.1/plugins/com.st.stm32cube.common.mx_6.9.1.202307191849//db//mcu/
2023-09-12 20:22:02,024 [INFO] ApiDb:274 - Set plugin database path to: /opt/st/stm32cubeide_1.13.1/plugins/com.st.stm32cube.common.mx_6.9.1.202307191849//db//plugins/boardmanager/
2023-09-12 20:22:02,024 [INFO] ApiDb:261 - Set plugin images path to: /opt/st/stm32cubeide_1.13.1/plugins/com.st.stm32cube.common.mx_6.9.1.202307191849//db//plugins/mcufinder/images/
2023-09-12 20:22:02,027 [WARN] DbFile:41 - Overriding database path with different value: /home/meisam/.stmcufinder/plugins/mcufinder/ => /home/meisam/.stmcufinder/plugins/mcufinder
2023-09-12 20:22:02,027 [INFO] ApiDb:250 - Set database path to: /home/meisam/.stmcufinder/plugins/mcufinder//mcu/
2023-09-12 20:22:02,027 [WARN] DbFile:41 - Overriding database path with different value: /home/meisam/.stmcufinder/plugins/mcufinder/ => /home/meisam/.stmcufinder/plugins/mcufinder
2023-09-12 20:22:02,027 [INFO] DbMcusAds:125 - Set database path to: /home/meisam/.stmcufinder/plugins/mcufinder//mcu/
2023-09-12 20:22:02,027 [WARN] DbFile:41 - Overriding database path with different value: /home/meisam/.stmcufinder/plugins/mcufinder/ => /home/meisam/.stmcufinder/plugins/mcufinder
2023-09-12 20:22:02,027 [WARN] DbFile:41 - Overriding database path with different value: /home/meisam/.stmcufinder/plugins/mcufinder/ => /home/meisam/.stmcufinder/plugins/mcufinder
2023-09-12 20:22:02,027 [INFO] CrossReferenceDbSqlite:203 - Set database path to: /home/meisam/.stmcufinder/plugins/mcufinder//mcu/cs/
2023-09-12 20:22:02,042 [INFO] ApplicationProperties:184 - Using Application install path: /opt/st/stm32cubeide_1.13.1/plugins/com.st.stm32cube.common.mx_6.9.1.202307191849
2023-09-12 20:22:02,043 [INFO] PluginManage:196 - Search for loadable plugins [exclusion list=, ]
2023-09-12 20:22:02,053 [INFO] PluginManage:310 - Check plugin analytics
2023-09-12 20:22:02,263 [INFO] AnalyticsPlugin:253 - Accepted Software Licenses: 
2023-09-12 20:22:02,264 [INFO] AnalyticsPlugin:255 - Accepted CMSIS Pack Licenses: 
2023-09-12 20:22:02,264 [INFO] AnalyticsPlugin:257 - Accepted Firmware Licenses: 
2023-09-12 20:22:02,266 [INFO] PluginManage:359 - Loaded plugin analytics (category:tool,tabindex:-1)
2023-09-12 20:22:02,266 [INFO] PluginManage:310 - Check plugin cadmodel
2023-09-12 20:22:02,411 [INFO] CADModel:105 - Init CAD model plugin
2023-09-12 20:22:02,412 [INFO] PluginManage:359 - Loaded plugin cadmodel (category:power,tabindex:5)
2023-09-12 20:22:02,412 [INFO] PluginManage:310 - Check plugin clock
2023-09-12 20:22:02,441 [INFO] PluginManage:359 - Loaded plugin clock (category:base,tabindex:2)
2023-09-12 20:22:02,441 [INFO] PluginManage:310 - Check plugin ddr
2023-09-12 20:22:02,453 [INFO] PluginManage:359 - Loaded plugin ddr (category:tool,tabindex:6)
2023-09-12 20:22:02,453 [INFO] PluginManage:310 - Check plugin filemanager
2023-09-12 20:22:02,764 [INFO] PluginManage:359 - Loaded plugin filemanager (category:base,tabindex:10)
2023-09-12 20:22:02,764 [INFO] PluginManage:310 - Check plugin ipmanager
2023-09-12 20:22:02,796 [INFO] PluginManage:359 - Loaded plugin ipmanager (category:base,tabindex:5)
2023-09-12 20:22:02,796 [INFO] PluginManage:310 - Check plugin lpbam
2023-09-12 20:22:02,820 [INFO] PluginManage:359 - Loaded plugin lpbam (category:base,tabindex:0)
2023-09-12 20:22:02,821 [INFO] PluginManage:310 - Check plugin memorymap
2023-09-12 20:22:02,853 [INFO] PluginManage:359 - Loaded plugin memorymap (category:base,tabindex:4)
2023-09-12 20:22:02,853 [INFO] PluginManage:310 - Check plugin pinoutandconfiguration
2023-09-12 20:22:02,883 [INFO] PluginManage:359 - Loaded plugin pinoutandconfiguration (category:base,tabindex:1)
2023-09-12 20:22:02,884 [INFO] PluginManage:310 - Check plugin pinoutconfig
2023-09-12 20:22:03,037 [WARN] SupportedApi:132 - Cannot load RTOS API schema: s4s-elt-must-match.1: The content of 'definitions' must match (annotation?, (simpleType | complexType)?, (unique | key | keyref)*)). A problem was found starting at: attribute.
2023-09-12 20:22:03,050 [ERROR] ConfigurationRetriever:142 - IOException on connection: Read timed out
2023-09-12 20:22:03,209 [INFO] PluginManage:359 - Loaded plugin pinoutconfig (category:base,tabindex:0)
2023-09-12 20:22:03,209 [INFO] PluginManage:310 - Check plugin power
2023-09-12 20:22:03,267 [INFO] PluginManage:359 - Loaded plugin power (category:power,tabindex:4)
2023-09-12 20:22:03,267 [INFO] PluginManage:310 - Check plugin projectmanager
2023-09-12 20:22:03,290 [INFO] PluginManage:359 - Loaded plugin projectmanager (category:projectmanager,tabindex:3)
2023-09-12 20:22:03,290 [INFO] PluginManage:310 - Check plugin thirdparty
2023-09-12 20:22:03,514 [INFO] PluginManage:359 - Loaded plugin thirdparty (category:base,tabindex:-1)
2023-09-12 20:22:03,514 [WARN] IntegrityCheckThread:84 - waiting for thirdparty lock release [integrity check]
2023-09-12 20:22:03,514 [INFO] PluginManage:310 - Check plugin tools
2023-09-12 20:22:03,514 [INFO] IntegrityCheckThread:86 - entering critical section [integrity check]
2023-09-12 20:22:03,515 [INFO] ThirdPartyUpdaterWithRetryManager:70 - Updater plugin not ready yet. [1/15]
2023-09-12 20:22:03,524 [INFO] PluginManage:359 - Loaded plugin tools (category:base,tabindex:7)
2023-09-12 20:22:03,524 [INFO] PluginManage:310 - Check plugin tutovideos
2023-09-12 20:22:03,764 [INFO] PluginManage:359 - Loaded plugin tutovideos (category:base,tabindex:-1)
2023-09-12 20:22:03,764 [INFO] PluginManage:310 - Check plugin updater
2023-09-12 20:22:03,796 [INFO] PluginManage:359 - Loaded plugin updater (category:base,tabindex:12)
2023-09-12 20:22:03,796 [INFO] PluginManage:310 - Check plugin userauth
2023-09-12 20:22:03,811 [INFO] UserAuth:113 - Init User Auth plugin
2023-09-12 20:22:03,811 [INFO] PluginManage:359 - Loaded plugin userauth (category:base,tabindex:14)
2023-09-12 20:22:03,812 [INFO] PluginManage:283 - PluginManage : Loaded plugins [17]
2023-09-12 20:22:04,266 [INFO] PinOutPanel:1499 - setPackage(No Configuration,No Configuration)
2023-09-12 20:22:04,429 [INFO] CADModel:165 - CPN selected for project level
2023-09-12 20:22:04,430 [INFO] CADModel:114 - Register for checkConnection events
2023-09-12 20:22:04,488 [INFO] IPUIPlugin:80 - create IPUIPlugin
2023-09-12 20:22:04,489 [INFO] PluginManager:220 - loadIPPluginJar : add gfxmmu
2023-09-12 20:22:04,511 [INFO] IPUIPlugin:80 - create IPUIPlugin
2023-09-12 20:22:04,511 [INFO] PluginManager:220 - loadIPPluginJar : add fmc
2023-09-12 20:22:04,525 [INFO] IPUIPlugin:80 - create IPUIPlugin
2023-09-12 20:22:04,525 [INFO] PluginManager:220 - loadIPPluginJar : add stm32_wpan
2023-09-12 20:22:04,552 [INFO] IPUIPlugin:80 - create IPUIPlugin
2023-09-12 20:22:04,552 [INFO] PluginManager:220 - loadIPPluginJar : add freertos
2023-09-12 20:22:04,575 [INFO] IPUIPlugin:80 - create IPUIPlugin
2023-09-12 20:22:04,575 [INFO] PluginManager:220 - loadIPPluginJar : add opamp
2023-09-12 20:22:04,577 [INFO] IPUIPlugin:80 - create IPUIPlugin
2023-09-12 20:22:04,577 [INFO] PluginManager:220 - loadIPPluginJar : add quadspi
2023-09-12 20:22:04,579 [INFO] IPUIPlugin:80 - create IPUIPlugin
2023-09-12 20:22:04,579 [INFO] PluginManager:220 - loadIPPluginJar : add usart
2023-09-12 20:22:04,582 [INFO] IPUIPlugin:80 - create IPUIPlugin
2023-09-12 20:22:04,589 [INFO] PluginManager:220 - loadIPPluginJar : add nvic
2023-09-12 20:22:04,617 [INFO] IPUIPlugin:80 - create IPUIPlugin
2023-09-12 20:22:04,617 [INFO] PluginManager:220 - loadIPPluginJar : add touchsensing
2023-09-12 20:22:04,633 [INFO] IPUIPlugin:80 - create IPUIPlugin
2023-09-12 20:22:04,634 [INFO] PluginManager:220 - loadIPPluginJar : add gic
2023-09-12 20:22:04,656 [INFO] IPUIPlugin:80 - create IPUIPlugin
2023-09-12 20:22:04,656 [INFO] PluginManager:220 - loadIPPluginJar : add i2c
2023-09-12 20:22:04,658 [INFO] IPUIPlugin:80 - create IPUIPlugin
2023-09-12 20:22:04,658 [INFO] PluginManager:220 - loadIPPluginJar : add lorawan
2023-09-12 20:22:04,668 [INFO] IPUIPlugin:80 - create IPUIPlugin
2023-09-12 20:22:04,668 [INFO] PluginManager:220 - loadIPPluginJar : add adc
2023-09-12 20:22:04,685 [INFO] IPUIPlugin:80 - create IPUIPlugin
2023-09-12 20:22:04,685 [INFO] PluginManager:220 - loadIPPluginJar : add resmgrutility
2023-09-12 20:22:04,692 [INFO] IPUIPlugin:80 - create IPUIPlugin
2023-09-12 20:22:04,692 [INFO] PluginManager:220 - loadIPPluginJar : add linkedlist
2023-09-12 20:22:04,694 [INFO] IPUIPlugin:80 - create IPUIPlugin
2023-09-12 20:22:04,695 [INFO] PluginManager:220 - loadIPPluginJar : add tracer_emb
2023-09-12 20:22:04,696 [INFO] IPUIPlugin:80 - create IPUIPlugin
2023-09-12 20:22:04,696 [INFO] PluginManager:220 - loadIPPluginJar : add ltdc
2023-09-12 20:22:04,697 [INFO] IPUIPlugin:80 - create IPUIPlugin
2023-09-12 20:22:04,697 [INFO] PluginManager:220 - loadIPPluginJar : add comp
2023-09-12 20:22:04,698 [INFO] IPUIPlugin:80 - create IPUIPlugin
2023-09-12 20:22:04,699 [INFO] PluginManager:220 - loadIPPluginJar : add genericplugin
2023-09-12 20:22:04,700 [INFO] IPUIPlugin:80 - create IPUIPlugin
2023-09-12 20:22:04,700 [INFO] PluginManager:220 - loadIPPluginJar : add i2s
2023-09-12 20:22:04,702 [INFO] IPUIPlugin:80 - create IPUIPlugin
2023-09-12 20:22:04,703 [INFO] PluginManager:220 - loadIPPluginJar : add dma3
2023-09-12 20:22:04,717 [INFO] IPUIPlugin:80 - create IPUIPlugin
2023-09-12 20:22:04,718 [INFO] PluginManager:220 - loadIPPluginJar : add dma
2023-09-12 20:22:04,720 [INFO] IPUIPlugin:80 - create IPUIPlugin
2023-09-12 20:22:04,720 [INFO] PluginManager:220 - loadIPPluginJar : add gtzc
2023-09-12 20:22:04,725 [INFO] IPUIPlugin:80 - create IPUIPlugin
2023-09-12 20:22:04,725 [INFO] PluginManager:220 - loadIPPluginJar : add gpio
2023-09-12 20:22:04,727 [INFO] IPUIPlugin:80 - create IPUIPlugin
2023-09-12 20:22:04,727 [INFO] PluginManager:220 - loadIPPluginJar : add tim
2023-09-12 20:22:04,729 [INFO] IPUIPlugin:80 - create IPUIPlugin
2023-09-12 20:22:04,729 [INFO] PluginManager:220 - loadIPPluginJar : add sai
2023-09-12 20:22:04,731 [INFO] IPUIPlugin:80 - create IPUIPlugin
2023-09-12 20:22:04,731 [INFO] PluginManager:220 - loadIPPluginJar : add aes
2023-09-12 20:22:04,733 [INFO] IPUIPlugin:80 - create IPUIPlugin
2023-09-12 20:22:04,733 [INFO] PluginManager:220 - loadIPPluginJar : add usbx
2023-09-12 20:22:04,735 [INFO] IPUIPlugin:80 - create IPUIPlugin
2023-09-12 20:22:04,735 [INFO] PluginManager:220 - loadIPPluginJar : add openamp
2023-09-12 20:22:04,737 [INFO] IPUIPlugin:80 - create IPUIPlugin
2023-09-12 20:22:04,738 [INFO] PluginManager:220 - loadIPPluginJar : add can
2023-09-12 20:22:04,740 [INFO] IPUIPlugin:80 - create IPUIPlugin
2023-09-12 20:22:04,740 [INFO] PluginManager:220 - loadIPPluginJar : add pdm2pcm
2023-09-12 20:22:04,742 [INFO] IPUIPlugin:80 - create IPUIPlugin
2023-09-12 20:22:04,742 [INFO] PluginManager:220 - loadIPPluginJar : add ucpd
2023-09-12 20:22:04,743 [INFO] IPUIPlugin:80 - create IPUIPlugin
2023-09-12 20:22:04,743 [INFO] PluginManager:220 - loadIPPluginJar : add fatfs
2023-09-12 20:22:04,745 [INFO] IPUIPlugin:80 - create IPUIPlugin
2023-09-12 20:22:04,745 [INFO] PluginManager:220 - loadIPPluginJar : add hash
2023-09-12 20:22:04,746 [INFO] IPUIPlugin:80 - create IPUIPlugin
2023-09-12 20:22:04,747 [INFO] PluginManager:220 - loadIPPluginJar : add cryp
2023-09-12 20:22:04,748 [INFO] IPUIPlugin:80 - create IPUIPlugin
2023-09-12 20:22:04,748 [INFO] PluginManager:220 - loadIPPluginJar : add spi
2023-09-12 20:22:04,750 [INFO] IPUIPlugin:80 - create IPUIPlugin
2023-09-12 20:22:04,750 [INFO] PluginManager:220 - loadIPPluginJar : add ts
2023-09-12 20:22:04,752 [INFO] IPUIPlugin:80 - create IPUIPlugin
2023-09-12 20:22:04,752 [INFO] PluginManager:220 - loadIPPluginJar : add dfsdm
2023-09-12 20:22:04,768 [INFO] IPUIPlugin:80 - create IPUIPlugin
2023-09-12 20:22:04,770 [INFO] PluginManager:220 - loadIPPluginJar : add plateformsettings
2023-09-12 20:22:04,778 [INFO] IPUIPlugin:80 - create IPUIPlugin
2023-09-12 20:22:04,778 [INFO] PluginManager:220 - loadIPPluginJar : add ipddr
2023-09-12 20:22:04,798 [INFO] IPUIPlugin:80 - create IPUIPlugin
2023-09-12 20:22:04,799 [INFO] PluginManager:220 - loadIPPluginJar : add mdma
2023-09-12 20:22:04,800 [INFO] IPUIPlugin:80 - create IPUIPlugin
2023-09-12 20:22:04,800 [INFO] PluginManager:220 - loadIPPluginJar : add tsc
2023-09-12 20:22:04,802 [INFO] IPUIPlugin:80 - create IPUIPlugin
2023-09-12 20:22:04,802 [INFO] PluginManager:220 - loadIPPluginJar : add i3c
2023-09-12 20:22:04,905 [INFO] CADModel:165 - CPN selected for project level
2023-09-12 20:22:04,906 [INFO] CADModel:114 - Register for checkConnection events
2023-09-12 20:22:04,906 [FATAL] Updater:308 - Updater called before beeing initialized
2023-09-12 20:22:04,906 [ERROR] CADModel:125 - Updater not yet initialized, retry later 
2023-09-12 20:22:05,156 [INFO] CADModel:165 - CPN selected for project level
2023-09-12 20:22:05,156 [INFO] CADModel:114 - Register for checkConnection events
2023-09-12 20:22:05,157 [FATAL] Updater:308 - Updater called before beeing initialized
2023-09-12 20:22:05,157 [ERROR] CADModel:125 - Updater not yet initialized, retry later 
2023-09-12 20:22:05,160 [FATAL] Updater:308 - Updater called before beeing initialized
2023-09-12 20:22:05,262 [FATAL] Updater:308 - Updater called before beeing initialized
2023-09-12 20:22:05,276 [INFO] DbMcusAds:53 - JSON generation date=Tue Mar 07 12:20:55 IRST 2023 (1678179055114)
2023-09-12 20:22:05,276 [FATAL] Updater:308 - Updater called before beeing initialized
2023-09-12 20:22:05,362 [WARN] DetailPanel:346 - Failed to get advertising image, set to default
2023-09-12 20:22:05,465 [FATAL] Updater:308 - Updater called before beeing initialized
2023-09-12 20:22:05,475 [FATAL] Updater:308 - Updater called before beeing initialized
2023-09-12 20:22:05,475 [FATAL] Updater:308 - Updater called before beeing initialized
2023-09-12 20:22:05,475 [WARN] DetailPanel:346 - Failed to get advertising image, set to default
2023-09-12 20:22:05,477 [FATAL] Updater:308 - Updater called before beeing initialized
2023-09-12 20:22:05,549 [ERROR] Updater:1120 - MainUpdater not yet initialized. External WinMGr cannot be set.
2023-09-12 20:22:05,551 [INFO] Updater:1056 - Updater Version found : 6.9.1
2023-09-12 20:22:05,708 [ERROR] ConfigurationRetriever:142 - IOException on connection: Read timed out
2023-09-12 20:22:05,890 [INFO] ApplicationProperties:184 - Using Application install path: /opt/st/stm32cubeide_1.13.1/plugins/com.st.stm32cube.common.mx_6.9.1.202307191849
2023-09-12 20:22:06,515 [INFO] ThirdPartyUpdaterWithRetryManager:70 - Updater plugin not ready yet. [2/15]
2023-09-12 20:22:07,995 [ERROR] ConfigurationRetriever:142 - IOException on connection: Read timed out
2023-09-12 20:22:08,675 [ERROR] ConfigurationRetriever:142 - IOException on connection: Read timed out
2023-09-12 20:22:08,675 [WARN] ServerAccessManage:1168 - Warning during Server Connection :  timeout Read timed out
2023-09-12 20:22:09,516 [FATAL] Updater:308 - Updater called before beeing initialized
2023-09-12 20:22:09,517 [ERROR] IntegrityCheckThread:130 - Cannot retrieve database content from updater: error 21
2023-09-12 20:22:09,518 [INFO] ThirdParty:978 - Integrity check success = false
2023-09-12 20:22:09,518 [INFO] IntegrityCheckThread:100 - exiting critical section [integrity check]
2023-09-12 20:22:09,518 [INFO] IntegrityCheckThread:103 - End integrity checks thread
2023-09-12 20:22:11,347 [WARN] ServerAccessManage:1168 - Warning during Server Connection :  timeout Read timed out
2023-09-12 20:22:11,351 [INFO] MainUpdater:2868 - connection check result : 22
2023-09-12 20:22:11,352 [INFO] MainUpdater:285 - Updater Check For Update Now.
2023-09-12 20:22:11,352 [INFO] MicroXplorer:498 - Change Database Version : DB.6.0.91
2023-09-12 20:22:11,356 [INFO] McuFinderGlobals:63 - Set McuFinder mode to 2 (CubeIDE integrated)
2023-09-12 20:22:11,356 [INFO] UserAuth:179 - activating auth plugin
2023-09-12 20:22:11,359 [INFO] UserAuth:393 - Internet connection configuration mode: 2
2023-09-12 20:22:11,623 [INFO] CheckServerUpdateThread:120 - End of CheckServer Thread
2023-09-12 20:22:15,435 [ERROR] ConfigurationRetriever:142 - IOException on connection: Read timed out
2023-09-12 20:22:21,127 [ERROR] ConfigurationRetriever:142 - IOException on connection: Read timed out
2023-09-12 20:22:32,198 [ERROR] LogOutputStream:75 - [STDERR_REDIRECT] SLF4J: Failed to load class "org.slf4j.impl.StaticLoggerBinder".
2023-09-12 20:22:32,198 [ERROR] LogOutputStream:75 - [STDERR_REDIRECT] SLF4J: Defaulting to no-operation (NOP) logger implementation
2023-09-12 20:22:32,198 [ERROR] LogOutputStream:75 - [STDERR_REDIRECT] SLF4J: See http://www.slf4j.org/codes.html#StaticLoggerBinder for further details.
2023-09-12 20:26:24,990 [ERROR] ConfigurationRetriever:142 - IOException on connection: Read timed out
2023-09-12 20:26:27,478 [ERROR] ConfigurationRetriever:142 - IOException on connection: Read timed out
2023-09-12 20:26:29,793 [ERROR] ConfigurationRetriever:142 - IOException on connection: Read timed out
2023-09-12 20:26:32,277 [ERROR] ConfigurationRetriever:142 - IOException on connection: Read timed out
2023-09-12 20:26:34,658 [ERROR] ConfigurationRetriever:142 - IOException on connection: Read timed out
2023-09-12 20:26:37,052 [ERROR] ConfigurationRetriever:142 - IOException on connection: Read timed out
2023-09-12 20:36:31,891 [ERROR] ConfigurationRetriever:142 - IOException on connection: Read timed out
2023-09-12 20:36:34,911 [ERROR] ConfigurationRetriever:142 - IOException on connection: Read timed out
2023-09-12 20:36:38,328 [ERROR] ConfigurationRetriever:142 - IOException on connection: Read timed out
2023-09-12 20:37:00,683 [ERROR] ConfigurationRetriever:142 - IOException on connection: Read timed out
2023-09-12 20:37:03,539 [ERROR] ConfigurationRetriever:142 - IOException on connection: Read timed out
2023-09-12 20:37:05,836 [ERROR] ConfigurationRetriever:142 - IOException on connection: Read timed out
