2023-09-11 00:30:14,055 [ERROR] AdobePublisher:162 - Exception while opening the connection: java.net.SocketTimeoutException: Read timed out
2023-09-11 00:30:16,159 [ERROR] AdobePublisher:162 - Exception while opening the connection: java.net.SocketTimeoutException: Read timed out
2023-09-11 19:59:28,642 [INFO] Activator:176 - 


2023-09-11 19:59:28,655 [INFO] Activator:177 - !SESSION log4j initialized
2023-09-11 19:59:36,374 [INFO] LogOutputStream:77 - [STDOUT_REDIRECT] 
2023-09-11 19:59:38,241 [INFO] ApplicationProperties:184 - Using Application install path: /opt/st/stm32cubeide_1.13.1/plugins/com.st.stm32cube.common.mx_6.9.1.202307191849
2023-09-11 19:59:38,291 [INFO] DbMcusXml:78 - Set database path to: /opt/st/stm32cubeide_1.13.1/plugins/com.st.stm32cube.common.mx_6.9.1.202307191849//db//mcu/
2023-09-11 19:59:38,292 [INFO] ApiDb:274 - Set plugin database path to: /opt/st/stm32cubeide_1.13.1/plugins/com.st.stm32cube.common.mx_6.9.1.202307191849//db//plugins/boardmanager/
2023-09-11 19:59:38,292 [WARN] ApiDb:259 - Overriding images path with different value:  => /opt/st/stm32cubeide_1.13.1/plugins/com.st.stm32cube.common.mx_6.9.1.202307191849//db//plugins/mcufinder/images/
2023-09-11 19:59:38,373 [INFO] ApiDb:250 - Set database path to: /home/meisam/.stmcufinder/plugins/mcufinder//mcu/
2023-09-11 19:59:38,375 [INFO] DbMcusAds:125 - Set database path to: /home/meisam/.stmcufinder/plugins/mcufinder//mcu/
2023-09-11 19:59:38,379 [INFO] CrossReferenceDbSqlite:203 - Set database path to: /home/meisam/.stmcufinder/plugins/mcufinder//mcu/cs/
2023-09-11 19:59:38,620 [INFO] RulesReader:64 - Compatibility file has been processed (293 Rules)
2023-09-11 19:59:38,835 [INFO] DbMcusXml:78 - Set database path to: /opt/st/stm32cubeide_1.13.1/plugins/com.st.stm32cube.common.mx_6.9.1.202307191849//db//mcu/
2023-09-11 19:59:38,835 [INFO] ApiDb:274 - Set plugin database path to: /opt/st/stm32cubeide_1.13.1/plugins/com.st.stm32cube.common.mx_6.9.1.202307191849//db//plugins/boardmanager/
2023-09-11 19:59:38,835 [INFO] ApiDb:261 - Set plugin images path to: /opt/st/stm32cubeide_1.13.1/plugins/com.st.stm32cube.common.mx_6.9.1.202307191849//db//plugins/mcufinder/images/
2023-09-11 19:59:38,835 [WARN] DbFile:41 - Overriding database path with different value: /home/meisam/.stmcufinder/plugins/mcufinder/ => /home/meisam/.stmcufinder/plugins/mcufinder
2023-09-11 19:59:38,835 [INFO] ApiDb:250 - Set database path to: /home/meisam/.stmcufinder/plugins/mcufinder//mcu/
2023-09-11 19:59:38,835 [WARN] DbFile:41 - Overriding database path with different value: /home/meisam/.stmcufinder/plugins/mcufinder/ => /home/meisam/.stmcufinder/plugins/mcufinder
2023-09-11 19:59:38,835 [INFO] DbMcusAds:125 - Set database path to: /home/meisam/.stmcufinder/plugins/mcufinder//mcu/
2023-09-11 19:59:38,835 [WARN] DbFile:41 - Overriding database path with different value: /home/meisam/.stmcufinder/plugins/mcufinder/ => /home/meisam/.stmcufinder/plugins/mcufinder
2023-09-11 19:59:38,836 [WARN] DbFile:41 - Overriding database path with different value: /home/meisam/.stmcufinder/plugins/mcufinder/ => /home/meisam/.stmcufinder/plugins/mcufinder
2023-09-11 19:59:38,836 [INFO] CrossReferenceDbSqlite:203 - Set database path to: /home/meisam/.stmcufinder/plugins/mcufinder//mcu/cs/
2023-09-11 19:59:39,054 [INFO] MainPanel:262 - HeapMemory: 268435456
2023-09-11 19:59:39,247 [INFO] DbMcusXml:78 - Set database path to: /opt/st/stm32cubeide_1.13.1/plugins/com.st.stm32cube.common.mx_6.9.1.202307191849//db//mcu/
2023-09-11 19:59:39,248 [INFO] ApiDb:274 - Set plugin database path to: /opt/st/stm32cubeide_1.13.1/plugins/com.st.stm32cube.common.mx_6.9.1.202307191849//db//plugins/boardmanager/
2023-09-11 19:59:39,248 [INFO] ApiDb:261 - Set plugin images path to: /opt/st/stm32cubeide_1.13.1/plugins/com.st.stm32cube.common.mx_6.9.1.202307191849//db//plugins/mcufinder/images/
2023-09-11 19:59:39,257 [WARN] DbFile:41 - Overriding database path with different value: /home/meisam/.stmcufinder/plugins/mcufinder/ => /home/meisam/.stmcufinder/plugins/mcufinder
2023-09-11 19:59:39,257 [INFO] ApiDb:250 - Set database path to: /home/meisam/.stmcufinder/plugins/mcufinder//mcu/
2023-09-11 19:59:39,258 [WARN] DbFile:41 - Overriding database path with different value: /home/meisam/.stmcufinder/plugins/mcufinder/ => /home/meisam/.stmcufinder/plugins/mcufinder
2023-09-11 19:59:39,258 [INFO] DbMcusAds:125 - Set database path to: /home/meisam/.stmcufinder/plugins/mcufinder//mcu/
2023-09-11 19:59:39,258 [WARN] DbFile:41 - Overriding database path with different value: /home/meisam/.stmcufinder/plugins/mcufinder/ => /home/meisam/.stmcufinder/plugins/mcufinder
2023-09-11 19:59:39,258 [WARN] DbFile:41 - Overriding database path with different value: /home/meisam/.stmcufinder/plugins/mcufinder/ => /home/meisam/.stmcufinder/plugins/mcufinder
2023-09-11 19:59:39,258 [INFO] CrossReferenceDbSqlite:203 - Set database path to: /home/meisam/.stmcufinder/plugins/mcufinder//mcu/cs/
2023-09-11 19:59:39,290 [INFO] ApplicationProperties:184 - Using Application install path: /opt/st/stm32cubeide_1.13.1/plugins/com.st.stm32cube.common.mx_6.9.1.202307191849
2023-09-11 19:59:39,291 [INFO] PluginManage:196 - Search for loadable plugins [exclusion list=, ]
2023-09-11 19:59:39,300 [INFO] PluginManage:310 - Check plugin analytics
2023-09-11 19:59:39,537 [INFO] AnalyticsPlugin:253 - Accepted Software Licenses: 
2023-09-11 19:59:39,537 [INFO] AnalyticsPlugin:255 - Accepted CMSIS Pack Licenses: 
2023-09-11 19:59:39,537 [INFO] AnalyticsPlugin:257 - Accepted Firmware Licenses: 
2023-09-11 19:59:39,540 [INFO] PluginManage:359 - Loaded plugin analytics (category:tool,tabindex:-1)
2023-09-11 19:59:39,540 [INFO] PluginManage:310 - Check plugin cadmodel
2023-09-11 19:59:39,683 [INFO] CADModel:105 - Init CAD model plugin
2023-09-11 19:59:39,683 [INFO] PluginManage:359 - Loaded plugin cadmodel (category:power,tabindex:5)
2023-09-11 19:59:39,683 [INFO] PluginManage:310 - Check plugin clock
2023-09-11 19:59:39,713 [INFO] PluginManage:359 - Loaded plugin clock (category:base,tabindex:2)
2023-09-11 19:59:39,714 [INFO] PluginManage:310 - Check plugin ddr
2023-09-11 19:59:39,725 [INFO] PluginManage:359 - Loaded plugin ddr (category:tool,tabindex:6)
2023-09-11 19:59:39,725 [INFO] PluginManage:310 - Check plugin filemanager
2023-09-11 19:59:39,997 [INFO] PluginManage:359 - Loaded plugin filemanager (category:base,tabindex:10)
2023-09-11 19:59:39,997 [INFO] PluginManage:310 - Check plugin ipmanager
2023-09-11 19:59:40,051 [INFO] PluginManage:359 - Loaded plugin ipmanager (category:base,tabindex:5)
2023-09-11 19:59:40,051 [INFO] PluginManage:310 - Check plugin lpbam
2023-09-11 19:59:40,084 [INFO] PluginManage:359 - Loaded plugin lpbam (category:base,tabindex:0)
2023-09-11 19:59:40,085 [INFO] PluginManage:310 - Check plugin memorymap
2023-09-11 19:59:40,117 [INFO] PluginManage:359 - Loaded plugin memorymap (category:base,tabindex:4)
2023-09-11 19:59:40,118 [INFO] PluginManage:310 - Check plugin pinoutandconfiguration
2023-09-11 19:59:40,164 [INFO] PluginManage:359 - Loaded plugin pinoutandconfiguration (category:base,tabindex:1)
2023-09-11 19:59:40,164 [INFO] PluginManage:310 - Check plugin pinoutconfig
2023-09-11 19:59:40,335 [WARN] SupportedApi:132 - Cannot load RTOS API schema: s4s-elt-must-match.1: The content of 'definitions' must match (annotation?, (simpleType | complexType)?, (unique | key | keyref)*)). A problem was found starting at: attribute.
2023-09-11 19:59:40,501 [INFO] PluginManage:359 - Loaded plugin pinoutconfig (category:base,tabindex:0)
2023-09-11 19:59:40,501 [INFO] PluginManage:310 - Check plugin power
2023-09-11 19:59:40,555 [INFO] PluginManage:359 - Loaded plugin power (category:power,tabindex:4)
2023-09-11 19:59:40,555 [INFO] PluginManage:310 - Check plugin projectmanager
2023-09-11 19:59:40,589 [INFO] PluginManage:359 - Loaded plugin projectmanager (category:projectmanager,tabindex:3)
2023-09-11 19:59:40,589 [INFO] PluginManage:310 - Check plugin thirdparty
2023-09-11 19:59:40,897 [WARN] IntegrityCheckThread:84 - waiting for thirdparty lock release [integrity check]
2023-09-11 19:59:40,897 [INFO] PluginManage:359 - Loaded plugin thirdparty (category:base,tabindex:-1)
2023-09-11 19:59:40,897 [INFO] IntegrityCheckThread:86 - entering critical section [integrity check]
2023-09-11 19:59:40,897 [INFO] PluginManage:310 - Check plugin tools
2023-09-11 19:59:40,897 [INFO] ThirdPartyUpdaterWithRetryManager:70 - Updater plugin not ready yet. [1/15]
2023-09-11 19:59:40,904 [INFO] PluginManage:359 - Loaded plugin tools (category:base,tabindex:7)
2023-09-11 19:59:40,904 [INFO] PluginManage:310 - Check plugin tutovideos
2023-09-11 19:59:41,139 [INFO] PluginManage:359 - Loaded plugin tutovideos (category:base,tabindex:-1)
2023-09-11 19:59:41,140 [INFO] PluginManage:310 - Check plugin updater
2023-09-11 19:59:41,167 [INFO] PluginManage:359 - Loaded plugin updater (category:base,tabindex:12)
2023-09-11 19:59:41,167 [INFO] PluginManage:310 - Check plugin userauth
2023-09-11 19:59:41,183 [INFO] UserAuth:113 - Init User Auth plugin
2023-09-11 19:59:41,183 [INFO] PluginManage:359 - Loaded plugin userauth (category:base,tabindex:14)
2023-09-11 19:59:41,184 [INFO] PluginManage:283 - PluginManage : Loaded plugins [17]
2023-09-11 19:59:41,627 [INFO] PinOutPanel:1499 - setPackage(No Configuration,No Configuration)
2023-09-11 19:59:41,769 [INFO] CADModel:165 - CPN selected for project level
2023-09-11 19:59:41,769 [INFO] CADModel:114 - Register for checkConnection events
2023-09-11 19:59:41,828 [INFO] IPUIPlugin:80 - create IPUIPlugin
2023-09-11 19:59:41,828 [INFO] PluginManager:220 - loadIPPluginJar : add gfxmmu
2023-09-11 19:59:41,849 [INFO] IPUIPlugin:80 - create IPUIPlugin
2023-09-11 19:59:41,850 [INFO] PluginManager:220 - loadIPPluginJar : add fmc
2023-09-11 19:59:41,865 [INFO] IPUIPlugin:80 - create IPUIPlugin
2023-09-11 19:59:41,865 [INFO] PluginManager:220 - loadIPPluginJar : add stm32_wpan
2023-09-11 19:59:41,891 [INFO] IPUIPlugin:80 - create IPUIPlugin
2023-09-11 19:59:41,891 [INFO] PluginManager:220 - loadIPPluginJar : add freertos
2023-09-11 19:59:41,914 [INFO] IPUIPlugin:80 - create IPUIPlugin
2023-09-11 19:59:41,914 [INFO] PluginManager:220 - loadIPPluginJar : add opamp
2023-09-11 19:59:41,915 [INFO] IPUIPlugin:80 - create IPUIPlugin
2023-09-11 19:59:41,915 [INFO] PluginManager:220 - loadIPPluginJar : add quadspi
2023-09-11 19:59:41,917 [INFO] IPUIPlugin:80 - create IPUIPlugin
2023-09-11 19:59:41,917 [INFO] PluginManager:220 - loadIPPluginJar : add usart
2023-09-11 19:59:41,921 [INFO] IPUIPlugin:80 - create IPUIPlugin
2023-09-11 19:59:41,936 [INFO] PluginManager:220 - loadIPPluginJar : add nvic
2023-09-11 19:59:41,939 [INFO] IPUIPlugin:80 - create IPUIPlugin
2023-09-11 19:59:41,940 [INFO] PluginManager:220 - loadIPPluginJar : add touchsensing
2023-09-11 19:59:41,945 [INFO] IPUIPlugin:80 - create IPUIPlugin
2023-09-11 19:59:41,945 [INFO] PluginManager:220 - loadIPPluginJar : add gic
2023-09-11 19:59:41,970 [INFO] IPUIPlugin:80 - create IPUIPlugin
2023-09-11 19:59:41,970 [INFO] PluginManager:220 - loadIPPluginJar : add i2c
2023-09-11 19:59:41,972 [INFO] IPUIPlugin:80 - create IPUIPlugin
2023-09-11 19:59:41,973 [INFO] PluginManager:220 - loadIPPluginJar : add lorawan
2023-09-11 19:59:41,983 [INFO] IPUIPlugin:80 - create IPUIPlugin
2023-09-11 19:59:41,983 [INFO] PluginManager:220 - loadIPPluginJar : add adc
2023-09-11 19:59:42,009 [INFO] IPUIPlugin:80 - create IPUIPlugin
2023-09-11 19:59:42,009 [INFO] PluginManager:220 - loadIPPluginJar : add resmgrutility
2023-09-11 19:59:42,018 [INFO] IPUIPlugin:80 - create IPUIPlugin
2023-09-11 19:59:42,018 [INFO] PluginManager:220 - loadIPPluginJar : add linkedlist
2023-09-11 19:59:42,020 [INFO] IPUIPlugin:80 - create IPUIPlugin
2023-09-11 19:59:42,020 [INFO] PluginManager:220 - loadIPPluginJar : add tracer_emb
2023-09-11 19:59:42,021 [INFO] IPUIPlugin:80 - create IPUIPlugin
2023-09-11 19:59:42,021 [INFO] PluginManager:220 - loadIPPluginJar : add ltdc
2023-09-11 19:59:42,023 [INFO] IPUIPlugin:80 - create IPUIPlugin
2023-09-11 19:59:42,023 [INFO] PluginManager:220 - loadIPPluginJar : add comp
2023-09-11 19:59:42,024 [INFO] IPUIPlugin:80 - create IPUIPlugin
2023-09-11 19:59:42,024 [INFO] PluginManager:220 - loadIPPluginJar : add genericplugin
2023-09-11 19:59:42,028 [INFO] IPUIPlugin:80 - create IPUIPlugin
2023-09-11 19:59:42,028 [INFO] PluginManager:220 - loadIPPluginJar : add i2s
2023-09-11 19:59:42,031 [INFO] IPUIPlugin:80 - create IPUIPlugin
2023-09-11 19:59:42,032 [INFO] PluginManager:220 - loadIPPluginJar : add dma3
2023-09-11 19:59:42,050 [INFO] IPUIPlugin:80 - create IPUIPlugin
2023-09-11 19:59:42,050 [INFO] PluginManager:220 - loadIPPluginJar : add dma
2023-09-11 19:59:42,053 [INFO] IPUIPlugin:80 - create IPUIPlugin
2023-09-11 19:59:42,054 [INFO] PluginManager:220 - loadIPPluginJar : add gtzc
2023-09-11 19:59:42,058 [INFO] IPUIPlugin:80 - create IPUIPlugin
2023-09-11 19:59:42,058 [INFO] PluginManager:220 - loadIPPluginJar : add gpio
2023-09-11 19:59:42,060 [INFO] IPUIPlugin:80 - create IPUIPlugin
2023-09-11 19:59:42,060 [INFO] PluginManager:220 - loadIPPluginJar : add tim
2023-09-11 19:59:42,064 [INFO] IPUIPlugin:80 - create IPUIPlugin
2023-09-11 19:59:42,065 [INFO] PluginManager:220 - loadIPPluginJar : add sai
2023-09-11 19:59:42,067 [INFO] IPUIPlugin:80 - create IPUIPlugin
2023-09-11 19:59:42,067 [INFO] PluginManager:220 - loadIPPluginJar : add aes
2023-09-11 19:59:42,070 [INFO] IPUIPlugin:80 - create IPUIPlugin
2023-09-11 19:59:42,070 [INFO] PluginManager:220 - loadIPPluginJar : add usbx
2023-09-11 19:59:42,072 [INFO] IPUIPlugin:80 - create IPUIPlugin
2023-09-11 19:59:42,073 [INFO] PluginManager:220 - loadIPPluginJar : add openamp
2023-09-11 19:59:42,076 [INFO] IPUIPlugin:80 - create IPUIPlugin
2023-09-11 19:59:42,076 [INFO] PluginManager:220 - loadIPPluginJar : add can
2023-09-11 19:59:42,081 [INFO] IPUIPlugin:80 - create IPUIPlugin
2023-09-11 19:59:42,081 [INFO] PluginManager:220 - loadIPPluginJar : add pdm2pcm
2023-09-11 19:59:42,084 [INFO] IPUIPlugin:80 - create IPUIPlugin
2023-09-11 19:59:42,084 [INFO] PluginManager:220 - loadIPPluginJar : add ucpd
2023-09-11 19:59:42,086 [INFO] IPUIPlugin:80 - create IPUIPlugin
2023-09-11 19:59:42,086 [INFO] PluginManager:220 - loadIPPluginJar : add fatfs
2023-09-11 19:59:42,088 [INFO] IPUIPlugin:80 - create IPUIPlugin
2023-09-11 19:59:42,089 [INFO] PluginManager:220 - loadIPPluginJar : add hash
2023-09-11 19:59:42,091 [INFO] IPUIPlugin:80 - create IPUIPlugin
2023-09-11 19:59:42,091 [INFO] PluginManager:220 - loadIPPluginJar : add cryp
2023-09-11 19:59:42,094 [INFO] IPUIPlugin:80 - create IPUIPlugin
2023-09-11 19:59:42,094 [INFO] PluginManager:220 - loadIPPluginJar : add spi
2023-09-11 19:59:42,096 [INFO] IPUIPlugin:80 - create IPUIPlugin
2023-09-11 19:59:42,097 [INFO] PluginManager:220 - loadIPPluginJar : add ts
2023-09-11 19:59:42,099 [INFO] IPUIPlugin:80 - create IPUIPlugin
2023-09-11 19:59:42,099 [INFO] PluginManager:220 - loadIPPluginJar : add dfsdm
2023-09-11 19:59:42,116 [INFO] IPUIPlugin:80 - create IPUIPlugin
2023-09-11 19:59:42,118 [INFO] PluginManager:220 - loadIPPluginJar : add plateformsettings
2023-09-11 19:59:42,125 [INFO] IPUIPlugin:80 - create IPUIPlugin
2023-09-11 19:59:42,125 [INFO] PluginManager:220 - loadIPPluginJar : add ipddr
2023-09-11 19:59:42,146 [INFO] IPUIPlugin:80 - create IPUIPlugin
2023-09-11 19:59:42,147 [INFO] PluginManager:220 - loadIPPluginJar : add mdma
2023-09-11 19:59:42,148 [INFO] IPUIPlugin:80 - create IPUIPlugin
2023-09-11 19:59:42,148 [INFO] PluginManager:220 - loadIPPluginJar : add tsc
2023-09-11 19:59:42,150 [INFO] IPUIPlugin:80 - create IPUIPlugin
2023-09-11 19:59:42,150 [INFO] PluginManager:220 - loadIPPluginJar : add i3c
2023-09-11 19:59:42,259 [INFO] CADModel:165 - CPN selected for project level
2023-09-11 19:59:42,259 [INFO] CADModel:114 - Register for checkConnection events
2023-09-11 19:59:42,259 [FATAL] Updater:308 - Updater called before beeing initialized
2023-09-11 19:59:42,259 [ERROR] CADModel:125 - Updater not yet initialized, retry later 
2023-09-11 19:59:42,628 [INFO] CADModel:165 - CPN selected for project level
2023-09-11 19:59:42,629 [INFO] CADModel:114 - Register for checkConnection events
2023-09-11 19:59:42,629 [FATAL] Updater:308 - Updater called before beeing initialized
2023-09-11 19:59:42,629 [ERROR] CADModel:125 - Updater not yet initialized, retry later 
2023-09-11 19:59:42,632 [FATAL] Updater:308 - Updater called before beeing initialized
2023-09-11 19:59:42,732 [FATAL] Updater:308 - Updater called before beeing initialized
2023-09-11 19:59:42,747 [INFO] DbMcusAds:53 - JSON generation date=Tue Mar 07 12:20:55 IRST 2023 (1678179055114)
2023-09-11 19:59:42,747 [FATAL] Updater:308 - Updater called before beeing initialized
2023-09-11 19:59:42,849 [WARN] DetailPanel:346 - Failed to get advertising image, set to default
2023-09-11 19:59:43,015 [FATAL] Updater:308 - Updater called before beeing initialized
2023-09-11 19:59:43,022 [FATAL] Updater:308 - Updater called before beeing initialized
2023-09-11 19:59:43,022 [FATAL] Updater:308 - Updater called before beeing initialized
2023-09-11 19:59:43,022 [WARN] DetailPanel:346 - Failed to get advertising image, set to default
2023-09-11 19:59:43,023 [FATAL] Updater:308 - Updater called before beeing initialized
2023-09-11 19:59:43,096 [ERROR] Updater:1120 - MainUpdater not yet initialized. External WinMGr cannot be set.
2023-09-11 19:59:43,098 [INFO] Updater:1056 - Updater Version found : 6.9.1
2023-09-11 19:59:43,139 [INFO] ApplicationProperties:184 - Using Application install path: /opt/st/stm32cubeide_1.13.1/plugins/com.st.stm32cube.common.mx_6.9.1.202307191849
2023-09-11 19:59:43,501 [INFO] MainUpdater:2868 - connection check result : 10
2023-09-11 19:59:43,502 [INFO] MainUpdater:285 - Updater Check For Update Now.
2023-09-11 19:59:43,502 [INFO] MicroXplorer:498 - Change Database Version : DB.6.0.91
2023-09-11 19:59:43,507 [INFO] McuFinderGlobals:63 - Set McuFinder mode to 2 (CubeIDE integrated)
2023-09-11 19:59:43,508 [INFO] UserAuth:179 - activating auth plugin
2023-09-11 19:59:43,512 [INFO] UserAuth:393 - Internet connection configuration mode: 1
2023-09-11 19:59:43,636 [INFO] JxBrowserEngine:151 - Initiate JxBrowser Engine with user profile folder
2023-09-11 19:59:43,764 [INFO] CheckServerUpdateThread:120 - End of CheckServer Thread
2023-09-11 19:59:44,657 [WARN] PackLoader:240 - Cannot read IP mode file for STMicroelectronics.X-CUBE-SMBUS.2.1.0
2023-09-11 19:59:44,802 [WARN] PackLoader:240 - Cannot read IP mode file for STMicroelectronics.X-CUBE-AZRTOS-F7.1.1.0
2023-09-11 19:59:44,830 [WARN] PackLoader:240 - Cannot read IP mode file for STMicroelectronics.FP-SNS-MOTENV1.4.3.2
2023-09-11 19:59:44,863 [WARN] PackLoader:240 - Cannot read IP mode file for STMicroelectronics.FP-SNS-FLIGHT1.5.0.2
2023-09-11 19:59:44,935 [WARN] PackLoader:240 - Cannot read IP mode file for STMicroelectronics.X-CUBE-DISPLAY.3.0.0
2023-09-11 19:59:44,997 [WARN] PackLoader:240 - Cannot read IP mode file for STMicroelectronics.X-CUBE-BLE1.7.0.0
2023-09-11 19:59:45,067 [WARN] PackLoader:240 - Cannot read IP mode file for emotas.I-CUBE-CANOPEN.1.3.0
2023-09-11 19:59:45,106 [WARN] PackLoader:240 - Cannot read IP mode file for STMicroelectronics.X-CUBE-TOUCHGFX.4.22.0
2023-09-11 19:59:45,138 [WARN] PackLoader:240 - Cannot read IP mode file for STMicroelectronics.FP-SNS-SMARTAG2.1.2.0
2023-09-11 19:59:45,215 [INFO] LogOutputStream:77 - [STDOUT_REDIRECT] 1 : Invalid condition id : UX_CORESTACK_Condition cause : null
2023-09-11 19:59:45,215 [INFO] LogOutputStream:77 - [STDOUT_REDIRECT] 1 : Invalid condition id : UX_CORESTACK_Condition cause : null
2023-09-11 19:59:45,216 [INFO] LogOutputStream:77 - [STDOUT_REDIRECT] 1 : Invalid condition id : UX_CORESTACK_Condition cause : null
2023-09-11 19:59:45,216 [INFO] LogOutputStream:77 - [STDOUT_REDIRECT] 1 : Invalid condition id : UX_CORESTACK_Condition cause : null
2023-09-11 19:59:45,217 [INFO] LogOutputStream:77 - [STDOUT_REDIRECT] 1 : Invalid condition id : UX_CORESTACK_Condition cause : null
2023-09-11 19:59:45,221 [WARN] PackLoader:240 - Cannot read IP mode file for STMicroelectronics.X-CUBE-AZRTOS-WL.2.0.0
2023-09-11 19:59:45,269 [WARN] PackLoader:240 - Cannot read IP mode file for WES.I-CUBE-Cesium.1.3.0
2023-09-11 19:59:45,342 [WARN] PackLoader:240 - Cannot read IP mode file for STMicroelectronics.X-CUBE-BLE2.3.3.0
2023-09-11 19:59:45,510 [WARN] PackLoader:240 - Cannot read IP mode file for STMicroelectronics.X-CUBE-ALGOBUILD.1.3.0
2023-09-11 19:59:45,713 [WARN] PackLoader:240 - Cannot read IP mode file for STMicroelectronics.X-CUBE-AZRTOS-G0.1.1.0
2023-09-11 19:59:45,750 [WARN] PackLoader:240 - Cannot read IP mode file for STMicroelectronics.X-CUBE-NFC4.3.0.0
2023-09-11 19:59:45,852 [WARN] PackLoader:240 - Cannot read IP mode file for STMicroelectronics.FP-ATR-SIGFOX1.3.2.0
2023-09-11 19:59:46,062 [WARN] PackLoader:240 - Cannot read IP mode file for SEGGER.I-CUBE-embOS.1.3.1
2023-09-11 19:59:46,199 [WARN] PackLoader:240 - Cannot read IP mode file for STMicroelectronics.X-CUBE-GNSS1.6.0.0
2023-09-11 19:59:46,265 [WARN] PackLoader:240 - Cannot read IP mode file for STMicroelectronics.X-CUBE-AZRTOS-F4.1.1.0
2023-09-11 19:59:46,343 [WARN] PackLoader:240 - Cannot read IP mode file for STMicroelectronics.X-CUBE-AZRTOS-L5.2.0.0
2023-09-11 19:59:46,503 [WARN] PackLoader:240 - Cannot read IP mode file for STMicroelectronics.X-CUBE-MEMS1.9.6.0
2023-09-11 19:59:46,817 [WARN] PackLoader:240 - Cannot read IP mode file for STMicroelectronics.X-CUBE-BLEMGR.2.0.0
2023-09-11 19:59:46,877 [WARN] ConditionMgr:438 - getConditionDescription Invalid condition id : UX DEVICE CLASS RTOS Condition cause : null
2023-09-11 19:59:46,877 [WARN] ConditionMgr:438 - getConditionDescription Invalid condition id : UX DEVICE CLASS RTOS Condition cause : null
2023-09-11 19:59:46,883 [WARN] PackLoader:240 - Cannot read IP mode file for STMicroelectronics.X-CUBE-AZRTOS-H7.3.1.0
2023-09-11 19:59:46,886 [WARN] ConditionMgr:1039 - genDependencies : Invalid condition id : UX DEVICE CLASS RTOS Condition cause : null
2023-09-11 19:59:46,886 [WARN] ConditionMgr:1039 - genDependencies : Invalid condition id : UX DEVICE CLASS RTOS Condition cause : null
2023-09-11 19:59:46,888 [WARN] ConditionMgr:1039 - genDependencies : Invalid condition id : UX DEVICE CLASS RTOS Condition cause : null
2023-09-11 19:59:46,890 [WARN] ConditionMgr:1039 - genDependencies : Invalid condition id : UX DEVICE CLASS RTOS Condition cause : null
2023-09-11 19:59:46,890 [WARN] ConditionMgr:1039 - genDependencies : Invalid condition id : UX DEVICE CLASS RTOS Condition cause : null
2023-09-11 19:59:46,924 [WARN] PackLoader:240 - Cannot read IP mode file for STMicroelectronics.X-CUBE-NFC7.1.0.1
2023-09-11 19:59:46,959 [WARN] PackLoader:240 - Cannot read IP mode file for STMicroelectronics.X-CUBE-NFC6.3.0.0
2023-09-11 19:59:46,999 [WARN] PackLoader:240 - Cannot read IP mode file for STMicroelectronics.X-CUBE-EEPRMA1.4.1.0
2023-09-11 19:59:47,028 [WARN] PackLoader:240 - Cannot read IP mode file for STMicroelectronics.X-CUBE-AI.8.1.0
2023-09-11 19:59:47,109 [WARN] ConditionMgr:438 - getConditionDescription Invalid condition id : LAN8742 Phy interface Condition cause : null
2023-09-11 19:59:47,110 [WARN] PackLoader:240 - Cannot read IP mode file for STMicroelectronics.X-CUBE-AZRTOS-L4.2.0.0
2023-09-11 19:59:47,113 [WARN] ConditionMgr:1039 - genDependencies : Invalid condition id : LAN8742 Phy interface Condition cause : null
2023-09-11 19:59:47,114 [WARN] ConditionMgr:1039 - genDependencies : Invalid condition id : LAN8742 Phy interface Condition cause : null
2023-09-11 19:59:47,115 [WARN] ConditionMgr:1039 - genDependencies : Invalid condition id : LAN8742 Phy interface Condition cause : null
2023-09-11 19:59:47,156 [WARN] PackLoader:240 - Cannot read IP mode file for STMicroelectronics.X-CUBE-SFXS2LP1.4.0.0
2023-09-11 19:59:47,195 [WARN] PackLoader:240 - Cannot read IP mode file for STMicroelectronics.X-CUBE-ISPU.1.1.0
2023-09-11 19:59:47,275 [WARN] ConditionMgr:438 - getConditionDescription Invalid condition id : UX DEVICE CLASS RTOS Condition cause : null
2023-09-11 19:59:47,276 [WARN] ConditionMgr:438 - getConditionDescription Invalid condition id : UX DEVICE CLASS RTOS Condition cause : null
2023-09-11 19:59:47,279 [WARN] PackLoader:240 - Cannot read IP mode file for STMicroelectronics.X-CUBE-AZRTOS-WB.2.0.0
2023-09-11 19:59:47,280 [WARN] ConditionMgr:1039 - genDependencies : Invalid condition id : UX DEVICE CLASS RTOS Condition cause : null
2023-09-11 19:59:47,281 [WARN] ConditionMgr:1039 - genDependencies : Invalid condition id : UX DEVICE CLASS RTOS Condition cause : null
2023-09-11 19:59:47,283 [WARN] ConditionMgr:1039 - genDependencies : Invalid condition id : UX DEVICE CLASS RTOS Condition cause : null
2023-09-11 19:59:47,284 [WARN] ConditionMgr:1039 - genDependencies : Invalid condition id : UX DEVICE CLASS RTOS Condition cause : null
2023-09-11 19:59:47,284 [WARN] ConditionMgr:1039 - genDependencies : Invalid condition id : UX DEVICE CLASS RTOS Condition cause : null
2023-09-11 19:59:47,325 [WARN] PackLoader:240 - Cannot read IP mode file for STMicroelectronics.X-CUBE-SUBG2.5.0.0
2023-09-11 19:59:47,396 [WARN] PackLoader:240 - Cannot read IP mode file for STMicroelectronics.X-CUBE-TOF1.3.3.1
2023-09-11 19:59:47,476 [WARN] PackLoader:240 - Cannot read IP mode file for STMicroelectronics.X-CUBE-AZRTOS-G4.2.0.0
2023-09-11 19:59:47,496 [WARN] PackLoader:240 - Cannot read IP mode file for STMicroelectronics.X-CUBE-FREERTOS.1.1.0
2023-09-11 19:59:47,536 [WARN] PackLoader:240 - Cannot read IP mode file for portGmbH.I-Cube-SoM-uGOAL.1.1.0
2023-09-11 19:59:47,548 [WARN] PackLoader:240 - Cannot read IP mode file for STMicroelectronics.X-CUBE-ALS.1.0.1
2023-09-11 19:59:47,577 [WARN] PackLoader:240 - Cannot read IP mode file for STMicroelectronics.FP-ATR-ASTRA1.2.0.0
2023-09-11 19:59:47,578 [INFO] ThirdParty:978 - Integrity check success = true
2023-09-11 19:59:47,578 [INFO] IntegrityCheckThread:100 - exiting critical section [integrity check]
2023-09-11 19:59:47,578 [INFO] IntegrityCheckThread:103 - End integrity checks thread
2023-09-11 19:59:56,701 [INFO] WebApp:157 - Instantiating new browser for Auth
2023-09-11 20:00:03,549 [INFO] WebApp:753 - Register for checkConnection events
2023-09-11 20:00:03,549 [INFO] WebApp:390 - Apply proxy settings
2023-09-11 20:00:03,549 [INFO] WebApp:475 - Chromium requires no authentication
2023-09-11 20:00:03,555 [INFO] WebApp:418 - Direct internet connection detected
2023-09-11 20:00:03,750 [INFO] WebApp:188 - Starting web application
2023-09-11 20:00:03,750 [INFO] WebApp:520 - Web application path used /opt/st/stm32cubeide_1.13.1/plugins/com.st.stm32cube.common.mx_6.9.1.202307191849/db/plugins/mcufinder/reactClient1/index.html
2023-09-11 20:00:25,179 [ERROR] LogOutputStream:75 - [STDERR_REDIRECT] SLF4J: Failed to load class "org.slf4j.impl.StaticLoggerBinder".
2023-09-11 20:00:25,179 [ERROR] LogOutputStream:75 - [STDERR_REDIRECT] SLF4J: Defaulting to no-operation (NOP) logger implementation
2023-09-11 20:00:25,180 [ERROR] LogOutputStream:75 - [STDERR_REDIRECT] SLF4J: See http://www.slf4j.org/codes.html#StaticLoggerBinder for further details.
2023-09-11 22:24:39,854 [ERROR] ConfigurationRetriever:142 - IOException on connection: Read timed out
2023-09-11 22:24:39,956 [ERROR] LogOutputStream:75 - [STDERR_REDIRECT] SWT SessionManagerDBus: Failed to UnregisterClient: GDBus.Error:org.freedesktop.DBus.Error.NoReply: Message recipient disconnected from message bus without replying
