2023-09-16 09:04:33,965 [INFO] Activator:176 - 


2023-09-16 09:04:33,980 [INFO] Activator:177 - !SESSION log4j initialized
2023-09-16 09:04:42,071 [INFO] LogOutputStream:77 - [STDOUT_REDIRECT] 
2023-09-16 09:04:44,129 [INFO] ApplicationProperties:184 - Using Application install path: /opt/st/stm32cubeide_1.13.1/plugins/com.st.stm32cube.common.mx_6.9.1.202307191849
2023-09-16 09:04:44,165 [INFO] DbMcusXml:78 - Set database path to: /opt/st/stm32cubeide_1.13.1/plugins/com.st.stm32cube.common.mx_6.9.1.202307191849//db//mcu/
2023-09-16 09:04:44,165 [INFO] ApiDb:274 - Set plugin database path to: /opt/st/stm32cubeide_1.13.1/plugins/com.st.stm32cube.common.mx_6.9.1.202307191849//db//plugins/boardmanager/
2023-09-16 09:04:44,166 [WARN] ApiDb:259 - Overriding images path with different value:  => /opt/st/stm32cubeide_1.13.1/plugins/com.st.stm32cube.common.mx_6.9.1.202307191849//db//plugins/mcufinder/images/
2023-09-16 09:04:44,232 [INFO] ApiDb:250 - Set database path to: /home/meisam/.stmcufinder/plugins/mcufinder//mcu/
2023-09-16 09:04:44,234 [INFO] DbMcusAds:125 - Set database path to: /home/meisam/.stmcufinder/plugins/mcufinder//mcu/
2023-09-16 09:04:44,237 [INFO] CrossReferenceDbSqlite:203 - Set database path to: /home/meisam/.stmcufinder/plugins/mcufinder//mcu/cs/
2023-09-16 09:04:44,422 [INFO] RulesReader:64 - Compatibility file has been processed (293 Rules)
2023-09-16 09:04:44,612 [INFO] DbMcusXml:78 - Set database path to: /opt/st/stm32cubeide_1.13.1/plugins/com.st.stm32cube.common.mx_6.9.1.202307191849//db//mcu/
2023-09-16 09:04:44,612 [INFO] ApiDb:274 - Set plugin database path to: /opt/st/stm32cubeide_1.13.1/plugins/com.st.stm32cube.common.mx_6.9.1.202307191849//db//plugins/boardmanager/
2023-09-16 09:04:44,612 [INFO] ApiDb:261 - Set plugin images path to: /opt/st/stm32cubeide_1.13.1/plugins/com.st.stm32cube.common.mx_6.9.1.202307191849//db//plugins/mcufinder/images/
2023-09-16 09:04:44,612 [WARN] DbFile:41 - Overriding database path with different value: /home/meisam/.stmcufinder/plugins/mcufinder/ => /home/meisam/.stmcufinder/plugins/mcufinder
2023-09-16 09:04:44,612 [INFO] ApiDb:250 - Set database path to: /home/meisam/.stmcufinder/plugins/mcufinder//mcu/
2023-09-16 09:04:44,613 [WARN] DbFile:41 - Overriding database path with different value: /home/meisam/.stmcufinder/plugins/mcufinder/ => /home/meisam/.stmcufinder/plugins/mcufinder
2023-09-16 09:04:44,613 [INFO] DbMcusAds:125 - Set database path to: /home/meisam/.stmcufinder/plugins/mcufinder//mcu/
2023-09-16 09:04:44,613 [WARN] DbFile:41 - Overriding database path with different value: /home/meisam/.stmcufinder/plugins/mcufinder/ => /home/meisam/.stmcufinder/plugins/mcufinder
2023-09-16 09:04:44,613 [WARN] DbFile:41 - Overriding database path with different value: /home/meisam/.stmcufinder/plugins/mcufinder/ => /home/meisam/.stmcufinder/plugins/mcufinder
2023-09-16 09:04:44,613 [INFO] CrossReferenceDbSqlite:203 - Set database path to: /home/meisam/.stmcufinder/plugins/mcufinder//mcu/cs/
2023-09-16 09:04:44,786 [INFO] MainPanel:262 - HeapMemory: 268435456
2023-09-16 09:04:44,972 [INFO] DbMcusXml:78 - Set database path to: /opt/st/stm32cubeide_1.13.1/plugins/com.st.stm32cube.common.mx_6.9.1.202307191849//db//mcu/
2023-09-16 09:04:44,972 [INFO] ApiDb:274 - Set plugin database path to: /opt/st/stm32cubeide_1.13.1/plugins/com.st.stm32cube.common.mx_6.9.1.202307191849//db//plugins/boardmanager/
2023-09-16 09:04:44,972 [INFO] ApiDb:261 - Set plugin images path to: /opt/st/stm32cubeide_1.13.1/plugins/com.st.stm32cube.common.mx_6.9.1.202307191849//db//plugins/mcufinder/images/
2023-09-16 09:04:44,983 [WARN] DbFile:41 - Overriding database path with different value: /home/meisam/.stmcufinder/plugins/mcufinder/ => /home/meisam/.stmcufinder/plugins/mcufinder
2023-09-16 09:04:44,983 [INFO] ApiDb:250 - Set database path to: /home/meisam/.stmcufinder/plugins/mcufinder//mcu/
2023-09-16 09:04:44,983 [WARN] DbFile:41 - Overriding database path with different value: /home/meisam/.stmcufinder/plugins/mcufinder/ => /home/meisam/.stmcufinder/plugins/mcufinder
2023-09-16 09:04:44,984 [INFO] DbMcusAds:125 - Set database path to: /home/meisam/.stmcufinder/plugins/mcufinder//mcu/
2023-09-16 09:04:44,984 [WARN] DbFile:41 - Overriding database path with different value: /home/meisam/.stmcufinder/plugins/mcufinder/ => /home/meisam/.stmcufinder/plugins/mcufinder
2023-09-16 09:04:44,984 [WARN] DbFile:41 - Overriding database path with different value: /home/meisam/.stmcufinder/plugins/mcufinder/ => /home/meisam/.stmcufinder/plugins/mcufinder
2023-09-16 09:04:44,984 [INFO] CrossReferenceDbSqlite:203 - Set database path to: /home/meisam/.stmcufinder/plugins/mcufinder//mcu/cs/
2023-09-16 09:04:45,007 [INFO] ApplicationProperties:184 - Using Application install path: /opt/st/stm32cubeide_1.13.1/plugins/com.st.stm32cube.common.mx_6.9.1.202307191849
2023-09-16 09:04:45,009 [INFO] PluginManage:196 - Search for loadable plugins [exclusion list=, ]
2023-09-16 09:04:45,017 [INFO] PluginManage:310 - Check plugin analytics
2023-09-16 09:04:45,279 [INFO] AnalyticsPlugin:253 - Accepted Software Licenses: 
2023-09-16 09:04:45,279 [INFO] AnalyticsPlugin:255 - Accepted CMSIS Pack Licenses: 
2023-09-16 09:04:45,280 [INFO] AnalyticsPlugin:257 - Accepted Firmware Licenses: 
2023-09-16 09:04:45,283 [INFO] PluginManage:359 - Loaded plugin analytics (category:tool,tabindex:-1)
2023-09-16 09:04:45,284 [INFO] PluginManage:310 - Check plugin cadmodel
2023-09-16 09:04:45,426 [INFO] CADModel:105 - Init CAD model plugin
2023-09-16 09:04:45,427 [INFO] PluginManage:359 - Loaded plugin cadmodel (category:power,tabindex:5)
2023-09-16 09:04:45,427 [INFO] PluginManage:310 - Check plugin clock
2023-09-16 09:04:45,457 [INFO] PluginManage:359 - Loaded plugin clock (category:base,tabindex:2)
2023-09-16 09:04:45,457 [INFO] PluginManage:310 - Check plugin ddr
2023-09-16 09:04:45,468 [INFO] PluginManage:359 - Loaded plugin ddr (category:tool,tabindex:6)
2023-09-16 09:04:45,468 [INFO] PluginManage:310 - Check plugin filemanager
2023-09-16 09:04:45,719 [INFO] PluginManage:359 - Loaded plugin filemanager (category:base,tabindex:10)
2023-09-16 09:04:45,719 [INFO] PluginManage:310 - Check plugin ipmanager
2023-09-16 09:04:45,752 [INFO] PluginManage:359 - Loaded plugin ipmanager (category:base,tabindex:5)
2023-09-16 09:04:45,752 [INFO] PluginManage:310 - Check plugin lpbam
2023-09-16 09:04:45,776 [INFO] PluginManage:359 - Loaded plugin lpbam (category:base,tabindex:0)
2023-09-16 09:04:45,776 [INFO] PluginManage:310 - Check plugin memorymap
2023-09-16 09:04:45,808 [INFO] PluginManage:359 - Loaded plugin memorymap (category:base,tabindex:4)
2023-09-16 09:04:45,808 [INFO] PluginManage:310 - Check plugin pinoutandconfiguration
2023-09-16 09:04:45,837 [INFO] PluginManage:359 - Loaded plugin pinoutandconfiguration (category:base,tabindex:1)
2023-09-16 09:04:45,837 [INFO] PluginManage:310 - Check plugin pinoutconfig
2023-09-16 09:04:46,033 [WARN] SupportedApi:132 - Cannot load RTOS API schema: s4s-elt-must-match.1: The content of 'definitions' must match (annotation?, (simpleType | complexType)?, (unique | key | keyref)*)). A problem was found starting at: attribute.
2023-09-16 09:04:46,218 [INFO] PluginManage:359 - Loaded plugin pinoutconfig (category:base,tabindex:0)
2023-09-16 09:04:46,218 [INFO] PluginManage:310 - Check plugin power
2023-09-16 09:04:46,263 [INFO] PluginManage:359 - Loaded plugin power (category:power,tabindex:4)
2023-09-16 09:04:46,264 [INFO] PluginManage:310 - Check plugin projectmanager
2023-09-16 09:04:46,286 [INFO] PluginManage:359 - Loaded plugin projectmanager (category:projectmanager,tabindex:3)
2023-09-16 09:04:46,286 [INFO] PluginManage:310 - Check plugin thirdparty
2023-09-16 09:04:46,582 [WARN] IntegrityCheckThread:84 - waiting for thirdparty lock release [integrity check]
2023-09-16 09:04:46,582 [INFO] PluginManage:359 - Loaded plugin thirdparty (category:base,tabindex:-1)
2023-09-16 09:04:46,582 [INFO] IntegrityCheckThread:86 - entering critical section [integrity check]
2023-09-16 09:04:46,582 [INFO] PluginManage:310 - Check plugin tools
2023-09-16 09:04:46,583 [INFO] ThirdPartyUpdaterWithRetryManager:70 - Updater plugin not ready yet. [1/15]
2023-09-16 09:04:46,588 [INFO] PluginManage:359 - Loaded plugin tools (category:base,tabindex:7)
2023-09-16 09:04:46,589 [INFO] PluginManage:310 - Check plugin tutovideos
2023-09-16 09:04:46,822 [INFO] PluginManage:359 - Loaded plugin tutovideos (category:base,tabindex:-1)
2023-09-16 09:04:46,823 [INFO] PluginManage:310 - Check plugin updater
2023-09-16 09:04:46,851 [INFO] PluginManage:359 - Loaded plugin updater (category:base,tabindex:12)
2023-09-16 09:04:46,852 [INFO] PluginManage:310 - Check plugin userauth
2023-09-16 09:04:46,867 [INFO] UserAuth:113 - Init User Auth plugin
2023-09-16 09:04:46,867 [INFO] PluginManage:359 - Loaded plugin userauth (category:base,tabindex:14)
2023-09-16 09:04:46,868 [INFO] PluginManage:283 - PluginManage : Loaded plugins [17]
2023-09-16 09:04:47,337 [INFO] PinOutPanel:1499 - setPackage(No Configuration,No Configuration)
2023-09-16 09:04:47,523 [INFO] CADModel:165 - CPN selected for project level
2023-09-16 09:04:47,523 [INFO] CADModel:114 - Register for checkConnection events
2023-09-16 09:04:47,587 [INFO] IPUIPlugin:80 - create IPUIPlugin
2023-09-16 09:04:47,587 [INFO] PluginManager:220 - loadIPPluginJar : add gfxmmu
2023-09-16 09:04:47,608 [INFO] IPUIPlugin:80 - create IPUIPlugin
2023-09-16 09:04:47,608 [INFO] PluginManager:220 - loadIPPluginJar : add fmc
2023-09-16 09:04:47,648 [INFO] IPUIPlugin:80 - create IPUIPlugin
2023-09-16 09:04:47,648 [INFO] PluginManager:220 - loadIPPluginJar : add stm32_wpan
2023-09-16 09:04:47,725 [INFO] IPUIPlugin:80 - create IPUIPlugin
2023-09-16 09:04:47,726 [INFO] PluginManager:220 - loadIPPluginJar : add freertos
2023-09-16 09:04:47,748 [INFO] IPUIPlugin:80 - create IPUIPlugin
2023-09-16 09:04:47,748 [INFO] PluginManager:220 - loadIPPluginJar : add opamp
2023-09-16 09:04:47,750 [INFO] IPUIPlugin:80 - create IPUIPlugin
2023-09-16 09:04:47,750 [INFO] PluginManager:220 - loadIPPluginJar : add quadspi
2023-09-16 09:04:47,752 [INFO] IPUIPlugin:80 - create IPUIPlugin
2023-09-16 09:04:47,752 [INFO] PluginManager:220 - loadIPPluginJar : add usart
2023-09-16 09:04:47,771 [INFO] IPUIPlugin:80 - create IPUIPlugin
2023-09-16 09:04:47,778 [INFO] PluginManager:220 - loadIPPluginJar : add nvic
2023-09-16 09:04:47,783 [INFO] IPUIPlugin:80 - create IPUIPlugin
2023-09-16 09:04:47,783 [INFO] PluginManager:220 - loadIPPluginJar : add touchsensing
2023-09-16 09:04:47,788 [INFO] IPUIPlugin:80 - create IPUIPlugin
2023-09-16 09:04:47,788 [INFO] PluginManager:220 - loadIPPluginJar : add gic
2023-09-16 09:04:47,812 [INFO] IPUIPlugin:80 - create IPUIPlugin
2023-09-16 09:04:47,812 [INFO] PluginManager:220 - loadIPPluginJar : add i2c
2023-09-16 09:04:47,815 [INFO] IPUIPlugin:80 - create IPUIPlugin
2023-09-16 09:04:47,815 [INFO] PluginManager:220 - loadIPPluginJar : add lorawan
2023-09-16 09:04:47,824 [INFO] IPUIPlugin:80 - create IPUIPlugin
2023-09-16 09:04:47,824 [INFO] PluginManager:220 - loadIPPluginJar : add adc
2023-09-16 09:04:47,858 [INFO] IPUIPlugin:80 - create IPUIPlugin
2023-09-16 09:04:47,859 [INFO] PluginManager:220 - loadIPPluginJar : add resmgrutility
2023-09-16 09:04:47,884 [INFO] IPUIPlugin:80 - create IPUIPlugin
2023-09-16 09:04:47,884 [INFO] PluginManager:220 - loadIPPluginJar : add linkedlist
2023-09-16 09:04:47,886 [INFO] IPUIPlugin:80 - create IPUIPlugin
2023-09-16 09:04:47,886 [INFO] PluginManager:220 - loadIPPluginJar : add tracer_emb
2023-09-16 09:04:47,888 [INFO] IPUIPlugin:80 - create IPUIPlugin
2023-09-16 09:04:47,888 [INFO] PluginManager:220 - loadIPPluginJar : add ltdc
2023-09-16 09:04:47,889 [INFO] IPUIPlugin:80 - create IPUIPlugin
2023-09-16 09:04:47,889 [INFO] PluginManager:220 - loadIPPluginJar : add comp
2023-09-16 09:04:47,890 [INFO] IPUIPlugin:80 - create IPUIPlugin
2023-09-16 09:04:47,891 [INFO] PluginManager:220 - loadIPPluginJar : add genericplugin
2023-09-16 09:04:47,892 [INFO] IPUIPlugin:80 - create IPUIPlugin
2023-09-16 09:04:47,892 [INFO] PluginManager:220 - loadIPPluginJar : add i2s
2023-09-16 09:04:47,894 [INFO] IPUIPlugin:80 - create IPUIPlugin
2023-09-16 09:04:47,894 [INFO] PluginManager:220 - loadIPPluginJar : add dma3
2023-09-16 09:04:47,926 [INFO] IPUIPlugin:80 - create IPUIPlugin
2023-09-16 09:04:47,926 [INFO] PluginManager:220 - loadIPPluginJar : add dma
2023-09-16 09:04:47,930 [INFO] IPUIPlugin:80 - create IPUIPlugin
2023-09-16 09:04:47,930 [INFO] PluginManager:220 - loadIPPluginJar : add gtzc
2023-09-16 09:04:47,952 [INFO] IPUIPlugin:80 - create IPUIPlugin
2023-09-16 09:04:47,953 [INFO] PluginManager:220 - loadIPPluginJar : add gpio
2023-09-16 09:04:47,954 [INFO] IPUIPlugin:80 - create IPUIPlugin
2023-09-16 09:04:47,954 [INFO] PluginManager:220 - loadIPPluginJar : add tim
2023-09-16 09:04:47,957 [INFO] IPUIPlugin:80 - create IPUIPlugin
2023-09-16 09:04:47,957 [INFO] PluginManager:220 - loadIPPluginJar : add sai
2023-09-16 09:04:47,959 [INFO] IPUIPlugin:80 - create IPUIPlugin
2023-09-16 09:04:47,959 [INFO] PluginManager:220 - loadIPPluginJar : add aes
2023-09-16 09:04:47,961 [INFO] IPUIPlugin:80 - create IPUIPlugin
2023-09-16 09:04:47,961 [INFO] PluginManager:220 - loadIPPluginJar : add usbx
2023-09-16 09:04:47,964 [INFO] IPUIPlugin:80 - create IPUIPlugin
2023-09-16 09:04:47,964 [INFO] PluginManager:220 - loadIPPluginJar : add openamp
2023-09-16 09:04:47,966 [INFO] IPUIPlugin:80 - create IPUIPlugin
2023-09-16 09:04:47,966 [INFO] PluginManager:220 - loadIPPluginJar : add can
2023-09-16 09:04:47,968 [INFO] IPUIPlugin:80 - create IPUIPlugin
2023-09-16 09:04:47,968 [INFO] PluginManager:220 - loadIPPluginJar : add pdm2pcm
2023-09-16 09:04:47,970 [INFO] IPUIPlugin:80 - create IPUIPlugin
2023-09-16 09:04:47,970 [INFO] PluginManager:220 - loadIPPluginJar : add ucpd
2023-09-16 09:04:47,971 [INFO] IPUIPlugin:80 - create IPUIPlugin
2023-09-16 09:04:47,971 [INFO] PluginManager:220 - loadIPPluginJar : add fatfs
2023-09-16 09:04:47,973 [INFO] IPUIPlugin:80 - create IPUIPlugin
2023-09-16 09:04:47,973 [INFO] PluginManager:220 - loadIPPluginJar : add hash
2023-09-16 09:04:47,975 [INFO] IPUIPlugin:80 - create IPUIPlugin
2023-09-16 09:04:47,975 [INFO] PluginManager:220 - loadIPPluginJar : add cryp
2023-09-16 09:04:47,977 [INFO] IPUIPlugin:80 - create IPUIPlugin
2023-09-16 09:04:47,977 [INFO] PluginManager:220 - loadIPPluginJar : add spi
2023-09-16 09:04:47,979 [INFO] IPUIPlugin:80 - create IPUIPlugin
2023-09-16 09:04:47,979 [INFO] PluginManager:220 - loadIPPluginJar : add ts
2023-09-16 09:04:47,981 [INFO] IPUIPlugin:80 - create IPUIPlugin
2023-09-16 09:04:47,981 [INFO] PluginManager:220 - loadIPPluginJar : add dfsdm
2023-09-16 09:04:48,018 [INFO] IPUIPlugin:80 - create IPUIPlugin
2023-09-16 09:04:48,021 [INFO] PluginManager:220 - loadIPPluginJar : add plateformsettings
2023-09-16 09:04:48,035 [INFO] IPUIPlugin:80 - create IPUIPlugin
2023-09-16 09:04:48,035 [INFO] PluginManager:220 - loadIPPluginJar : add ipddr
2023-09-16 09:04:48,055 [INFO] IPUIPlugin:80 - create IPUIPlugin
2023-09-16 09:04:48,055 [INFO] PluginManager:220 - loadIPPluginJar : add mdma
2023-09-16 09:04:48,057 [INFO] IPUIPlugin:80 - create IPUIPlugin
2023-09-16 09:04:48,057 [INFO] PluginManager:220 - loadIPPluginJar : add tsc
2023-09-16 09:04:48,059 [INFO] IPUIPlugin:80 - create IPUIPlugin
2023-09-16 09:04:48,059 [INFO] PluginManager:220 - loadIPPluginJar : add i3c
2023-09-16 09:04:48,181 [INFO] CADModel:165 - CPN selected for project level
2023-09-16 09:04:48,181 [INFO] CADModel:114 - Register for checkConnection events
2023-09-16 09:04:48,182 [FATAL] Updater:308 - Updater called before beeing initialized
2023-09-16 09:04:48,182 [ERROR] CADModel:125 - Updater not yet initialized, retry later 
2023-09-16 09:04:48,463 [INFO] CADModel:165 - CPN selected for project level
2023-09-16 09:04:48,463 [INFO] CADModel:114 - Register for checkConnection events
2023-09-16 09:04:48,463 [FATAL] Updater:308 - Updater called before beeing initialized
2023-09-16 09:04:48,463 [ERROR] CADModel:125 - Updater not yet initialized, retry later 
2023-09-16 09:04:48,466 [FATAL] Updater:308 - Updater called before beeing initialized
2023-09-16 09:04:48,550 [FATAL] Updater:308 - Updater called before beeing initialized
2023-09-16 09:04:48,565 [INFO] DbMcusAds:53 - JSON generation date=Tue Mar 07 12:20:55 IRST 2023 (1678179055114)
2023-09-16 09:04:48,566 [FATAL] Updater:308 - Updater called before beeing initialized
2023-09-16 09:04:48,654 [WARN] DetailPanel:346 - Failed to get advertising image, set to default
2023-09-16 09:04:48,776 [FATAL] Updater:308 - Updater called before beeing initialized
2023-09-16 09:04:48,781 [FATAL] Updater:308 - Updater called before beeing initialized
2023-09-16 09:04:48,781 [FATAL] Updater:308 - Updater called before beeing initialized
2023-09-16 09:04:48,782 [WARN] DetailPanel:346 - Failed to get advertising image, set to default
2023-09-16 09:04:48,782 [FATAL] Updater:308 - Updater called before beeing initialized
2023-09-16 09:04:48,839 [ERROR] Updater:1120 - MainUpdater not yet initialized. External WinMGr cannot be set.
2023-09-16 09:04:48,841 [INFO] Updater:1056 - Updater Version found : 6.9.1
2023-09-16 09:04:48,877 [INFO] ApplicationProperties:184 - Using Application install path: /opt/st/stm32cubeide_1.13.1/plugins/com.st.stm32cube.common.mx_6.9.1.202307191849
2023-09-16 09:04:49,354 [INFO] MainUpdater:2868 - connection check result : 10
2023-09-16 09:04:49,355 [INFO] MainUpdater:285 - Updater Check For Update Now.
2023-09-16 09:04:49,355 [INFO] MicroXplorer:498 - Change Database Version : DB.6.0.91
2023-09-16 09:04:49,373 [INFO] McuFinderGlobals:63 - Set McuFinder mode to 2 (CubeIDE integrated)
2023-09-16 09:04:49,373 [INFO] UserAuth:179 - activating auth plugin
2023-09-16 09:04:49,376 [INFO] UserAuth:393 - Internet connection configuration mode: 1
2023-09-16 09:04:49,521 [INFO] JxBrowserEngine:151 - Initiate JxBrowser Engine with user profile folder
2023-09-16 09:04:49,583 [WARN] MainUpdater:1189 - Updater busy. Cannot search thirdparties
2023-09-16 09:04:49,584 [INFO] ThirdPartyUpdaterWithRetryManager:96 - Updater plugin is busy. [1/15]
2023-09-16 09:04:49,657 [INFO] CheckServerUpdateThread:120 - End of CheckServer Thread
2023-09-16 09:04:53,683 [WARN] PackLoader:240 - Cannot read IP mode file for STMicroelectronics.X-CUBE-SMBUS.2.1.0
2023-09-16 09:04:53,810 [WARN] PackLoader:240 - Cannot read IP mode file for STMicroelectronics.X-CUBE-AZRTOS-F7.1.1.0
2023-09-16 09:04:53,846 [WARN] PackLoader:240 - Cannot read IP mode file for STMicroelectronics.FP-SNS-MOTENV1.4.3.2
2023-09-16 09:04:53,871 [WARN] PackLoader:240 - Cannot read IP mode file for STMicroelectronics.FP-SNS-FLIGHT1.5.0.2
2023-09-16 09:04:53,911 [WARN] PackLoader:240 - Cannot read IP mode file for STMicroelectronics.X-CUBE-DISPLAY.3.0.0
2023-09-16 09:04:53,962 [WARN] PackLoader:240 - Cannot read IP mode file for STMicroelectronics.X-CUBE-BLE1.7.0.0
2023-09-16 09:04:54,000 [WARN] PackLoader:240 - Cannot read IP mode file for emotas.I-CUBE-CANOPEN.1.3.0
2023-09-16 09:04:54,036 [WARN] PackLoader:240 - Cannot read IP mode file for STMicroelectronics.X-CUBE-TOUCHGFX.4.22.0
2023-09-16 09:04:54,072 [WARN] PackLoader:240 - Cannot read IP mode file for STMicroelectronics.FP-SNS-SMARTAG2.1.2.0
2023-09-16 09:04:54,153 [INFO] LogOutputStream:77 - [STDOUT_REDIRECT] 1 : Invalid condition id : UX_CORESTACK_Condition cause : null
2023-09-16 09:04:54,154 [INFO] LogOutputStream:77 - [STDOUT_REDIRECT] 1 : Invalid condition id : UX_CORESTACK_Condition cause : null
2023-09-16 09:04:54,155 [INFO] LogOutputStream:77 - [STDOUT_REDIRECT] 1 : Invalid condition id : UX_CORESTACK_Condition cause : null
2023-09-16 09:04:54,156 [INFO] LogOutputStream:77 - [STDOUT_REDIRECT] 1 : Invalid condition id : UX_CORESTACK_Condition cause : null
2023-09-16 09:04:54,156 [INFO] LogOutputStream:77 - [STDOUT_REDIRECT] 1 : Invalid condition id : UX_CORESTACK_Condition cause : null
2023-09-16 09:04:54,166 [WARN] PackLoader:240 - Cannot read IP mode file for STMicroelectronics.X-CUBE-AZRTOS-WL.2.0.0
2023-09-16 09:04:54,202 [WARN] PackLoader:240 - Cannot read IP mode file for WES.I-CUBE-Cesium.1.3.0
2023-09-16 09:04:54,238 [WARN] PackLoader:240 - Cannot read IP mode file for STMicroelectronics.X-CUBE-BLE2.3.3.0
2023-09-16 09:04:54,266 [WARN] PackLoader:240 - Cannot read IP mode file for STMicroelectronics.X-CUBE-ALGOBUILD.1.3.0
2023-09-16 09:04:54,367 [WARN] PackLoader:240 - Cannot read IP mode file for STMicroelectronics.X-CUBE-AZRTOS-G0.1.1.0
2023-09-16 09:04:54,573 [WARN] PackLoader:240 - Cannot read IP mode file for STMicroelectronics.X-CUBE-NFC4.3.0.0
2023-09-16 09:04:54,595 [WARN] PackLoader:240 - Cannot read IP mode file for STMicroelectronics.FP-ATR-SIGFOX1.3.2.0
2023-09-16 09:04:54,664 [WARN] PackLoader:240 - Cannot read IP mode file for SEGGER.I-CUBE-embOS.1.3.1
2023-09-16 09:04:54,788 [WARN] PackLoader:240 - Cannot read IP mode file for STMicroelectronics.X-CUBE-GNSS1.6.0.0
2023-09-16 09:04:54,876 [WARN] PackLoader:240 - Cannot read IP mode file for STMicroelectronics.X-CUBE-AZRTOS-F4.1.1.0
2023-09-16 09:04:54,965 [WARN] PackLoader:240 - Cannot read IP mode file for STMicroelectronics.X-CUBE-AZRTOS-L5.2.0.0
2023-09-16 09:04:55,071 [WARN] PackLoader:240 - Cannot read IP mode file for STMicroelectronics.X-CUBE-MEMS1.9.6.0
2023-09-16 09:04:55,276 [WARN] PackLoader:240 - Cannot read IP mode file for STMicroelectronics.X-CUBE-BLEMGR.2.0.0
2023-09-16 09:04:55,350 [WARN] ConditionMgr:438 - getConditionDescription Invalid condition id : UX DEVICE CLASS RTOS Condition cause : null
2023-09-16 09:04:55,350 [WARN] ConditionMgr:438 - getConditionDescription Invalid condition id : UX DEVICE CLASS RTOS Condition cause : null
2023-09-16 09:04:55,353 [WARN] PackLoader:240 - Cannot read IP mode file for STMicroelectronics.X-CUBE-AZRTOS-H7.3.1.0
2023-09-16 09:04:55,355 [WARN] ConditionMgr:1039 - genDependencies : Invalid condition id : UX DEVICE CLASS RTOS Condition cause : null
2023-09-16 09:04:55,355 [WARN] ConditionMgr:1039 - genDependencies : Invalid condition id : UX DEVICE CLASS RTOS Condition cause : null
2023-09-16 09:04:55,356 [WARN] ConditionMgr:1039 - genDependencies : Invalid condition id : UX DEVICE CLASS RTOS Condition cause : null
2023-09-16 09:04:55,357 [WARN] ConditionMgr:1039 - genDependencies : Invalid condition id : UX DEVICE CLASS RTOS Condition cause : null
2023-09-16 09:04:55,357 [WARN] ConditionMgr:1039 - genDependencies : Invalid condition id : UX DEVICE CLASS RTOS Condition cause : null
2023-09-16 09:04:55,388 [WARN] PackLoader:240 - Cannot read IP mode file for STMicroelectronics.X-CUBE-NFC7.1.0.1
2023-09-16 09:04:55,418 [WARN] PackLoader:240 - Cannot read IP mode file for STMicroelectronics.X-CUBE-NFC6.3.0.0
2023-09-16 09:04:55,446 [WARN] PackLoader:240 - Cannot read IP mode file for STMicroelectronics.X-CUBE-EEPRMA1.4.1.0
2023-09-16 09:04:55,468 [WARN] PackLoader:240 - Cannot read IP mode file for STMicroelectronics.X-CUBE-AI.8.1.0
2023-09-16 09:04:55,543 [WARN] ConditionMgr:438 - getConditionDescription Invalid condition id : LAN8742 Phy interface Condition cause : null
2023-09-16 09:04:55,544 [WARN] PackLoader:240 - Cannot read IP mode file for STMicroelectronics.X-CUBE-AZRTOS-L4.2.0.0
2023-09-16 09:04:55,546 [WARN] ConditionMgr:1039 - genDependencies : Invalid condition id : LAN8742 Phy interface Condition cause : null
2023-09-16 09:04:55,546 [WARN] ConditionMgr:1039 - genDependencies : Invalid condition id : LAN8742 Phy interface Condition cause : null
2023-09-16 09:04:55,547 [WARN] ConditionMgr:1039 - genDependencies : Invalid condition id : LAN8742 Phy interface Condition cause : null
2023-09-16 09:04:55,570 [WARN] PackLoader:240 - Cannot read IP mode file for STMicroelectronics.X-CUBE-SFXS2LP1.4.0.0
2023-09-16 09:04:55,587 [WARN] PackLoader:240 - Cannot read IP mode file for STMicroelectronics.X-CUBE-ISPU.1.1.0
2023-09-16 09:04:55,653 [WARN] ConditionMgr:438 - getConditionDescription Invalid condition id : UX DEVICE CLASS RTOS Condition cause : null
2023-09-16 09:04:55,653 [WARN] ConditionMgr:438 - getConditionDescription Invalid condition id : UX DEVICE CLASS RTOS Condition cause : null
2023-09-16 09:04:55,655 [WARN] PackLoader:240 - Cannot read IP mode file for STMicroelectronics.X-CUBE-AZRTOS-WB.2.0.0
2023-09-16 09:04:55,657 [WARN] ConditionMgr:1039 - genDependencies : Invalid condition id : UX DEVICE CLASS RTOS Condition cause : null
2023-09-16 09:04:55,657 [WARN] ConditionMgr:1039 - genDependencies : Invalid condition id : UX DEVICE CLASS RTOS Condition cause : null
2023-09-16 09:04:55,658 [WARN] ConditionMgr:1039 - genDependencies : Invalid condition id : UX DEVICE CLASS RTOS Condition cause : null
2023-09-16 09:04:55,659 [WARN] ConditionMgr:1039 - genDependencies : Invalid condition id : UX DEVICE CLASS RTOS Condition cause : null
2023-09-16 09:04:55,659 [WARN] ConditionMgr:1039 - genDependencies : Invalid condition id : UX DEVICE CLASS RTOS Condition cause : null
2023-09-16 09:04:55,710 [WARN] PackLoader:240 - Cannot read IP mode file for STMicroelectronics.X-CUBE-SUBG2.5.0.0
2023-09-16 09:04:55,763 [WARN] PackLoader:240 - Cannot read IP mode file for STMicroelectronics.X-CUBE-TOF1.3.3.1
2023-09-16 09:04:55,865 [WARN] PackLoader:240 - Cannot read IP mode file for STMicroelectronics.X-CUBE-AZRTOS-G4.2.0.0
2023-09-16 09:04:55,879 [WARN] PackLoader:240 - Cannot read IP mode file for STMicroelectronics.X-CUBE-FREERTOS.1.1.0
2023-09-16 09:04:55,898 [WARN] PackLoader:240 - Cannot read IP mode file for portGmbH.I-Cube-SoM-uGOAL.1.1.0
2023-09-16 09:04:55,925 [WARN] PackLoader:240 - Cannot read IP mode file for STMicroelectronics.X-CUBE-ALS.1.0.1
2023-09-16 09:04:55,945 [WARN] PackLoader:240 - Cannot read IP mode file for STMicroelectronics.FP-ATR-ASTRA1.2.0.0
2023-09-16 09:04:55,946 [INFO] ThirdParty:978 - Integrity check success = true
2023-09-16 09:04:55,946 [INFO] IntegrityCheckThread:100 - exiting critical section [integrity check]
2023-09-16 09:04:55,946 [INFO] IntegrityCheckThread:103 - End integrity checks thread
2023-09-16 09:04:57,776 [INFO] McuFinderGlobals:63 - Set McuFinder mode to 2 (CubeIDE integrated)
2023-09-16 09:04:59,536 [INFO] ApiDb:581 - Connected to CubeFinder SQLite database (/home/meisam/.stmcufinder/plugins/mcufinder/mcu/cube-finder-db.db)
2023-09-16 09:05:01,988 [INFO] ApiDb:668 - CubeFinder database Data Model version=2.1
2023-09-16 09:05:01,988 [INFO] ApiDb:669 - CubeFinder database Configuration version=3.0.37
2023-09-16 09:05:01,989 [INFO] ApiDb:670 - CubeFinder database generation date=2023-08-09 (1691586011)
2023-09-16 09:05:01,989 [INFO] ApiDb:671 - CubeFinder database FW Pack versions=[FP-ATR-ASTRA1_V2.0.0, FP-SNS-FLIGHT1_V5.0.1, FP-SNS-FLIGHT1_V5.0.2, FP-SNS-MOTENV1_V4.3.1, FP-SNS-MOTENV1_V4.3.2, STM32Cube_FW_C0_V1.1.0, STM32Cube_FW_F4_V1.27.1, STM32Cube_FW_F7_V1.17.0, STM32Cube_FW_G0_V1.6.1, STM32Cube_FW_G4_V1.5.1, STM32Cube_FW_H5_V0.5.1, STM32Cube_FW_H5_V1.1.0, STM32Cube_FW_H7_V1.11.0, STM32Cube_FW_L0_V1.12.2, STM32Cube_FW_L5_V1.5.0, STM32Cube_FW_U5_V1.3.0, STM32Cube_FW_U5_V1.3.0RC4, STM32Cube_FW_WBA_V1.0.0RC1, STM32Cube_FW_WBA_V1.1.0, STM32Cube_FW_WBA_V1.1.0RC1, STM32Cube_FW_WB_V1.15.0RC1, STM32Cube_FW_WB_V1.16.0, STM32Cube_FW_WB_V1.16.0RC2, STM32Cube_FW_WB_V1.17.0, STM32Cube_FW_WL_V1.3.0, X-CUBE-ALGOBUILD_V1.3.0, X-CUBE-ALS_V1.0.1, X-CUBE-AZRTOS-F4_V1.1.0, X-CUBE-AZRTOS-F7_V1.1.0, X-CUBE-AZRTOS-G0_V1.1.0, X-CUBE-AZRTOS-G4_V2.0.0, X-CUBE-AZRTOS-H7_V3.1.0, X-CUBE-AZRTOS-L4_V1.0.0, X-CUBE-AZRTOS-L4_V2.0.0, X-CUBE-AZRTOS-L5_V1.1.0, X-CUBE-AZRTOS-WB_V1.1.0, X-CUBE-AZRTOS-WL_V2.0.0, X-CUBE-BLE1_V7.0.0, X-CUBE-BLE2_V3.3.0, X-CUBE-BLEMGR_V2.0.0, X-CUBE-EEPRMA1_V4.1.0, X-CUBE-FREERTOS_V1.1.0, X-CUBE-GNSS1_V6.0.0, X-CUBE-MEMS1_V9.1.0, X-CUBE-MEMS1_V9.4.0, X-CUBE-MEMS1_V9.6.0, X-CUBE-NFC4_V3.0.0, X-CUBE-NFC7_V1.0.0, X-CUBE-SFXS2LP1_V4.0.0, X-CUBE-SUBG2_V5.0.0, X-CUBE-TOF1_V3.3.1]
2023-09-16 09:05:05,044 [INFO] WebApp:157 - Instantiating new browser for Auth
2023-09-16 09:05:06,138 [INFO] DbBoardsSqlite:226 - include board P-NUCLEO-WB55-NUCLEO as a kit item of type 'Nucleo-64'
2023-09-16 09:05:06,138 [INFO] DbBoardsSqlite:226 - include board P-NUCLEO-WB55-USBDONGLE as a kit item of type 'Nucleo USB Dongle'
2023-09-16 09:05:06,248 [INFO] DbBoardsSqlite:226 - include board STEVAL-IDP005V1 as a kit item of type 'Evaluation Board'
2023-09-16 09:05:06,282 [INFO] DbBoardsSqlite:226 - include board STEVAL-IDP005V2 as a kit item of type 'Evaluation Board'
2023-09-16 09:05:10,354 [INFO] ApiDb:240 - Found 323 in-development CPN: [B-G473E-ZEST1S, B-WB1M-WPAN1, B-WL5M-SUBG1, NUCLEO-C031C6, NUCLEO-H503RB, NUCLEO-H563ZI, NUCLEO-U545RE-Q, NUCLEO-U5A5ZJ-Q, NUCLEO-WBA52CG, STEVAL-PROTEUS1, STEVAL-SMARTAG2, STEVAL-STWINBX1, STM320518-EVAL, STM32C0116-DK, STM32C011D6Y3TR, STM32C011D6Y6TR, STM32C011F4P3, STM32C011F4P6, STM32C011F4U3, STM32C011F4U6TR, STM32C011F6P3, STM32C011F6P6, STM32C011F6U3, STM32C011F6U6TR, STM32C011J4M3, STM32C011J4M6, STM32C011J6M3, STM32C011J6M6, STM32C0316-DK, STM32C031C4T3, STM32C031C4T6, STM32C031C4U3, STM32C031C4U6, STM32C031C6T3, STM32C031C6T6, STM32C031C6U3, STM32C031C6U6, STM32C031F4P3, STM32C031F4P6, STM32C031F6P3, STM32C031F6P6, STM32C031G4U3, STM32C031G4U6, STM32C031G6U3, STM32C031G6U6, STM32C031K4T3, STM32C031K4T6, STM32C031K4U3, STM32C031K4U6, STM32C031K6T3, STM32C031K6T6, STM32C031K6U3, STM32C031K6U6, STM32G071K8TXN, STM32G071K8UXN, STM32G081GBU6N, STM32G081KBT6N, STM32G081KBUXN, STM32G0B1CCT6N, STM32G0B1KCT6, STM32G0B1NEY6TR, STM32G0B1RCT6N, STM32G0C1CCT6, STM32G0C1CCT6N, STM32G0C1CCU6N, STM32G0C1CET6N, STM32G0C1CEU6N, STM32G0C1KCT6, STM32G0C1NEY6TR, STM32G0C1RCI6N, STM32G0C1RCT6N, STM32G0C1REI6N, STM32G0C1RET6N, STM32G0C1VCI6, STM32G0C1VEI6, STM32G471CCT6, STM32G471CCU6, STM32G471CET3, STM32G471CET6, STM32G471CEU3, STM32G471CEU6, STM32G471MCT6, STM32G471MET3, STM32G471MET6, STM32G471MEY6TR, STM32G471QCT6, STM32G471QET3, STM32G471RCT6, STM32G471RET3, STM32G471RET6, STM32G471VCH6, STM32G471VCI6, STM32G471VCT6, STM32G471VEH3, STM32G471VEH6, STM32G471VEI3, STM32G471VEI6, STM32G471VET3, STM32G471VET6, STM32G474CCT6, STM32H503CBT6, STM32H503CBU6, STM32H503EBY6TR, STM32H503KBU6, STM32H503RBT6, STM32H562AGI6, STM32H562AII6, STM32H562IGK6, STM32H562IGT6, STM32H562IIK6, STM32H562IIT6, STM32H562RGT6, STM32H562RGV6, STM32H562RIT6, STM32H562RIV6, STM32H562VGT6, STM32H562VIT6, STM32H562ZGT6, STM32H562ZIT6, STM32H563AGI6, STM32H563AII3Q, STM32H563AII6, STM32H563IGK6, STM32H563IGT6, STM32H563IIK3Q, STM32H563IIK6, STM32H563IIT3Q, STM32H563IIT6, STM32H563MIY3QTR, STM32H563RGT6, STM32H563RGV6, STM32H563RIT6, STM32H563RIV6, STM32H563VGT6, STM32H563VIT3Q, STM32H563VIT6, STM32H563ZGT6, STM32H563ZIT3Q, STM32H563ZIT6, STM32H573AII3Q, STM32H573AII6, STM32H573I-DK, STM32H573IIK3Q, STM32H573IIK6, STM32H573IIT3Q, STM32H573IIT6, STM32H573MIY3QTR, STM32H573RIT6, STM32H573RIV6, STM32H573VIT3Q, STM32H573VIT6, STM32H573ZIT3Q, STM32H573ZIT6, STM32L4R5QGI6STR, STM32MP131AAE3, STM32MP131AAF3, STM32MP131AAG3, STM32MP131CAE3, STM32MP131CAF3, STM32MP131CAG3, STM32MP131DAE7, STM32MP131DAF7, STM32MP131DAG7, STM32MP131FAE7, STM32MP131FAF7, STM32MP131FAG7, STM32MP133AAE3, STM32MP133AAF3, STM32MP133AAG3, STM32MP133CAE3, STM32MP133CAF3, STM32MP133CAG3, STM32MP133DAE7, STM32MP133DAF7, STM32MP133DAG7, STM32MP133FAE7, STM32MP133FAF7, STM32MP133FAG7, STM32MP135AAE3, STM32MP135AAF3, STM32MP135AAG3, STM32MP135CAE3, STM32MP135CAF3, STM32MP135CAG3, STM32MP135DAE7, STM32MP135DAF7, STM32MP135DAG7, STM32MP135F-DK, STM32MP135FAE7, STM32MP135FAF7, STM32MP135FAF7T, STM32MP135FAF7U, STM32MP135FAG7, STM32U535CBT6, STM32U535CBT6Q, STM32U535CBU6, STM32U535CBU6Q, STM32U535CCT6, STM32U535CCT6Q, STM32U535CCU6, STM32U535CCU6Q, STM32U535CET6, STM32U535CET6Q, STM32U535CEU6, STM32U535CEU6Q, STM32U535JEY6QTR, STM32U535NCY6QTR, STM32U535NEY6QTR, STM32U535RBI6, STM32U535RBI6Q, STM32U535RBT6, STM32U535RBT6Q, STM32U535RCI6, STM32U535RCI6Q, STM32U535RCT6, STM32U535RCT6Q, STM32U535REI6, STM32U535REI6Q, STM32U535RET6, STM32U535RET6Q, STM32U535VCI6, STM32U535VCI6Q, STM32U535VCT6, STM32U535VCT6Q, STM32U535VEI6, STM32U535VEI6Q, STM32U535VET6, STM32U535VET6Q, STM32U545CET6, STM32U545CET6Q, STM32U545CEU6, STM32U545CEU6Q, STM32U545JEY6QTR, STM32U545NEY6QTR, STM32U545REI6, STM32U545REI6Q, STM32U545RET6, STM32U545RET6Q, STM32U545VEI6, STM32U545VEI6Q, STM32U545VET6, STM32U545VET6Q, STM32U595AIH6, STM32U595AIH6Q, STM32U595AJH6, STM32U595AJH6Q, STM32U595QII6, STM32U595QII6Q, STM32U595QJI6, STM32U595QJI6Q, STM32U595RIT6, STM32U595RIT6Q, STM32U595RJT6, STM32U595RJT6Q, STM32U595VIT6, STM32U595VIT6Q, STM32U595VJT6, STM32U595VJT6Q, STM32U595ZIT6, STM32U595ZIT6Q, STM32U595ZIY6QTR, STM32U595ZJT6, STM32U595ZJT6Q, STM32U595ZJY6QTR, STM32U599BJY6QTR, STM32U599NIH6Q, STM32U599NJH6Q, STM32U599VIT6Q, STM32U599VJT6, STM32U599VJT6Q, STM32U599ZIT6Q, STM32U599ZIY6QTR, STM32U599ZJT6Q, STM32U599ZJY6QTR, STM32U5A5AJH6, STM32U5A5AJH6Q, STM32U5A5QJI6, STM32U5A5QJI6Q, STM32U5A5RJT6, STM32U5A5RJT6Q, STM32U5A5VJT6, STM32U5A5VJT6Q, STM32U5A5ZJT6, STM32U5A5ZJT6Q, STM32U5A5ZJY6QTR, STM32U5A9BJY6QTR, STM32U5A9J-DK, STM32U5A9NJH6Q, STM32U5A9VJT6Q, STM32U5A9ZJT6Q, STM32U5A9ZJY6QTR, STM32U5F7VIT6, STM32U5F7VIT6Q, STM32U5F7VJT6, STM32U5F7VJT6Q, STM32U5F9BJY6QTR, STM32U5F9NJH6Q, STM32U5F9VIT6Q, STM32U5F9VJT6Q, STM32U5F9ZIJ6QTR, STM32U5F9ZIT6Q, STM32U5F9ZJJ6QTR, STM32U5F9ZJT6Q, STM32U5G7VJT6, STM32U5G7VJT6Q, STM32U5G9BJY6QTR, STM32U5G9J-DK1, STM32U5G9J-DK2, STM32U5G9NJH6Q, STM32U5G9VJT6Q, STM32U5G9ZJJ6QTR, STM32U5G9ZJT6Q, STM32WB1MMCH6, STM32WBA52CEU6, STM32WBA52CEU6T, STM32WBA52CGU6, STM32WBA52CGU6T, STM32WBA52KEU6, STM32WBA52KEU6T, STM32WBA52KGU6, STM32WBA52KGU6T, STM32WL5MOCH6, STM32WL5MOCH6TR]
2023-09-16 09:05:10,515 [INFO] BoardInfo:880 - No configuration file found for board P-NUCLEO-WB55
2023-09-16 09:05:10,516 [INFO] DbBoards:157 - Kit is not supported: P-NUCLEO-WB55
2023-09-16 09:05:10,519 [INFO] BoardInfo:880 - No configuration file found for board STEVAL-BFA001V1B
2023-09-16 09:05:10,520 [INFO] DbBoards:157 - Kit is not supported: STEVAL-BFA001V1B
2023-09-16 09:05:10,520 [INFO] BoardInfo:880 - No configuration file found for board STEVAL-BFA001V2B
2023-09-16 09:05:10,520 [INFO] DbBoards:157 - Kit is not supported: STEVAL-BFA001V2B
2023-09-16 09:05:10,608 [INFO] DbBoards:161 - Found 190 boards, 187 are supported
2023-09-16 09:05:10,669 [INFO] ApiDb:668 - CubeFinder database Data Model version=2.1
2023-09-16 09:05:10,669 [INFO] ApiDb:669 - CubeFinder database Configuration version=3.0.37
2023-09-16 09:05:10,669 [INFO] ApiDb:670 - CubeFinder database generation date=2023-08-09 (1691586011)
2023-09-16 09:05:10,670 [INFO] ApiDb:671 - CubeFinder database FW Pack versions=[FP-ATR-ASTRA1_V2.0.0, FP-SNS-FLIGHT1_V5.0.1, FP-SNS-FLIGHT1_V5.0.2, FP-SNS-MOTENV1_V4.3.1, FP-SNS-MOTENV1_V4.3.2, STM32Cube_FW_C0_V1.1.0, STM32Cube_FW_F4_V1.27.1, STM32Cube_FW_F7_V1.17.0, STM32Cube_FW_G0_V1.6.1, STM32Cube_FW_G4_V1.5.1, STM32Cube_FW_H5_V0.5.1, STM32Cube_FW_H5_V1.1.0, STM32Cube_FW_H7_V1.11.0, STM32Cube_FW_L0_V1.12.2, STM32Cube_FW_L5_V1.5.0, STM32Cube_FW_U5_V1.3.0, STM32Cube_FW_U5_V1.3.0RC4, STM32Cube_FW_WBA_V1.0.0RC1, STM32Cube_FW_WBA_V1.1.0, STM32Cube_FW_WBA_V1.1.0RC1, STM32Cube_FW_WB_V1.15.0RC1, STM32Cube_FW_WB_V1.16.0, STM32Cube_FW_WB_V1.16.0RC2, STM32Cube_FW_WB_V1.17.0, STM32Cube_FW_WL_V1.3.0, X-CUBE-ALGOBUILD_V1.3.0, X-CUBE-ALS_V1.0.1, X-CUBE-AZRTOS-F4_V1.1.0, X-CUBE-AZRTOS-F7_V1.1.0, X-CUBE-AZRTOS-G0_V1.1.0, X-CUBE-AZRTOS-G4_V2.0.0, X-CUBE-AZRTOS-H7_V3.1.0, X-CUBE-AZRTOS-L4_V1.0.0, X-CUBE-AZRTOS-L4_V2.0.0, X-CUBE-AZRTOS-L5_V1.1.0, X-CUBE-AZRTOS-WB_V1.1.0, X-CUBE-AZRTOS-WL_V2.0.0, X-CUBE-BLE1_V7.0.0, X-CUBE-BLE2_V3.3.0, X-CUBE-BLEMGR_V2.0.0, X-CUBE-EEPRMA1_V4.1.0, X-CUBE-FREERTOS_V1.1.0, X-CUBE-GNSS1_V6.0.0, X-CUBE-MEMS1_V9.1.0, X-CUBE-MEMS1_V9.4.0, X-CUBE-MEMS1_V9.6.0, X-CUBE-NFC4_V3.0.0, X-CUBE-NFC7_V1.0.0, X-CUBE-SFXS2LP1_V4.0.0, X-CUBE-SUBG2_V5.0.0, X-CUBE-TOF1_V3.3.1]
2023-09-16 09:05:12,890 [INFO] WebApp:753 - Register for checkConnection events
2023-09-16 09:05:12,891 [INFO] WebApp:390 - Apply proxy settings
2023-09-16 09:05:12,891 [INFO] WebApp:475 - Chromium requires no authentication
2023-09-16 09:05:12,898 [INFO] WebApp:418 - Direct internet connection detected
2023-09-16 09:05:13,075 [INFO] WebApp:188 - Starting web application
2023-09-16 09:05:13,075 [INFO] WebApp:520 - Web application path used /opt/st/stm32cubeide_1.13.1/plugins/com.st.stm32cube.common.mx_6.9.1.202307191849/db/plugins/mcufinder/reactClient1/index.html
2023-09-16 09:05:13,651 [INFO] ApiDb:240 - Found 323 in-development CPN: [B-G473E-ZEST1S, B-WB1M-WPAN1, B-WL5M-SUBG1, NUCLEO-C031C6, NUCLEO-H503RB, NUCLEO-H563ZI, NUCLEO-U545RE-Q, NUCLEO-U5A5ZJ-Q, NUCLEO-WBA52CG, STEVAL-PROTEUS1, STEVAL-SMARTAG2, STEVAL-STWINBX1, STM320518-EVAL, STM32C0116-DK, STM32C011D6Y3TR, STM32C011D6Y6TR, STM32C011F4P3, STM32C011F4P6, STM32C011F4U3, STM32C011F4U6TR, STM32C011F6P3, STM32C011F6P6, STM32C011F6U3, STM32C011F6U6TR, STM32C011J4M3, STM32C011J4M6, STM32C011J6M3, STM32C011J6M6, STM32C0316-DK, STM32C031C4T3, STM32C031C4T6, STM32C031C4U3, STM32C031C4U6, STM32C031C6T3, STM32C031C6T6, STM32C031C6U3, STM32C031C6U6, STM32C031F4P3, STM32C031F4P6, STM32C031F6P3, STM32C031F6P6, STM32C031G4U3, STM32C031G4U6, STM32C031G6U3, STM32C031G6U6, STM32C031K4T3, STM32C031K4T6, STM32C031K4U3, STM32C031K4U6, STM32C031K6T3, STM32C031K6T6, STM32C031K6U3, STM32C031K6U6, STM32G071K8TXN, STM32G071K8UXN, STM32G081GBU6N, STM32G081KBT6N, STM32G081KBUXN, STM32G0B1CCT6N, STM32G0B1KCT6, STM32G0B1NEY6TR, STM32G0B1RCT6N, STM32G0C1CCT6, STM32G0C1CCT6N, STM32G0C1CCU6N, STM32G0C1CET6N, STM32G0C1CEU6N, STM32G0C1KCT6, STM32G0C1NEY6TR, STM32G0C1RCI6N, STM32G0C1RCT6N, STM32G0C1REI6N, STM32G0C1RET6N, STM32G0C1VCI6, STM32G0C1VEI6, STM32G471CCT6, STM32G471CCU6, STM32G471CET3, STM32G471CET6, STM32G471CEU3, STM32G471CEU6, STM32G471MCT6, STM32G471MET3, STM32G471MET6, STM32G471MEY6TR, STM32G471QCT6, STM32G471QET3, STM32G471RCT6, STM32G471RET3, STM32G471RET6, STM32G471VCH6, STM32G471VCI6, STM32G471VCT6, STM32G471VEH3, STM32G471VEH6, STM32G471VEI3, STM32G471VEI6, STM32G471VET3, STM32G471VET6, STM32G474CCT6, STM32H503CBT6, STM32H503CBU6, STM32H503EBY6TR, STM32H503KBU6, STM32H503RBT6, STM32H562AGI6, STM32H562AII6, STM32H562IGK6, STM32H562IGT6, STM32H562IIK6, STM32H562IIT6, STM32H562RGT6, STM32H562RGV6, STM32H562RIT6, STM32H562RIV6, STM32H562VGT6, STM32H562VIT6, STM32H562ZGT6, STM32H562ZIT6, STM32H563AGI6, STM32H563AII3Q, STM32H563AII6, STM32H563IGK6, STM32H563IGT6, STM32H563IIK3Q, STM32H563IIK6, STM32H563IIT3Q, STM32H563IIT6, STM32H563MIY3QTR, STM32H563RGT6, STM32H563RGV6, STM32H563RIT6, STM32H563RIV6, STM32H563VGT6, STM32H563VIT3Q, STM32H563VIT6, STM32H563ZGT6, STM32H563ZIT3Q, STM32H563ZIT6, STM32H573AII3Q, STM32H573AII6, STM32H573I-DK, STM32H573IIK3Q, STM32H573IIK6, STM32H573IIT3Q, STM32H573IIT6, STM32H573MIY3QTR, STM32H573RIT6, STM32H573RIV6, STM32H573VIT3Q, STM32H573VIT6, STM32H573ZIT3Q, STM32H573ZIT6, STM32L4R5QGI6STR, STM32MP131AAE3, STM32MP131AAF3, STM32MP131AAG3, STM32MP131CAE3, STM32MP131CAF3, STM32MP131CAG3, STM32MP131DAE7, STM32MP131DAF7, STM32MP131DAG7, STM32MP131FAE7, STM32MP131FAF7, STM32MP131FAG7, STM32MP133AAE3, STM32MP133AAF3, STM32MP133AAG3, STM32MP133CAE3, STM32MP133CAF3, STM32MP133CAG3, STM32MP133DAE7, STM32MP133DAF7, STM32MP133DAG7, STM32MP133FAE7, STM32MP133FAF7, STM32MP133FAG7, STM32MP135AAE3, STM32MP135AAF3, STM32MP135AAG3, STM32MP135CAE3, STM32MP135CAF3, STM32MP135CAG3, STM32MP135DAE7, STM32MP135DAF7, STM32MP135DAG7, STM32MP135F-DK, STM32MP135FAE7, STM32MP135FAF7, STM32MP135FAF7T, STM32MP135FAF7U, STM32MP135FAG7, STM32U535CBT6, STM32U535CBT6Q, STM32U535CBU6, STM32U535CBU6Q, STM32U535CCT6, STM32U535CCT6Q, STM32U535CCU6, STM32U535CCU6Q, STM32U535CET6, STM32U535CET6Q, STM32U535CEU6, STM32U535CEU6Q, STM32U535JEY6QTR, STM32U535NCY6QTR, STM32U535NEY6QTR, STM32U535RBI6, STM32U535RBI6Q, STM32U535RBT6, STM32U535RBT6Q, STM32U535RCI6, STM32U535RCI6Q, STM32U535RCT6, STM32U535RCT6Q, STM32U535REI6, STM32U535REI6Q, STM32U535RET6, STM32U535RET6Q, STM32U535VCI6, STM32U535VCI6Q, STM32U535VCT6, STM32U535VCT6Q, STM32U535VEI6, STM32U535VEI6Q, STM32U535VET6, STM32U535VET6Q, STM32U545CET6, STM32U545CET6Q, STM32U545CEU6, STM32U545CEU6Q, STM32U545JEY6QTR, STM32U545NEY6QTR, STM32U545REI6, STM32U545REI6Q, STM32U545RET6, STM32U545RET6Q, STM32U545VEI6, STM32U545VEI6Q, STM32U545VET6, STM32U545VET6Q, STM32U595AIH6, STM32U595AIH6Q, STM32U595AJH6, STM32U595AJH6Q, STM32U595QII6, STM32U595QII6Q, STM32U595QJI6, STM32U595QJI6Q, STM32U595RIT6, STM32U595RIT6Q, STM32U595RJT6, STM32U595RJT6Q, STM32U595VIT6, STM32U595VIT6Q, STM32U595VJT6, STM32U595VJT6Q, STM32U595ZIT6, STM32U595ZIT6Q, STM32U595ZIY6QTR, STM32U595ZJT6, STM32U595ZJT6Q, STM32U595ZJY6QTR, STM32U599BJY6QTR, STM32U599NIH6Q, STM32U599NJH6Q, STM32U599VIT6Q, STM32U599VJT6, STM32U599VJT6Q, STM32U599ZIT6Q, STM32U599ZIY6QTR, STM32U599ZJT6Q, STM32U599ZJY6QTR, STM32U5A5AJH6, STM32U5A5AJH6Q, STM32U5A5QJI6, STM32U5A5QJI6Q, STM32U5A5RJT6, STM32U5A5RJT6Q, STM32U5A5VJT6, STM32U5A5VJT6Q, STM32U5A5ZJT6, STM32U5A5ZJT6Q, STM32U5A5ZJY6QTR, STM32U5A9BJY6QTR, STM32U5A9J-DK, STM32U5A9NJH6Q, STM32U5A9VJT6Q, STM32U5A9ZJT6Q, STM32U5A9ZJY6QTR, STM32U5F7VIT6, STM32U5F7VIT6Q, STM32U5F7VJT6, STM32U5F7VJT6Q, STM32U5F9BJY6QTR, STM32U5F9NJH6Q, STM32U5F9VIT6Q, STM32U5F9VJT6Q, STM32U5F9ZIJ6QTR, STM32U5F9ZIT6Q, STM32U5F9ZJJ6QTR, STM32U5F9ZJT6Q, STM32U5G7VJT6, STM32U5G7VJT6Q, STM32U5G9BJY6QTR, STM32U5G9J-DK1, STM32U5G9J-DK2, STM32U5G9NJH6Q, STM32U5G9VJT6Q, STM32U5G9ZJJ6QTR, STM32U5G9ZJT6Q, STM32WB1MMCH6, STM32WBA52CEU6, STM32WBA52CEU6T, STM32WBA52CGU6, STM32WBA52CGU6T, STM32WBA52KEU6, STM32WBA52KEU6T, STM32WBA52KGU6, STM32WBA52KGU6T, STM32WL5MOCH6, STM32WL5MOCH6TR]
2023-09-16 09:05:13,656 [INFO] DbMcus:217 - Found 3848 MCUs, 3848 are supported
2023-09-16 09:05:13,656 [INFO] ApiDb:423 - Load user favorites file /home/meisam/.stm32cubeide/favorites.mcus.txt: 0 item(s)
2023-09-16 09:05:13,657 [INFO] ApiDb:427 - User favorites MCUs=[]
2023-09-16 09:05:13,657 [INFO] DbMcus:223 - Set 0 / 0 favorites MCUs
2023-09-16 09:05:13,927 [INFO] ApiDb:423 - Load user favorites file /home/meisam/.stm32cubeide/favorites.boards.txt: 0 item(s)
2023-09-16 09:05:13,927 [INFO] ApiDb:427 - User favorites Boards=[]
2023-09-16 09:05:13,928 [INFO] DbBoards:190 - Set 0 / 0 favorites Boards
2023-09-16 09:05:13,928 [INFO] McuFinderGlobals:76 - Set McuFinderConnectedMode to false
2023-09-16 09:05:13,944 [INFO] MultiScanPanel:200 - Auto-refresh data requested => check proxy status ongoing
2023-09-16 09:05:13,945 [INFO] MultiScanPanel:204 - Proxy status is invalid
2023-09-16 09:05:13,956 [INFO] FinderPluginLoader:95 - Searching for filters in installed packs
2023-09-16 09:05:15,679 [INFO] DetailPanel:341 - Set advertising image to /home/meisam/STM32Cube/Repository//en.prom-stm32h5-mcu-finder.jpg
2023-09-16 09:05:21,401 [INFO] MultiScanPanel:200 - Auto-refresh data requested => check proxy status ongoing
2023-09-16 09:05:21,401 [INFO] MultiScanPanel:204 - Proxy status is invalid
2023-09-16 09:05:21,630 [INFO] DetailPanel:341 - Set advertising image to /home/meisam/STM32Cube/Repository//en.prom-stm32h5-mcu-finder.jpg
2023-09-16 09:05:21,651 [INFO] DbBoards:634 - Loading board mini-images...
2023-09-16 09:05:24,608 [ERROR] DbBoards:651 - Image file not found for board STM32U5G9J-DK1: /home/meisam/.stmcufinder/plugins/mcufinder//mcu//boards_images/STM32U5G9J-DK1.jpg
2023-09-16 09:05:24,608 [ERROR] DbBoards:651 - Image file not found for board STM32U5G9J-DK2: /home/meisam/.stmcufinder/plugins/mcufinder//mcu//boards_images/STM32U5G9J-DK2.jpg
2023-09-16 09:05:24,637 [INFO] DbBoards:657 - Loaded 188 board mini-images
2023-09-16 09:05:34,262 [ERROR] LogOutputStream:75 - [STDERR_REDIRECT] SLF4J: Failed to load class "org.slf4j.impl.StaticLoggerBinder".
2023-09-16 09:05:34,262 [ERROR] LogOutputStream:75 - [STDERR_REDIRECT] SLF4J: Defaulting to no-operation (NOP) logger implementation
2023-09-16 09:05:34,263 [ERROR] LogOutputStream:75 - [STDERR_REDIRECT] SLF4J: See http://www.slf4j.org/codes.html#StaticLoggerBinder for further details.
2023-09-16 09:06:01,538 [ERROR] AdobePublisher:162 - Exception while opening the connection: java.net.SocketException: Connection reset
2023-09-16 09:06:03,451 [ERROR] AdobePublisher:162 - Exception while opening the connection: java.net.SocketTimeoutException: Read timed out
2023-09-16 09:06:05,492 [ERROR] AdobePublisher:162 - Exception while opening the connection: java.net.SocketTimeoutException: Read timed out
2023-09-16 09:06:06,539 [ERROR] AdobePublisher:162 - Exception while opening the connection: java.net.SocketTimeoutException: Connect timed out
2023-09-16 09:06:08,495 [ERROR] AdobePublisher:162 - Exception while opening the connection: java.net.SocketTimeoutException: Read timed out
2023-09-16 09:06:10,496 [ERROR] AdobePublisher:162 - Exception while opening the connection: java.net.SocketTimeoutException: Connect timed out
2023-09-16 09:06:10,621 [ERROR] AdobePublisher:162 - Exception while opening the connection: java.net.SocketException: Connection reset
2023-09-16 09:06:13,414 [ERROR] AdobePublisher:162 - Exception while opening the connection: java.net.SocketTimeoutException: Read timed out
2023-09-16 09:06:15,625 [ERROR] AdobePublisher:162 - Exception while opening the connection: java.net.SocketTimeoutException: Connect timed out
2023-09-16 09:06:18,751 [ERROR] AdobePublisher:162 - Exception while opening the connection: java.net.SocketException: Connection reset
2023-09-16 09:06:18,751 [INFO] McuFinderGlobals:76 - Set McuFinderConnectedMode to true
2023-09-16 09:06:18,753 [INFO] ApiDb:448 - Save user favorites file /home/meisam/.stm32cubeide/favorites.mcus.txt: 0 item(s)
2023-09-16 09:06:18,753 [INFO] ApiDb:452 - User favorites MCUs=[]
2023-09-16 09:06:18,754 [INFO] ApiDb:448 - Save user favorites file /home/meisam/.stm32cubeide/favorites.boards.txt: 0 item(s)
2023-09-16 09:06:18,754 [INFO] ApiDb:452 - User favorites Boards=[]
2023-09-16 10:39:25,863 [ERROR] AdobePublisher:162 - Exception while opening the connection: java.net.SocketTimeoutException: Read timed out
2023-09-16 10:39:27,906 [ERROR] AdobePublisher:162 - Exception while opening the connection: java.net.SocketTimeoutException: Read timed out
2023-09-16 10:39:29,947 [ERROR] AdobePublisher:162 - Exception while opening the connection: java.net.SocketTimeoutException: Read timed out
2023-09-16 10:39:31,997 [ERROR] AdobePublisher:162 - Exception while opening the connection: java.net.SocketTimeoutException: Read timed out
2023-09-16 10:39:34,037 [ERROR] AdobePublisher:162 - Exception while opening the connection: java.net.SocketTimeoutException: Read timed out
2023-09-16 10:39:37,974 [ERROR] AdobePublisher:162 - Exception while opening the connection: java.net.SocketTimeoutException: Connect timed out
2023-09-16 10:39:40,035 [ERROR] AdobePublisher:162 - Exception while opening the connection: java.net.SocketTimeoutException: Read timed out
2023-09-16 10:39:42,096 [ERROR] AdobePublisher:162 - Exception while opening the connection: java.net.SocketTimeoutException: Read timed out
2023-09-16 10:39:44,138 [ERROR] AdobePublisher:162 - Exception while opening the connection: java.net.SocketTimeoutException: Read timed out
2023-09-16 10:39:46,176 [ERROR] AdobePublisher:162 - Exception while opening the connection: java.net.SocketTimeoutException: Read timed out
2023-09-16 10:40:02,087 [ERROR] AdobePublisher:162 - Exception while opening the connection: java.net.SocketTimeoutException: Read timed out
2023-09-16 10:40:04,125 [ERROR] AdobePublisher:162 - Exception while opening the connection: java.net.SocketTimeoutException: Read timed out
2023-09-16 10:40:06,167 [ERROR] AdobePublisher:162 - Exception while opening the connection: java.net.SocketTimeoutException: Read timed out
2023-09-16 10:40:08,207 [ERROR] AdobePublisher:162 - Exception while opening the connection: java.net.SocketTimeoutException: Read timed out
2023-09-16 10:40:10,247 [ERROR] AdobePublisher:162 - Exception while opening the connection: java.net.SocketTimeoutException: Read timed out
2023-09-16 10:40:13,817 [ERROR] AdobePublisher:162 - Exception while opening the connection: java.net.SocketTimeoutException: Connect timed out
2023-09-16 10:40:15,856 [ERROR] AdobePublisher:162 - Exception while opening the connection: java.net.SocketTimeoutException: Read timed out
2023-09-16 10:40:17,907 [ERROR] AdobePublisher:162 - Exception while opening the connection: java.net.SocketTimeoutException: Read timed out
2023-09-16 10:40:19,909 [ERROR] AdobePublisher:162 - Exception while opening the connection: java.net.SocketTimeoutException: Connect timed out
2023-09-16 10:40:21,953 [ERROR] AdobePublisher:162 - Exception while opening the connection: java.net.SocketTimeoutException: Read timed out
2023-09-16 13:54:21,722 [ERROR] ConfigurationRetriever:142 - IOException on connection: Read timed out
2023-09-16 13:54:23,764 [ERROR] ConfigurationRetriever:142 - IOException on connection: Read timed out
2023-09-16 13:54:25,802 [ERROR] ConfigurationRetriever:142 - IOException on connection: Read timed out
2023-09-16 13:54:30,903 [ERROR] ConfigurationRetriever:142 - IOException on connection: Read timed out
2023-09-16 13:54:32,940 [ERROR] ConfigurationRetriever:142 - IOException on connection: Read timed out
2023-09-16 13:54:34,971 [ERROR] ConfigurationRetriever:142 - IOException on connection: Read timed out
2023-09-16 13:54:47,555 [ERROR] ConfigurationRetriever:142 - IOException on connection: Connect timed out
2023-09-16 13:54:49,558 [ERROR] ConfigurationRetriever:142 - IOException on connection: Connect timed out
2023-09-16 13:54:51,591 [ERROR] ConfigurationRetriever:142 - IOException on connection: Read timed out
