2023-09-15 10:16:48,985 [INFO] Activator:176 - 


2023-09-15 10:16:48,990 [INFO] Activator:177 - !SESSION log4j initialized
2023-09-15 10:16:57,944 [INFO] LogOutputStream:77 - [STDOUT_REDIRECT] 
2023-09-15 10:16:59,482 [INFO] ApplicationProperties:184 - Using Application install path: /opt/st/stm32cubeide_1.13.1/plugins/com.st.stm32cube.common.mx_6.9.1.202307191849
2023-09-15 10:16:59,518 [INFO] DbMcusXml:78 - Set database path to: /opt/st/stm32cubeide_1.13.1/plugins/com.st.stm32cube.common.mx_6.9.1.202307191849//db//mcu/
2023-09-15 10:16:59,518 [INFO] ApiDb:274 - Set plugin database path to: /opt/st/stm32cubeide_1.13.1/plugins/com.st.stm32cube.common.mx_6.9.1.202307191849//db//plugins/boardmanager/
2023-09-15 10:16:59,518 [WARN] ApiDb:259 - Overriding images path with different value:  => /opt/st/stm32cubeide_1.13.1/plugins/com.st.stm32cube.common.mx_6.9.1.202307191849//db//plugins/mcufinder/images/
2023-09-15 10:16:59,586 [INFO] ApiDb:250 - Set database path to: /home/meisam/.stmcufinder/plugins/mcufinder//mcu/
2023-09-15 10:16:59,587 [INFO] DbMcusAds:125 - Set database path to: /home/meisam/.stmcufinder/plugins/mcufinder//mcu/
2023-09-15 10:16:59,590 [INFO] CrossReferenceDbSqlite:203 - Set database path to: /home/meisam/.stmcufinder/plugins/mcufinder//mcu/cs/
2023-09-15 10:16:59,763 [INFO] RulesReader:64 - Compatibility file has been processed (293 Rules)
2023-09-15 10:16:59,948 [INFO] DbMcusXml:78 - Set database path to: /opt/st/stm32cubeide_1.13.1/plugins/com.st.stm32cube.common.mx_6.9.1.202307191849//db//mcu/
2023-09-15 10:16:59,949 [INFO] ApiDb:274 - Set plugin database path to: /opt/st/stm32cubeide_1.13.1/plugins/com.st.stm32cube.common.mx_6.9.1.202307191849//db//plugins/boardmanager/
2023-09-15 10:16:59,949 [INFO] ApiDb:261 - Set plugin images path to: /opt/st/stm32cubeide_1.13.1/plugins/com.st.stm32cube.common.mx_6.9.1.202307191849//db//plugins/mcufinder/images/
2023-09-15 10:16:59,949 [WARN] DbFile:41 - Overriding database path with different value: /home/meisam/.stmcufinder/plugins/mcufinder/ => /home/meisam/.stmcufinder/plugins/mcufinder
2023-09-15 10:16:59,949 [INFO] ApiDb:250 - Set database path to: /home/meisam/.stmcufinder/plugins/mcufinder//mcu/
2023-09-15 10:16:59,949 [WARN] DbFile:41 - Overriding database path with different value: /home/meisam/.stmcufinder/plugins/mcufinder/ => /home/meisam/.stmcufinder/plugins/mcufinder
2023-09-15 10:16:59,950 [INFO] DbMcusAds:125 - Set database path to: /home/meisam/.stmcufinder/plugins/mcufinder//mcu/
2023-09-15 10:16:59,950 [WARN] DbFile:41 - Overriding database path with different value: /home/meisam/.stmcufinder/plugins/mcufinder/ => /home/meisam/.stmcufinder/plugins/mcufinder
2023-09-15 10:16:59,950 [WARN] DbFile:41 - Overriding database path with different value: /home/meisam/.stmcufinder/plugins/mcufinder/ => /home/meisam/.stmcufinder/plugins/mcufinder
2023-09-15 10:16:59,950 [INFO] CrossReferenceDbSqlite:203 - Set database path to: /home/meisam/.stmcufinder/plugins/mcufinder//mcu/cs/
2023-09-15 10:17:00,141 [INFO] MainPanel:262 - HeapMemory: 268435456
2023-09-15 10:17:00,318 [INFO] DbMcusXml:78 - Set database path to: /opt/st/stm32cubeide_1.13.1/plugins/com.st.stm32cube.common.mx_6.9.1.202307191849//db//mcu/
2023-09-15 10:17:00,319 [INFO] ApiDb:274 - Set plugin database path to: /opt/st/stm32cubeide_1.13.1/plugins/com.st.stm32cube.common.mx_6.9.1.202307191849//db//plugins/boardmanager/
2023-09-15 10:17:00,319 [INFO] ApiDb:261 - Set plugin images path to: /opt/st/stm32cubeide_1.13.1/plugins/com.st.stm32cube.common.mx_6.9.1.202307191849//db//plugins/mcufinder/images/
2023-09-15 10:17:00,328 [WARN] DbFile:41 - Overriding database path with different value: /home/meisam/.stmcufinder/plugins/mcufinder/ => /home/meisam/.stmcufinder/plugins/mcufinder
2023-09-15 10:17:00,328 [INFO] ApiDb:250 - Set database path to: /home/meisam/.stmcufinder/plugins/mcufinder//mcu/
2023-09-15 10:17:00,328 [WARN] DbFile:41 - Overriding database path with different value: /home/meisam/.stmcufinder/plugins/mcufinder/ => /home/meisam/.stmcufinder/plugins/mcufinder
2023-09-15 10:17:00,329 [INFO] DbMcusAds:125 - Set database path to: /home/meisam/.stmcufinder/plugins/mcufinder//mcu/
2023-09-15 10:17:00,329 [WARN] DbFile:41 - Overriding database path with different value: /home/meisam/.stmcufinder/plugins/mcufinder/ => /home/meisam/.stmcufinder/plugins/mcufinder
2023-09-15 10:17:00,329 [WARN] DbFile:41 - Overriding database path with different value: /home/meisam/.stmcufinder/plugins/mcufinder/ => /home/meisam/.stmcufinder/plugins/mcufinder
2023-09-15 10:17:00,329 [INFO] CrossReferenceDbSqlite:203 - Set database path to: /home/meisam/.stmcufinder/plugins/mcufinder//mcu/cs/
2023-09-15 10:17:00,352 [INFO] ApplicationProperties:184 - Using Application install path: /opt/st/stm32cubeide_1.13.1/plugins/com.st.stm32cube.common.mx_6.9.1.202307191849
2023-09-15 10:17:00,354 [INFO] PluginManage:196 - Search for loadable plugins [exclusion list=, ]
2023-09-15 10:17:00,362 [INFO] PluginManage:310 - Check plugin analytics
2023-09-15 10:17:00,609 [INFO] AnalyticsPlugin:253 - Accepted Software Licenses: 
2023-09-15 10:17:00,610 [INFO] AnalyticsPlugin:255 - Accepted CMSIS Pack Licenses: 
2023-09-15 10:17:00,610 [INFO] AnalyticsPlugin:257 - Accepted Firmware Licenses: 
2023-09-15 10:17:00,613 [INFO] PluginManage:359 - Loaded plugin analytics (category:tool,tabindex:-1)
2023-09-15 10:17:00,613 [INFO] PluginManage:310 - Check plugin cadmodel
2023-09-15 10:17:00,754 [INFO] CADModel:105 - Init CAD model plugin
2023-09-15 10:17:00,755 [INFO] PluginManage:359 - Loaded plugin cadmodel (category:power,tabindex:5)
2023-09-15 10:17:00,755 [INFO] PluginManage:310 - Check plugin clock
2023-09-15 10:17:00,785 [INFO] PluginManage:359 - Loaded plugin clock (category:base,tabindex:2)
2023-09-15 10:17:00,785 [INFO] PluginManage:310 - Check plugin ddr
2023-09-15 10:17:00,796 [INFO] PluginManage:359 - Loaded plugin ddr (category:tool,tabindex:6)
2023-09-15 10:17:00,796 [INFO] PluginManage:310 - Check plugin filemanager
2023-09-15 10:17:01,054 [INFO] PluginManage:359 - Loaded plugin filemanager (category:base,tabindex:10)
2023-09-15 10:17:01,054 [INFO] PluginManage:310 - Check plugin ipmanager
2023-09-15 10:17:01,156 [INFO] PluginManage:359 - Loaded plugin ipmanager (category:base,tabindex:5)
2023-09-15 10:17:01,156 [INFO] PluginManage:310 - Check plugin lpbam
2023-09-15 10:17:01,259 [INFO] PluginManage:359 - Loaded plugin lpbam (category:base,tabindex:0)
2023-09-15 10:17:01,260 [INFO] PluginManage:310 - Check plugin memorymap
2023-09-15 10:17:01,295 [INFO] PluginManage:359 - Loaded plugin memorymap (category:base,tabindex:4)
2023-09-15 10:17:01,295 [INFO] PluginManage:310 - Check plugin pinoutandconfiguration
2023-09-15 10:17:01,334 [INFO] PluginManage:359 - Loaded plugin pinoutandconfiguration (category:base,tabindex:1)
2023-09-15 10:17:01,335 [INFO] PluginManage:310 - Check plugin pinoutconfig
2023-09-15 10:17:01,497 [WARN] SupportedApi:132 - Cannot load RTOS API schema: s4s-elt-must-match.1: The content of 'definitions' must match (annotation?, (simpleType | complexType)?, (unique | key | keyref)*)). A problem was found starting at: attribute.
2023-09-15 10:17:01,686 [INFO] PluginManage:359 - Loaded plugin pinoutconfig (category:base,tabindex:0)
2023-09-15 10:17:01,686 [INFO] PluginManage:310 - Check plugin power
2023-09-15 10:17:01,751 [INFO] PluginManage:359 - Loaded plugin power (category:power,tabindex:4)
2023-09-15 10:17:01,752 [INFO] PluginManage:310 - Check plugin projectmanager
2023-09-15 10:17:01,774 [INFO] PluginManage:359 - Loaded plugin projectmanager (category:projectmanager,tabindex:3)
2023-09-15 10:17:01,775 [INFO] PluginManage:310 - Check plugin thirdparty
2023-09-15 10:17:02,048 [INFO] PluginManage:359 - Loaded plugin thirdparty (category:base,tabindex:-1)
2023-09-15 10:17:02,048 [WARN] IntegrityCheckThread:84 - waiting for thirdparty lock release [integrity check]
2023-09-15 10:17:02,049 [INFO] PluginManage:310 - Check plugin tools
2023-09-15 10:17:02,049 [INFO] IntegrityCheckThread:86 - entering critical section [integrity check]
2023-09-15 10:17:02,049 [INFO] ThirdPartyUpdaterWithRetryManager:70 - Updater plugin not ready yet. [1/15]
2023-09-15 10:17:02,058 [INFO] PluginManage:359 - Loaded plugin tools (category:base,tabindex:7)
2023-09-15 10:17:02,059 [INFO] PluginManage:310 - Check plugin tutovideos
2023-09-15 10:17:02,277 [INFO] PluginManage:359 - Loaded plugin tutovideos (category:base,tabindex:-1)
2023-09-15 10:17:02,278 [INFO] PluginManage:310 - Check plugin updater
2023-09-15 10:17:02,305 [INFO] PluginManage:359 - Loaded plugin updater (category:base,tabindex:12)
2023-09-15 10:17:02,306 [INFO] PluginManage:310 - Check plugin userauth
2023-09-15 10:17:02,320 [INFO] UserAuth:113 - Init User Auth plugin
2023-09-15 10:17:02,320 [INFO] PluginManage:359 - Loaded plugin userauth (category:base,tabindex:14)
2023-09-15 10:17:02,321 [INFO] PluginManage:283 - PluginManage : Loaded plugins [17]
2023-09-15 10:17:02,872 [INFO] PinOutPanel:1499 - setPackage(No Configuration,No Configuration)
2023-09-15 10:17:03,010 [INFO] CADModel:165 - CPN selected for project level
2023-09-15 10:17:03,010 [INFO] CADModel:114 - Register for checkConnection events
2023-09-15 10:17:03,073 [INFO] IPUIPlugin:80 - create IPUIPlugin
2023-09-15 10:17:03,073 [INFO] PluginManager:220 - loadIPPluginJar : add gfxmmu
2023-09-15 10:17:03,094 [INFO] IPUIPlugin:80 - create IPUIPlugin
2023-09-15 10:17:03,095 [INFO] PluginManager:220 - loadIPPluginJar : add fmc
2023-09-15 10:17:03,110 [INFO] IPUIPlugin:80 - create IPUIPlugin
2023-09-15 10:17:03,110 [INFO] PluginManager:220 - loadIPPluginJar : add stm32_wpan
2023-09-15 10:17:03,136 [INFO] IPUIPlugin:80 - create IPUIPlugin
2023-09-15 10:17:03,137 [INFO] PluginManager:220 - loadIPPluginJar : add freertos
2023-09-15 10:17:03,160 [INFO] IPUIPlugin:80 - create IPUIPlugin
2023-09-15 10:17:03,160 [INFO] PluginManager:220 - loadIPPluginJar : add opamp
2023-09-15 10:17:03,162 [INFO] IPUIPlugin:80 - create IPUIPlugin
2023-09-15 10:17:03,162 [INFO] PluginManager:220 - loadIPPluginJar : add quadspi
2023-09-15 10:17:03,166 [INFO] IPUIPlugin:80 - create IPUIPlugin
2023-09-15 10:17:03,166 [INFO] PluginManager:220 - loadIPPluginJar : add usart
2023-09-15 10:17:03,199 [INFO] IPUIPlugin:80 - create IPUIPlugin
2023-09-15 10:17:03,207 [INFO] PluginManager:220 - loadIPPluginJar : add nvic
2023-09-15 10:17:03,210 [INFO] IPUIPlugin:80 - create IPUIPlugin
2023-09-15 10:17:03,211 [INFO] PluginManager:220 - loadIPPluginJar : add touchsensing
2023-09-15 10:17:03,216 [INFO] IPUIPlugin:80 - create IPUIPlugin
2023-09-15 10:17:03,216 [INFO] PluginManager:220 - loadIPPluginJar : add gic
2023-09-15 10:17:03,241 [INFO] IPUIPlugin:80 - create IPUIPlugin
2023-09-15 10:17:03,241 [INFO] PluginManager:220 - loadIPPluginJar : add i2c
2023-09-15 10:17:03,245 [INFO] IPUIPlugin:80 - create IPUIPlugin
2023-09-15 10:17:03,245 [INFO] PluginManager:220 - loadIPPluginJar : add lorawan
2023-09-15 10:17:03,270 [INFO] IPUIPlugin:80 - create IPUIPlugin
2023-09-15 10:17:03,270 [INFO] PluginManager:220 - loadIPPluginJar : add adc
2023-09-15 10:17:03,310 [INFO] IPUIPlugin:80 - create IPUIPlugin
2023-09-15 10:17:03,310 [INFO] PluginManager:220 - loadIPPluginJar : add resmgrutility
2023-09-15 10:17:03,337 [INFO] IPUIPlugin:80 - create IPUIPlugin
2023-09-15 10:17:03,337 [INFO] PluginManager:220 - loadIPPluginJar : add linkedlist
2023-09-15 10:17:03,339 [INFO] IPUIPlugin:80 - create IPUIPlugin
2023-09-15 10:17:03,339 [INFO] PluginManager:220 - loadIPPluginJar : add tracer_emb
2023-09-15 10:17:03,341 [INFO] IPUIPlugin:80 - create IPUIPlugin
2023-09-15 10:17:03,341 [INFO] PluginManager:220 - loadIPPluginJar : add ltdc
2023-09-15 10:17:03,343 [INFO] IPUIPlugin:80 - create IPUIPlugin
2023-09-15 10:17:03,343 [INFO] PluginManager:220 - loadIPPluginJar : add comp
2023-09-15 10:17:03,345 [INFO] IPUIPlugin:80 - create IPUIPlugin
2023-09-15 10:17:03,345 [INFO] PluginManager:220 - loadIPPluginJar : add genericplugin
2023-09-15 10:17:03,348 [INFO] IPUIPlugin:80 - create IPUIPlugin
2023-09-15 10:17:03,349 [INFO] PluginManager:220 - loadIPPluginJar : add i2s
2023-09-15 10:17:03,351 [INFO] IPUIPlugin:80 - create IPUIPlugin
2023-09-15 10:17:03,352 [INFO] PluginManager:220 - loadIPPluginJar : add dma3
2023-09-15 10:17:03,377 [INFO] IPUIPlugin:80 - create IPUIPlugin
2023-09-15 10:17:03,378 [INFO] PluginManager:220 - loadIPPluginJar : add dma
2023-09-15 10:17:03,381 [INFO] IPUIPlugin:80 - create IPUIPlugin
2023-09-15 10:17:03,381 [INFO] PluginManager:220 - loadIPPluginJar : add gtzc
2023-09-15 10:17:03,385 [INFO] IPUIPlugin:80 - create IPUIPlugin
2023-09-15 10:17:03,386 [INFO] PluginManager:220 - loadIPPluginJar : add gpio
2023-09-15 10:17:03,387 [INFO] IPUIPlugin:80 - create IPUIPlugin
2023-09-15 10:17:03,388 [INFO] PluginManager:220 - loadIPPluginJar : add tim
2023-09-15 10:17:03,391 [INFO] IPUIPlugin:80 - create IPUIPlugin
2023-09-15 10:17:03,391 [INFO] PluginManager:220 - loadIPPluginJar : add sai
2023-09-15 10:17:03,393 [INFO] IPUIPlugin:80 - create IPUIPlugin
2023-09-15 10:17:03,393 [INFO] PluginManager:220 - loadIPPluginJar : add aes
2023-09-15 10:17:03,397 [INFO] IPUIPlugin:80 - create IPUIPlugin
2023-09-15 10:17:03,397 [INFO] PluginManager:220 - loadIPPluginJar : add usbx
2023-09-15 10:17:03,400 [INFO] IPUIPlugin:80 - create IPUIPlugin
2023-09-15 10:17:03,400 [INFO] PluginManager:220 - loadIPPluginJar : add openamp
2023-09-15 10:17:03,403 [INFO] IPUIPlugin:80 - create IPUIPlugin
2023-09-15 10:17:03,403 [INFO] PluginManager:220 - loadIPPluginJar : add can
2023-09-15 10:17:03,406 [INFO] IPUIPlugin:80 - create IPUIPlugin
2023-09-15 10:17:03,406 [INFO] PluginManager:220 - loadIPPluginJar : add pdm2pcm
2023-09-15 10:17:03,408 [INFO] IPUIPlugin:80 - create IPUIPlugin
2023-09-15 10:17:03,409 [INFO] PluginManager:220 - loadIPPluginJar : add ucpd
2023-09-15 10:17:03,410 [INFO] IPUIPlugin:80 - create IPUIPlugin
2023-09-15 10:17:03,410 [INFO] PluginManager:220 - loadIPPluginJar : add fatfs
2023-09-15 10:17:03,413 [INFO] IPUIPlugin:80 - create IPUIPlugin
2023-09-15 10:17:03,413 [INFO] PluginManager:220 - loadIPPluginJar : add hash
2023-09-15 10:17:03,415 [INFO] IPUIPlugin:80 - create IPUIPlugin
2023-09-15 10:17:03,415 [INFO] PluginManager:220 - loadIPPluginJar : add cryp
2023-09-15 10:17:03,418 [INFO] IPUIPlugin:80 - create IPUIPlugin
2023-09-15 10:17:03,418 [INFO] PluginManager:220 - loadIPPluginJar : add spi
2023-09-15 10:17:03,420 [INFO] IPUIPlugin:80 - create IPUIPlugin
2023-09-15 10:17:03,420 [INFO] PluginManager:220 - loadIPPluginJar : add ts
2023-09-15 10:17:03,422 [INFO] IPUIPlugin:80 - create IPUIPlugin
2023-09-15 10:17:03,423 [INFO] PluginManager:220 - loadIPPluginJar : add dfsdm
2023-09-15 10:17:03,476 [INFO] IPUIPlugin:80 - create IPUIPlugin
2023-09-15 10:17:03,478 [INFO] PluginManager:220 - loadIPPluginJar : add plateformsettings
2023-09-15 10:17:03,504 [INFO] IPUIPlugin:80 - create IPUIPlugin
2023-09-15 10:17:03,504 [INFO] PluginManager:220 - loadIPPluginJar : add ipddr
2023-09-15 10:17:03,525 [INFO] IPUIPlugin:80 - create IPUIPlugin
2023-09-15 10:17:03,525 [INFO] PluginManager:220 - loadIPPluginJar : add mdma
2023-09-15 10:17:03,527 [INFO] IPUIPlugin:80 - create IPUIPlugin
2023-09-15 10:17:03,527 [INFO] PluginManager:220 - loadIPPluginJar : add tsc
2023-09-15 10:17:03,530 [INFO] IPUIPlugin:80 - create IPUIPlugin
2023-09-15 10:17:03,530 [INFO] PluginManager:220 - loadIPPluginJar : add i3c
2023-09-15 10:17:03,665 [INFO] CADModel:165 - CPN selected for project level
2023-09-15 10:17:03,666 [INFO] CADModel:114 - Register for checkConnection events
2023-09-15 10:17:03,666 [FATAL] Updater:308 - Updater called before beeing initialized
2023-09-15 10:17:03,666 [ERROR] CADModel:125 - Updater not yet initialized, retry later 
2023-09-15 10:17:03,949 [INFO] CADModel:165 - CPN selected for project level
2023-09-15 10:17:03,949 [INFO] CADModel:114 - Register for checkConnection events
2023-09-15 10:17:03,949 [FATAL] Updater:308 - Updater called before beeing initialized
2023-09-15 10:17:03,949 [ERROR] CADModel:125 - Updater not yet initialized, retry later 
2023-09-15 10:17:03,952 [FATAL] Updater:308 - Updater called before beeing initialized
2023-09-15 10:17:04,052 [FATAL] Updater:308 - Updater called before beeing initialized
2023-09-15 10:17:04,068 [INFO] DbMcusAds:53 - JSON generation date=Tue Mar 07 12:20:55 IRST 2023 (1678179055114)
2023-09-15 10:17:04,068 [FATAL] Updater:308 - Updater called before beeing initialized
2023-09-15 10:17:04,164 [WARN] DetailPanel:346 - Failed to get advertising image, set to default
2023-09-15 10:17:04,266 [FATAL] Updater:308 - Updater called before beeing initialized
2023-09-15 10:17:04,285 [FATAL] Updater:308 - Updater called before beeing initialized
2023-09-15 10:17:04,285 [FATAL] Updater:308 - Updater called before beeing initialized
2023-09-15 10:17:04,285 [WARN] DetailPanel:346 - Failed to get advertising image, set to default
2023-09-15 10:17:04,286 [FATAL] Updater:308 - Updater called before beeing initialized
2023-09-15 10:17:04,351 [ERROR] Updater:1120 - MainUpdater not yet initialized. External WinMGr cannot be set.
2023-09-15 10:17:04,353 [INFO] Updater:1056 - Updater Version found : 6.9.1
2023-09-15 10:17:04,393 [INFO] ApplicationProperties:184 - Using Application install path: /opt/st/stm32cubeide_1.13.1/plugins/com.st.stm32cube.common.mx_6.9.1.202307191849
2023-09-15 10:17:04,917 [INFO] MainUpdater:2868 - connection check result : 10
2023-09-15 10:17:04,918 [INFO] MainUpdater:3562 - Updater definition file requires update
2023-09-15 10:17:04,918 [INFO] MainUpdater:285 - Updater Check For Update Now.
2023-09-15 10:17:04,918 [INFO] MicroXplorer:498 - Change Database Version : DB.6.0.91
2023-09-15 10:17:04,923 [INFO] McuFinderGlobals:63 - Set McuFinder mode to 2 (CubeIDE integrated)
2023-09-15 10:17:04,923 [INFO] UserAuth:179 - activating auth plugin
2023-09-15 10:17:04,926 [INFO] UserAuth:393 - Internet connection configuration mode: 1
2023-09-15 10:17:05,011 [INFO] JxBrowserEngine:151 - Initiate JxBrowser Engine with user profile folder
2023-09-15 10:17:05,050 [WARN] MainUpdater:1189 - Updater busy. Cannot search thirdparties
2023-09-15 10:17:05,050 [INFO] ThirdPartyUpdaterWithRetryManager:96 - Updater plugin is busy. [1/15]
2023-09-15 10:17:05,080 [INFO] ServerAccessManage:473 - Download File updaters.zip
2023-09-15 10:17:05,288 [INFO] FileExtend:240 - Unzip File : updaters.zip
2023-09-15 10:17:05,288 [INFO] FileExtend:255 - Standard Zip Deflate
2023-09-15 10:17:05,653 [INFO] ServerAccessManage:473 - Download File PacksControlFlags.xml
2023-09-15 10:17:05,883 [INFO] ServerAccessManage:473 - Download File cubemx.pidx
2023-09-15 10:17:06,994 [INFO] LoadServerUpdatesThread:373 - End of LoadServerUpdate Thread
2023-09-15 10:17:07,168 [INFO] CheckServerUpdateThread:120 - End of CheckServer Thread
2023-09-15 10:17:08,988 [WARN] PackLoader:240 - Cannot read IP mode file for STMicroelectronics.X-CUBE-SMBUS.2.1.0
2023-09-15 10:17:09,094 [WARN] PackLoader:240 - Cannot read IP mode file for STMicroelectronics.X-CUBE-AZRTOS-F7.1.1.0
2023-09-15 10:17:09,125 [WARN] PackLoader:240 - Cannot read IP mode file for STMicroelectronics.FP-SNS-MOTENV1.4.3.2
2023-09-15 10:17:09,149 [WARN] PackLoader:240 - Cannot read IP mode file for STMicroelectronics.FP-SNS-FLIGHT1.5.0.2
2023-09-15 10:17:09,194 [WARN] PackLoader:240 - Cannot read IP mode file for STMicroelectronics.X-CUBE-DISPLAY.3.0.0
2023-09-15 10:17:09,244 [WARN] PackLoader:240 - Cannot read IP mode file for STMicroelectronics.X-CUBE-BLE1.7.0.0
2023-09-15 10:17:09,286 [WARN] PackLoader:240 - Cannot read IP mode file for emotas.I-CUBE-CANOPEN.1.3.0
2023-09-15 10:17:09,309 [WARN] PackLoader:240 - Cannot read IP mode file for STMicroelectronics.X-CUBE-TOUCHGFX.4.22.0
2023-09-15 10:17:09,342 [WARN] PackLoader:240 - Cannot read IP mode file for STMicroelectronics.FP-SNS-SMARTAG2.1.2.0
2023-09-15 10:17:09,409 [INFO] LogOutputStream:77 - [STDOUT_REDIRECT] 1 : Invalid condition id : UX_CORESTACK_Condition cause : null
2023-09-15 10:17:09,409 [INFO] LogOutputStream:77 - [STDOUT_REDIRECT] 1 : Invalid condition id : UX_CORESTACK_Condition cause : null
2023-09-15 10:17:09,409 [INFO] LogOutputStream:77 - [STDOUT_REDIRECT] 1 : Invalid condition id : UX_CORESTACK_Condition cause : null
2023-09-15 10:17:09,410 [INFO] LogOutputStream:77 - [STDOUT_REDIRECT] 1 : Invalid condition id : UX_CORESTACK_Condition cause : null
2023-09-15 10:17:09,410 [INFO] LogOutputStream:77 - [STDOUT_REDIRECT] 1 : Invalid condition id : UX_CORESTACK_Condition cause : null
2023-09-15 10:17:09,417 [WARN] PackLoader:240 - Cannot read IP mode file for STMicroelectronics.X-CUBE-AZRTOS-WL.2.0.0
2023-09-15 10:17:09,457 [WARN] PackLoader:240 - Cannot read IP mode file for WES.I-CUBE-Cesium.1.3.0
2023-09-15 10:17:09,477 [WARN] PackLoader:240 - Cannot read IP mode file for STMicroelectronics.X-CUBE-BLE2.3.3.0
2023-09-15 10:17:09,523 [WARN] PackLoader:240 - Cannot read IP mode file for STMicroelectronics.X-CUBE-ALGOBUILD.1.3.0
2023-09-15 10:17:09,603 [WARN] PackLoader:240 - Cannot read IP mode file for STMicroelectronics.X-CUBE-AZRTOS-G0.1.1.0
2023-09-15 10:17:09,643 [WARN] PackLoader:240 - Cannot read IP mode file for STMicroelectronics.X-CUBE-NFC4.3.0.0
2023-09-15 10:17:09,673 [WARN] PackLoader:240 - Cannot read IP mode file for STMicroelectronics.FP-ATR-SIGFOX1.3.2.0
2023-09-15 10:17:09,766 [WARN] PackLoader:240 - Cannot read IP mode file for SEGGER.I-CUBE-embOS.1.3.1
2023-09-15 10:17:09,846 [WARN] PackLoader:240 - Cannot read IP mode file for STMicroelectronics.X-CUBE-GNSS1.6.0.0
2023-09-15 10:17:09,963 [WARN] PackLoader:240 - Cannot read IP mode file for STMicroelectronics.X-CUBE-AZRTOS-F4.1.1.0
2023-09-15 10:17:10,048 [WARN] PackLoader:240 - Cannot read IP mode file for STMicroelectronics.X-CUBE-AZRTOS-L5.2.0.0
2023-09-15 10:17:10,178 [WARN] PackLoader:240 - Cannot read IP mode file for STMicroelectronics.X-CUBE-MEMS1.9.6.0
2023-09-15 10:17:10,462 [WARN] PackLoader:240 - Cannot read IP mode file for STMicroelectronics.X-CUBE-BLEMGR.2.0.0
2023-09-15 10:17:10,546 [WARN] ConditionMgr:438 - getConditionDescription Invalid condition id : UX DEVICE CLASS RTOS Condition cause : null
2023-09-15 10:17:10,546 [WARN] ConditionMgr:438 - getConditionDescription Invalid condition id : UX DEVICE CLASS RTOS Condition cause : null
2023-09-15 10:17:10,551 [WARN] PackLoader:240 - Cannot read IP mode file for STMicroelectronics.X-CUBE-AZRTOS-H7.3.1.0
2023-09-15 10:17:10,553 [WARN] ConditionMgr:1039 - genDependencies : Invalid condition id : UX DEVICE CLASS RTOS Condition cause : null
2023-09-15 10:17:10,553 [WARN] ConditionMgr:1039 - genDependencies : Invalid condition id : UX DEVICE CLASS RTOS Condition cause : null
2023-09-15 10:17:10,554 [WARN] ConditionMgr:1039 - genDependencies : Invalid condition id : UX DEVICE CLASS RTOS Condition cause : null
2023-09-15 10:17:10,555 [WARN] ConditionMgr:1039 - genDependencies : Invalid condition id : UX DEVICE CLASS RTOS Condition cause : null
2023-09-15 10:17:10,556 [WARN] ConditionMgr:1039 - genDependencies : Invalid condition id : UX DEVICE CLASS RTOS Condition cause : null
2023-09-15 10:17:10,629 [WARN] PackLoader:240 - Cannot read IP mode file for STMicroelectronics.X-CUBE-NFC7.1.0.1
2023-09-15 10:17:10,655 [WARN] PackLoader:240 - Cannot read IP mode file for STMicroelectronics.X-CUBE-NFC6.3.0.0
2023-09-15 10:17:10,704 [WARN] PackLoader:240 - Cannot read IP mode file for STMicroelectronics.X-CUBE-EEPRMA1.4.1.0
2023-09-15 10:17:10,722 [WARN] PackLoader:240 - Cannot read IP mode file for STMicroelectronics.X-CUBE-AI.8.1.0
2023-09-15 10:17:10,826 [WARN] ConditionMgr:438 - getConditionDescription Invalid condition id : LAN8742 Phy interface Condition cause : null
2023-09-15 10:17:10,827 [WARN] PackLoader:240 - Cannot read IP mode file for STMicroelectronics.X-CUBE-AZRTOS-L4.2.0.0
2023-09-15 10:17:10,829 [WARN] ConditionMgr:1039 - genDependencies : Invalid condition id : LAN8742 Phy interface Condition cause : null
2023-09-15 10:17:10,829 [WARN] ConditionMgr:1039 - genDependencies : Invalid condition id : LAN8742 Phy interface Condition cause : null
2023-09-15 10:17:10,830 [WARN] ConditionMgr:1039 - genDependencies : Invalid condition id : LAN8742 Phy interface Condition cause : null
2023-09-15 10:17:10,853 [WARN] PackLoader:240 - Cannot read IP mode file for STMicroelectronics.X-CUBE-SFXS2LP1.4.0.0
2023-09-15 10:17:10,875 [WARN] PackLoader:240 - Cannot read IP mode file for STMicroelectronics.X-CUBE-ISPU.1.1.0
2023-09-15 10:17:10,953 [WARN] ConditionMgr:438 - getConditionDescription Invalid condition id : UX DEVICE CLASS RTOS Condition cause : null
2023-09-15 10:17:10,953 [WARN] ConditionMgr:438 - getConditionDescription Invalid condition id : UX DEVICE CLASS RTOS Condition cause : null
2023-09-15 10:17:10,956 [WARN] PackLoader:240 - Cannot read IP mode file for STMicroelectronics.X-CUBE-AZRTOS-WB.2.0.0
2023-09-15 10:17:10,957 [WARN] ConditionMgr:1039 - genDependencies : Invalid condition id : UX DEVICE CLASS RTOS Condition cause : null
2023-09-15 10:17:10,957 [WARN] ConditionMgr:1039 - genDependencies : Invalid condition id : UX DEVICE CLASS RTOS Condition cause : null
2023-09-15 10:17:10,958 [WARN] ConditionMgr:1039 - genDependencies : Invalid condition id : UX DEVICE CLASS RTOS Condition cause : null
2023-09-15 10:17:10,958 [WARN] ConditionMgr:1039 - genDependencies : Invalid condition id : UX DEVICE CLASS RTOS Condition cause : null
2023-09-15 10:17:10,959 [WARN] ConditionMgr:1039 - genDependencies : Invalid condition id : UX DEVICE CLASS RTOS Condition cause : null
2023-09-15 10:17:11,000 [WARN] PackLoader:240 - Cannot read IP mode file for STMicroelectronics.X-CUBE-SUBG2.5.0.0
2023-09-15 10:17:11,064 [WARN] PackLoader:240 - Cannot read IP mode file for STMicroelectronics.X-CUBE-TOF1.3.3.1
2023-09-15 10:17:11,136 [WARN] PackLoader:240 - Cannot read IP mode file for STMicroelectronics.X-CUBE-AZRTOS-G4.2.0.0
2023-09-15 10:17:11,154 [WARN] PackLoader:240 - Cannot read IP mode file for STMicroelectronics.X-CUBE-FREERTOS.1.1.0
2023-09-15 10:17:11,194 [WARN] PackLoader:240 - Cannot read IP mode file for portGmbH.I-Cube-SoM-uGOAL.1.1.0
2023-09-15 10:17:11,213 [WARN] PackLoader:240 - Cannot read IP mode file for STMicroelectronics.X-CUBE-ALS.1.0.1
2023-09-15 10:17:11,240 [WARN] PackLoader:240 - Cannot read IP mode file for STMicroelectronics.FP-ATR-ASTRA1.2.0.0
2023-09-15 10:17:11,241 [INFO] ThirdParty:978 - Integrity check success = true
2023-09-15 10:17:11,241 [INFO] IntegrityCheckThread:100 - exiting critical section [integrity check]
2023-09-15 10:17:11,241 [INFO] IntegrityCheckThread:103 - End integrity checks thread
2023-09-15 10:17:17,105 [INFO] WebApp:157 - Instantiating new browser for Auth
2023-09-15 10:17:21,678 [INFO] McuFinderGlobals:63 - Set McuFinder mode to 2 (CubeIDE integrated)
2023-09-15 10:17:24,251 [INFO] ApiDb:581 - Connected to CubeFinder SQLite database (/home/meisam/.stmcufinder/plugins/mcufinder/mcu/cube-finder-db.db)
2023-09-15 10:17:25,418 [INFO] ApiDb:668 - CubeFinder database Data Model version=2.1
2023-09-15 10:17:25,418 [INFO] ApiDb:669 - CubeFinder database Configuration version=3.0.37
2023-09-15 10:17:25,419 [INFO] ApiDb:670 - CubeFinder database generation date=2023-08-09 (1691586011)
2023-09-15 10:17:25,419 [INFO] ApiDb:671 - CubeFinder database FW Pack versions=[FP-ATR-ASTRA1_V2.0.0, FP-SNS-FLIGHT1_V5.0.1, FP-SNS-FLIGHT1_V5.0.2, FP-SNS-MOTENV1_V4.3.1, FP-SNS-MOTENV1_V4.3.2, STM32Cube_FW_C0_V1.1.0, STM32Cube_FW_F4_V1.27.1, STM32Cube_FW_F7_V1.17.0, STM32Cube_FW_G0_V1.6.1, STM32Cube_FW_G4_V1.5.1, STM32Cube_FW_H5_V0.5.1, STM32Cube_FW_H5_V1.1.0, STM32Cube_FW_H7_V1.11.0, STM32Cube_FW_L0_V1.12.2, STM32Cube_FW_L5_V1.5.0, STM32Cube_FW_U5_V1.3.0, STM32Cube_FW_U5_V1.3.0RC4, STM32Cube_FW_WBA_V1.0.0RC1, STM32Cube_FW_WBA_V1.1.0, STM32Cube_FW_WBA_V1.1.0RC1, STM32Cube_FW_WB_V1.15.0RC1, STM32Cube_FW_WB_V1.16.0, STM32Cube_FW_WB_V1.16.0RC2, STM32Cube_FW_WB_V1.17.0, STM32Cube_FW_WL_V1.3.0, X-CUBE-ALGOBUILD_V1.3.0, X-CUBE-ALS_V1.0.1, X-CUBE-AZRTOS-F4_V1.1.0, X-CUBE-AZRTOS-F7_V1.1.0, X-CUBE-AZRTOS-G0_V1.1.0, X-CUBE-AZRTOS-G4_V2.0.0, X-CUBE-AZRTOS-H7_V3.1.0, X-CUBE-AZRTOS-L4_V1.0.0, X-CUBE-AZRTOS-L4_V2.0.0, X-CUBE-AZRTOS-L5_V1.1.0, X-CUBE-AZRTOS-WB_V1.1.0, X-CUBE-AZRTOS-WL_V2.0.0, X-CUBE-BLE1_V7.0.0, X-CUBE-BLE2_V3.3.0, X-CUBE-BLEMGR_V2.0.0, X-CUBE-EEPRMA1_V4.1.0, X-CUBE-FREERTOS_V1.1.0, X-CUBE-GNSS1_V6.0.0, X-CUBE-MEMS1_V9.1.0, X-CUBE-MEMS1_V9.4.0, X-CUBE-MEMS1_V9.6.0, X-CUBE-NFC4_V3.0.0, X-CUBE-NFC7_V1.0.0, X-CUBE-SFXS2LP1_V4.0.0, X-CUBE-SUBG2_V5.0.0, X-CUBE-TOF1_V3.3.1]
2023-09-15 10:17:32,704 [INFO] WebApp:753 - Register for checkConnection events
2023-09-15 10:17:32,704 [INFO] WebApp:390 - Apply proxy settings
2023-09-15 10:17:32,705 [INFO] WebApp:475 - Chromium requires no authentication
2023-09-15 10:17:32,756 [INFO] WebApp:418 - Direct internet connection detected
2023-09-15 10:17:32,868 [INFO] DbBoardsSqlite:226 - include board P-NUCLEO-WB55-NUCLEO as a kit item of type 'Nucleo-64'
2023-09-15 10:17:32,869 [INFO] DbBoardsSqlite:226 - include board P-NUCLEO-WB55-USBDONGLE as a kit item of type 'Nucleo USB Dongle'
2023-09-15 10:17:33,002 [INFO] DbBoardsSqlite:226 - include board STEVAL-IDP005V1 as a kit item of type 'Evaluation Board'
2023-09-15 10:17:33,038 [INFO] DbBoardsSqlite:226 - include board STEVAL-IDP005V2 as a kit item of type 'Evaluation Board'
2023-09-15 10:17:34,634 [INFO] WebApp:188 - Starting web application
2023-09-15 10:17:34,635 [INFO] WebApp:520 - Web application path used /opt/st/stm32cubeide_1.13.1/plugins/com.st.stm32cube.common.mx_6.9.1.202307191849/db/plugins/mcufinder/reactClient1/index.html
2023-09-15 10:17:37,751 [INFO] ApiDb:240 - Found 323 in-development CPN: [B-G473E-ZEST1S, B-WB1M-WPAN1, B-WL5M-SUBG1, NUCLEO-C031C6, NUCLEO-H503RB, NUCLEO-H563ZI, NUCLEO-U545RE-Q, NUCLEO-U5A5ZJ-Q, NUCLEO-WBA52CG, STEVAL-PROTEUS1, STEVAL-SMARTAG2, STEVAL-STWINBX1, STM320518-EVAL, STM32C0116-DK, STM32C011D6Y3TR, STM32C011D6Y6TR, STM32C011F4P3, STM32C011F4P6, STM32C011F4U3, STM32C011F4U6TR, STM32C011F6P3, STM32C011F6P6, STM32C011F6U3, STM32C011F6U6TR, STM32C011J4M3, STM32C011J4M6, STM32C011J6M3, STM32C011J6M6, STM32C0316-DK, STM32C031C4T3, STM32C031C4T6, STM32C031C4U3, STM32C031C4U6, STM32C031C6T3, STM32C031C6T6, STM32C031C6U3, STM32C031C6U6, STM32C031F4P3, STM32C031F4P6, STM32C031F6P3, STM32C031F6P6, STM32C031G4U3, STM32C031G4U6, STM32C031G6U3, STM32C031G6U6, STM32C031K4T3, STM32C031K4T6, STM32C031K4U3, STM32C031K4U6, STM32C031K6T3, STM32C031K6T6, STM32C031K6U3, STM32C031K6U6, STM32G071K8TXN, STM32G071K8UXN, STM32G081GBU6N, STM32G081KBT6N, STM32G081KBUXN, STM32G0B1CCT6N, STM32G0B1KCT6, STM32G0B1NEY6TR, STM32G0B1RCT6N, STM32G0C1CCT6, STM32G0C1CCT6N, STM32G0C1CCU6N, STM32G0C1CET6N, STM32G0C1CEU6N, STM32G0C1KCT6, STM32G0C1NEY6TR, STM32G0C1RCI6N, STM32G0C1RCT6N, STM32G0C1REI6N, STM32G0C1RET6N, STM32G0C1VCI6, STM32G0C1VEI6, STM32G471CCT6, STM32G471CCU6, STM32G471CET3, STM32G471CET6, STM32G471CEU3, STM32G471CEU6, STM32G471MCT6, STM32G471MET3, STM32G471MET6, STM32G471MEY6TR, STM32G471QCT6, STM32G471QET3, STM32G471RCT6, STM32G471RET3, STM32G471RET6, STM32G471VCH6, STM32G471VCI6, STM32G471VCT6, STM32G471VEH3, STM32G471VEH6, STM32G471VEI3, STM32G471VEI6, STM32G471VET3, STM32G471VET6, STM32G474CCT6, STM32H503CBT6, STM32H503CBU6, STM32H503EBY6TR, STM32H503KBU6, STM32H503RBT6, STM32H562AGI6, STM32H562AII6, STM32H562IGK6, STM32H562IGT6, STM32H562IIK6, STM32H562IIT6, STM32H562RGT6, STM32H562RGV6, STM32H562RIT6, STM32H562RIV6, STM32H562VGT6, STM32H562VIT6, STM32H562ZGT6, STM32H562ZIT6, STM32H563AGI6, STM32H563AII3Q, STM32H563AII6, STM32H563IGK6, STM32H563IGT6, STM32H563IIK3Q, STM32H563IIK6, STM32H563IIT3Q, STM32H563IIT6, STM32H563MIY3QTR, STM32H563RGT6, STM32H563RGV6, STM32H563RIT6, STM32H563RIV6, STM32H563VGT6, STM32H563VIT3Q, STM32H563VIT6, STM32H563ZGT6, STM32H563ZIT3Q, STM32H563ZIT6, STM32H573AII3Q, STM32H573AII6, STM32H573I-DK, STM32H573IIK3Q, STM32H573IIK6, STM32H573IIT3Q, STM32H573IIT6, STM32H573MIY3QTR, STM32H573RIT6, STM32H573RIV6, STM32H573VIT3Q, STM32H573VIT6, STM32H573ZIT3Q, STM32H573ZIT6, STM32L4R5QGI6STR, STM32MP131AAE3, STM32MP131AAF3, STM32MP131AAG3, STM32MP131CAE3, STM32MP131CAF3, STM32MP131CAG3, STM32MP131DAE7, STM32MP131DAF7, STM32MP131DAG7, STM32MP131FAE7, STM32MP131FAF7, STM32MP131FAG7, STM32MP133AAE3, STM32MP133AAF3, STM32MP133AAG3, STM32MP133CAE3, STM32MP133CAF3, STM32MP133CAG3, STM32MP133DAE7, STM32MP133DAF7, STM32MP133DAG7, STM32MP133FAE7, STM32MP133FAF7, STM32MP133FAG7, STM32MP135AAE3, STM32MP135AAF3, STM32MP135AAG3, STM32MP135CAE3, STM32MP135CAF3, STM32MP135CAG3, STM32MP135DAE7, STM32MP135DAF7, STM32MP135DAG7, STM32MP135F-DK, STM32MP135FAE7, STM32MP135FAF7, STM32MP135FAF7T, STM32MP135FAF7U, STM32MP135FAG7, STM32U535CBT6, STM32U535CBT6Q, STM32U535CBU6, STM32U535CBU6Q, STM32U535CCT6, STM32U535CCT6Q, STM32U535CCU6, STM32U535CCU6Q, STM32U535CET6, STM32U535CET6Q, STM32U535CEU6, STM32U535CEU6Q, STM32U535JEY6QTR, STM32U535NCY6QTR, STM32U535NEY6QTR, STM32U535RBI6, STM32U535RBI6Q, STM32U535RBT6, STM32U535RBT6Q, STM32U535RCI6, STM32U535RCI6Q, STM32U535RCT6, STM32U535RCT6Q, STM32U535REI6, STM32U535REI6Q, STM32U535RET6, STM32U535RET6Q, STM32U535VCI6, STM32U535VCI6Q, STM32U535VCT6, STM32U535VCT6Q, STM32U535VEI6, STM32U535VEI6Q, STM32U535VET6, STM32U535VET6Q, STM32U545CET6, STM32U545CET6Q, STM32U545CEU6, STM32U545CEU6Q, STM32U545JEY6QTR, STM32U545NEY6QTR, STM32U545REI6, STM32U545REI6Q, STM32U545RET6, STM32U545RET6Q, STM32U545VEI6, STM32U545VEI6Q, STM32U545VET6, STM32U545VET6Q, STM32U595AIH6, STM32U595AIH6Q, STM32U595AJH6, STM32U595AJH6Q, STM32U595QII6, STM32U595QII6Q, STM32U595QJI6, STM32U595QJI6Q, STM32U595RIT6, STM32U595RIT6Q, STM32U595RJT6, STM32U595RJT6Q, STM32U595VIT6, STM32U595VIT6Q, STM32U595VJT6, STM32U595VJT6Q, STM32U595ZIT6, STM32U595ZIT6Q, STM32U595ZIY6QTR, STM32U595ZJT6, STM32U595ZJT6Q, STM32U595ZJY6QTR, STM32U599BJY6QTR, STM32U599NIH6Q, STM32U599NJH6Q, STM32U599VIT6Q, STM32U599VJT6, STM32U599VJT6Q, STM32U599ZIT6Q, STM32U599ZIY6QTR, STM32U599ZJT6Q, STM32U599ZJY6QTR, STM32U5A5AJH6, STM32U5A5AJH6Q, STM32U5A5QJI6, STM32U5A5QJI6Q, STM32U5A5RJT6, STM32U5A5RJT6Q, STM32U5A5VJT6, STM32U5A5VJT6Q, STM32U5A5ZJT6, STM32U5A5ZJT6Q, STM32U5A5ZJY6QTR, STM32U5A9BJY6QTR, STM32U5A9J-DK, STM32U5A9NJH6Q, STM32U5A9VJT6Q, STM32U5A9ZJT6Q, STM32U5A9ZJY6QTR, STM32U5F7VIT6, STM32U5F7VIT6Q, STM32U5F7VJT6, STM32U5F7VJT6Q, STM32U5F9BJY6QTR, STM32U5F9NJH6Q, STM32U5F9VIT6Q, STM32U5F9VJT6Q, STM32U5F9ZIJ6QTR, STM32U5F9ZIT6Q, STM32U5F9ZJJ6QTR, STM32U5F9ZJT6Q, STM32U5G7VJT6, STM32U5G7VJT6Q, STM32U5G9BJY6QTR, STM32U5G9J-DK1, STM32U5G9J-DK2, STM32U5G9NJH6Q, STM32U5G9VJT6Q, STM32U5G9ZJJ6QTR, STM32U5G9ZJT6Q, STM32WB1MMCH6, STM32WBA52CEU6, STM32WBA52CEU6T, STM32WBA52CGU6, STM32WBA52CGU6T, STM32WBA52KEU6, STM32WBA52KEU6T, STM32WBA52KGU6, STM32WBA52KGU6T, STM32WL5MOCH6, STM32WL5MOCH6TR]
2023-09-15 10:17:37,893 [INFO] BoardInfo:880 - No configuration file found for board P-NUCLEO-WB55
2023-09-15 10:17:37,893 [INFO] DbBoards:157 - Kit is not supported: P-NUCLEO-WB55
2023-09-15 10:17:37,899 [INFO] BoardInfo:880 - No configuration file found for board STEVAL-BFA001V1B
2023-09-15 10:17:37,900 [INFO] DbBoards:157 - Kit is not supported: STEVAL-BFA001V1B
2023-09-15 10:17:37,901 [INFO] BoardInfo:880 - No configuration file found for board STEVAL-BFA001V2B
2023-09-15 10:17:37,902 [INFO] DbBoards:157 - Kit is not supported: STEVAL-BFA001V2B
2023-09-15 10:17:37,992 [INFO] DbBoards:161 - Found 190 boards, 187 are supported
2023-09-15 10:17:38,070 [INFO] ApiDb:668 - CubeFinder database Data Model version=2.1
2023-09-15 10:17:38,071 [INFO] ApiDb:669 - CubeFinder database Configuration version=3.0.37
2023-09-15 10:17:38,071 [INFO] ApiDb:670 - CubeFinder database generation date=2023-08-09 (1691586011)
2023-09-15 10:17:38,071 [INFO] ApiDb:671 - CubeFinder database FW Pack versions=[FP-ATR-ASTRA1_V2.0.0, FP-SNS-FLIGHT1_V5.0.1, FP-SNS-FLIGHT1_V5.0.2, FP-SNS-MOTENV1_V4.3.1, FP-SNS-MOTENV1_V4.3.2, STM32Cube_FW_C0_V1.1.0, STM32Cube_FW_F4_V1.27.1, STM32Cube_FW_F7_V1.17.0, STM32Cube_FW_G0_V1.6.1, STM32Cube_FW_G4_V1.5.1, STM32Cube_FW_H5_V0.5.1, STM32Cube_FW_H5_V1.1.0, STM32Cube_FW_H7_V1.11.0, STM32Cube_FW_L0_V1.12.2, STM32Cube_FW_L5_V1.5.0, STM32Cube_FW_U5_V1.3.0, STM32Cube_FW_U5_V1.3.0RC4, STM32Cube_FW_WBA_V1.0.0RC1, STM32Cube_FW_WBA_V1.1.0, STM32Cube_FW_WBA_V1.1.0RC1, STM32Cube_FW_WB_V1.15.0RC1, STM32Cube_FW_WB_V1.16.0, STM32Cube_FW_WB_V1.16.0RC2, STM32Cube_FW_WB_V1.17.0, STM32Cube_FW_WL_V1.3.0, X-CUBE-ALGOBUILD_V1.3.0, X-CUBE-ALS_V1.0.1, X-CUBE-AZRTOS-F4_V1.1.0, X-CUBE-AZRTOS-F7_V1.1.0, X-CUBE-AZRTOS-G0_V1.1.0, X-CUBE-AZRTOS-G4_V2.0.0, X-CUBE-AZRTOS-H7_V3.1.0, X-CUBE-AZRTOS-L4_V1.0.0, X-CUBE-AZRTOS-L4_V2.0.0, X-CUBE-AZRTOS-L5_V1.1.0, X-CUBE-AZRTOS-WB_V1.1.0, X-CUBE-AZRTOS-WL_V2.0.0, X-CUBE-BLE1_V7.0.0, X-CUBE-BLE2_V3.3.0, X-CUBE-BLEMGR_V2.0.0, X-CUBE-EEPRMA1_V4.1.0, X-CUBE-FREERTOS_V1.1.0, X-CUBE-GNSS1_V6.0.0, X-CUBE-MEMS1_V9.1.0, X-CUBE-MEMS1_V9.4.0, X-CUBE-MEMS1_V9.6.0, X-CUBE-NFC4_V3.0.0, X-CUBE-NFC7_V1.0.0, X-CUBE-SFXS2LP1_V4.0.0, X-CUBE-SUBG2_V5.0.0, X-CUBE-TOF1_V3.3.1]
2023-09-15 10:17:41,538 [INFO] ApiDb:240 - Found 323 in-development CPN: [B-G473E-ZEST1S, B-WB1M-WPAN1, B-WL5M-SUBG1, NUCLEO-C031C6, NUCLEO-H503RB, NUCLEO-H563ZI, NUCLEO-U545RE-Q, NUCLEO-U5A5ZJ-Q, NUCLEO-WBA52CG, STEVAL-PROTEUS1, STEVAL-SMARTAG2, STEVAL-STWINBX1, STM320518-EVAL, STM32C0116-DK, STM32C011D6Y3TR, STM32C011D6Y6TR, STM32C011F4P3, STM32C011F4P6, STM32C011F4U3, STM32C011F4U6TR, STM32C011F6P3, STM32C011F6P6, STM32C011F6U3, STM32C011F6U6TR, STM32C011J4M3, STM32C011J4M6, STM32C011J6M3, STM32C011J6M6, STM32C0316-DK, STM32C031C4T3, STM32C031C4T6, STM32C031C4U3, STM32C031C4U6, STM32C031C6T3, STM32C031C6T6, STM32C031C6U3, STM32C031C6U6, STM32C031F4P3, STM32C031F4P6, STM32C031F6P3, STM32C031F6P6, STM32C031G4U3, STM32C031G4U6, STM32C031G6U3, STM32C031G6U6, STM32C031K4T3, STM32C031K4T6, STM32C031K4U3, STM32C031K4U6, STM32C031K6T3, STM32C031K6T6, STM32C031K6U3, STM32C031K6U6, STM32G071K8TXN, STM32G071K8UXN, STM32G081GBU6N, STM32G081KBT6N, STM32G081KBUXN, STM32G0B1CCT6N, STM32G0B1KCT6, STM32G0B1NEY6TR, STM32G0B1RCT6N, STM32G0C1CCT6, STM32G0C1CCT6N, STM32G0C1CCU6N, STM32G0C1CET6N, STM32G0C1CEU6N, STM32G0C1KCT6, STM32G0C1NEY6TR, STM32G0C1RCI6N, STM32G0C1RCT6N, STM32G0C1REI6N, STM32G0C1RET6N, STM32G0C1VCI6, STM32G0C1VEI6, STM32G471CCT6, STM32G471CCU6, STM32G471CET3, STM32G471CET6, STM32G471CEU3, STM32G471CEU6, STM32G471MCT6, STM32G471MET3, STM32G471MET6, STM32G471MEY6TR, STM32G471QCT6, STM32G471QET3, STM32G471RCT6, STM32G471RET3, STM32G471RET6, STM32G471VCH6, STM32G471VCI6, STM32G471VCT6, STM32G471VEH3, STM32G471VEH6, STM32G471VEI3, STM32G471VEI6, STM32G471VET3, STM32G471VET6, STM32G474CCT6, STM32H503CBT6, STM32H503CBU6, STM32H503EBY6TR, STM32H503KBU6, STM32H503RBT6, STM32H562AGI6, STM32H562AII6, STM32H562IGK6, STM32H562IGT6, STM32H562IIK6, STM32H562IIT6, STM32H562RGT6, STM32H562RGV6, STM32H562RIT6, STM32H562RIV6, STM32H562VGT6, STM32H562VIT6, STM32H562ZGT6, STM32H562ZIT6, STM32H563AGI6, STM32H563AII3Q, STM32H563AII6, STM32H563IGK6, STM32H563IGT6, STM32H563IIK3Q, STM32H563IIK6, STM32H563IIT3Q, STM32H563IIT6, STM32H563MIY3QTR, STM32H563RGT6, STM32H563RGV6, STM32H563RIT6, STM32H563RIV6, STM32H563VGT6, STM32H563VIT3Q, STM32H563VIT6, STM32H563ZGT6, STM32H563ZIT3Q, STM32H563ZIT6, STM32H573AII3Q, STM32H573AII6, STM32H573I-DK, STM32H573IIK3Q, STM32H573IIK6, STM32H573IIT3Q, STM32H573IIT6, STM32H573MIY3QTR, STM32H573RIT6, STM32H573RIV6, STM32H573VIT3Q, STM32H573VIT6, STM32H573ZIT3Q, STM32H573ZIT6, STM32L4R5QGI6STR, STM32MP131AAE3, STM32MP131AAF3, STM32MP131AAG3, STM32MP131CAE3, STM32MP131CAF3, STM32MP131CAG3, STM32MP131DAE7, STM32MP131DAF7, STM32MP131DAG7, STM32MP131FAE7, STM32MP131FAF7, STM32MP131FAG7, STM32MP133AAE3, STM32MP133AAF3, STM32MP133AAG3, STM32MP133CAE3, STM32MP133CAF3, STM32MP133CAG3, STM32MP133DAE7, STM32MP133DAF7, STM32MP133DAG7, STM32MP133FAE7, STM32MP133FAF7, STM32MP133FAG7, STM32MP135AAE3, STM32MP135AAF3, STM32MP135AAG3, STM32MP135CAE3, STM32MP135CAF3, STM32MP135CAG3, STM32MP135DAE7, STM32MP135DAF7, STM32MP135DAG7, STM32MP135F-DK, STM32MP135FAE7, STM32MP135FAF7, STM32MP135FAF7T, STM32MP135FAF7U, STM32MP135FAG7, STM32U535CBT6, STM32U535CBT6Q, STM32U535CBU6, STM32U535CBU6Q, STM32U535CCT6, STM32U535CCT6Q, STM32U535CCU6, STM32U535CCU6Q, STM32U535CET6, STM32U535CET6Q, STM32U535CEU6, STM32U535CEU6Q, STM32U535JEY6QTR, STM32U535NCY6QTR, STM32U535NEY6QTR, STM32U535RBI6, STM32U535RBI6Q, STM32U535RBT6, STM32U535RBT6Q, STM32U535RCI6, STM32U535RCI6Q, STM32U535RCT6, STM32U535RCT6Q, STM32U535REI6, STM32U535REI6Q, STM32U535RET6, STM32U535RET6Q, STM32U535VCI6, STM32U535VCI6Q, STM32U535VCT6, STM32U535VCT6Q, STM32U535VEI6, STM32U535VEI6Q, STM32U535VET6, STM32U535VET6Q, STM32U545CET6, STM32U545CET6Q, STM32U545CEU6, STM32U545CEU6Q, STM32U545JEY6QTR, STM32U545NEY6QTR, STM32U545REI6, STM32U545REI6Q, STM32U545RET6, STM32U545RET6Q, STM32U545VEI6, STM32U545VEI6Q, STM32U545VET6, STM32U545VET6Q, STM32U595AIH6, STM32U595AIH6Q, STM32U595AJH6, STM32U595AJH6Q, STM32U595QII6, STM32U595QII6Q, STM32U595QJI6, STM32U595QJI6Q, STM32U595RIT6, STM32U595RIT6Q, STM32U595RJT6, STM32U595RJT6Q, STM32U595VIT6, STM32U595VIT6Q, STM32U595VJT6, STM32U595VJT6Q, STM32U595ZIT6, STM32U595ZIT6Q, STM32U595ZIY6QTR, STM32U595ZJT6, STM32U595ZJT6Q, STM32U595ZJY6QTR, STM32U599BJY6QTR, STM32U599NIH6Q, STM32U599NJH6Q, STM32U599VIT6Q, STM32U599VJT6, STM32U599VJT6Q, STM32U599ZIT6Q, STM32U599ZIY6QTR, STM32U599ZJT6Q, STM32U599ZJY6QTR, STM32U5A5AJH6, STM32U5A5AJH6Q, STM32U5A5QJI6, STM32U5A5QJI6Q, STM32U5A5RJT6, STM32U5A5RJT6Q, STM32U5A5VJT6, STM32U5A5VJT6Q, STM32U5A5ZJT6, STM32U5A5ZJT6Q, STM32U5A5ZJY6QTR, STM32U5A9BJY6QTR, STM32U5A9J-DK, STM32U5A9NJH6Q, STM32U5A9VJT6Q, STM32U5A9ZJT6Q, STM32U5A9ZJY6QTR, STM32U5F7VIT6, STM32U5F7VIT6Q, STM32U5F7VJT6, STM32U5F7VJT6Q, STM32U5F9BJY6QTR, STM32U5F9NJH6Q, STM32U5F9VIT6Q, STM32U5F9VJT6Q, STM32U5F9ZIJ6QTR, STM32U5F9ZIT6Q, STM32U5F9ZJJ6QTR, STM32U5F9ZJT6Q, STM32U5G7VJT6, STM32U5G7VJT6Q, STM32U5G9BJY6QTR, STM32U5G9J-DK1, STM32U5G9J-DK2, STM32U5G9NJH6Q, STM32U5G9VJT6Q, STM32U5G9ZJJ6QTR, STM32U5G9ZJT6Q, STM32WB1MMCH6, STM32WBA52CEU6, STM32WBA52CEU6T, STM32WBA52CGU6, STM32WBA52CGU6T, STM32WBA52KEU6, STM32WBA52KEU6T, STM32WBA52KGU6, STM32WBA52KGU6T, STM32WL5MOCH6, STM32WL5MOCH6TR]
2023-09-15 10:17:41,543 [INFO] DbMcus:217 - Found 3848 MCUs, 3848 are supported
2023-09-15 10:17:41,544 [INFO] ApiDb:423 - Load user favorites file /home/meisam/.stm32cubeide/favorites.mcus.txt: 0 item(s)
2023-09-15 10:17:41,544 [INFO] ApiDb:427 - User favorites MCUs=[]
2023-09-15 10:17:41,545 [INFO] DbMcus:223 - Set 0 / 0 favorites MCUs
2023-09-15 10:17:41,784 [INFO] ApiDb:423 - Load user favorites file /home/meisam/.stm32cubeide/favorites.boards.txt: 0 item(s)
2023-09-15 10:17:41,785 [INFO] ApiDb:427 - User favorites Boards=[]
2023-09-15 10:17:41,785 [INFO] DbBoards:190 - Set 0 / 0 favorites Boards
2023-09-15 10:17:41,785 [INFO] McuFinderGlobals:76 - Set McuFinderConnectedMode to false
2023-09-15 10:17:41,882 [INFO] MultiScanPanel:200 - Auto-refresh data requested => check proxy status ongoing
2023-09-15 10:17:41,882 [INFO] MultiScanPanel:204 - Proxy status is invalid
2023-09-15 10:17:41,934 [INFO] FinderPluginLoader:95 - Searching for filters in installed packs
2023-09-15 10:17:44,185 [INFO] DetailPanel:341 - Set advertising image to /home/meisam/STM32Cube/Repository//en.prom-stm32h5-mcu-finder.jpg
2023-09-15 10:17:49,273 [INFO] MultiScanPanel:200 - Auto-refresh data requested => check proxy status ongoing
2023-09-15 10:17:49,273 [INFO] MultiScanPanel:204 - Proxy status is invalid
2023-09-15 10:17:49,627 [INFO] DetailPanel:341 - Set advertising image to /home/meisam/STM32Cube/Repository//en.prom-stm32h5-mcu-finder.jpg
2023-09-15 10:17:49,641 [INFO] DbBoards:634 - Loading board mini-images...
2023-09-15 10:17:53,513 [ERROR] DbBoards:651 - Image file not found for board STM32U5G9J-DK1: /home/meisam/.stmcufinder/plugins/mcufinder//mcu//boards_images/STM32U5G9J-DK1.jpg
2023-09-15 10:17:53,514 [ERROR] DbBoards:651 - Image file not found for board STM32U5G9J-DK2: /home/meisam/.stmcufinder/plugins/mcufinder//mcu//boards_images/STM32U5G9J-DK2.jpg
2023-09-15 10:17:53,542 [INFO] DbBoards:657 - Loaded 188 board mini-images
2023-09-15 10:17:59,597 [ERROR] LogOutputStream:75 - [STDERR_REDIRECT] SLF4J: Failed to load class "org.slf4j.impl.StaticLoggerBinder".
2023-09-15 10:17:59,597 [ERROR] LogOutputStream:75 - [STDERR_REDIRECT] SLF4J: Defaulting to no-operation (NOP) logger implementation
2023-09-15 10:17:59,598 [ERROR] LogOutputStream:75 - [STDERR_REDIRECT] SLF4J: See http://www.slf4j.org/codes.html#StaticLoggerBinder for further details.
2023-09-15 10:19:13,319 [INFO] McuFinderGlobals:76 - Set McuFinderConnectedMode to true
2023-09-15 10:19:13,323 [INFO] ApiDb:448 - Save user favorites file /home/meisam/.stm32cubeide/favorites.mcus.txt: 0 item(s)
2023-09-15 10:19:13,323 [INFO] ApiDb:452 - User favorites MCUs=[]
2023-09-15 10:19:13,324 [INFO] ApiDb:448 - Save user favorites file /home/meisam/.stm32cubeide/favorites.boards.txt: 0 item(s)
2023-09-15 10:19:13,324 [INFO] ApiDb:452 - User favorites Boards=[]
2023-09-15 12:03:55,177 [INFO] McuFinderGlobals:76 - Set McuFinderConnectedMode to false
2023-09-15 12:03:55,178 [INFO] MultiScanPanel:200 - Auto-refresh data requested => check proxy status ongoing
2023-09-15 12:03:55,179 [INFO] MultiScanPanel:204 - Proxy status is invalid
2023-09-15 12:03:55,179 [INFO] FinderPluginLoader:95 - Searching for filters in installed packs
2023-09-15 12:03:56,122 [INFO] DetailPanel:341 - Set advertising image to /home/meisam/STM32Cube/Repository//en.prom-stm32h5-mcu-finder.jpg
2023-09-15 12:03:59,620 [INFO] MultiScanPanel:200 - Auto-refresh data requested => check proxy status ongoing
2023-09-15 12:03:59,621 [INFO] MultiScanPanel:204 - Proxy status is invalid
2023-09-15 12:03:59,699 [INFO] DetailPanel:341 - Set advertising image to /home/meisam/STM32Cube/Repository//en.prom-stm32h5-mcu-finder.jpg
2023-09-15 12:04:32,853 [INFO] McuFinderGlobals:76 - Set McuFinderConnectedMode to true
2023-09-15 12:04:32,855 [INFO] ApiDb:448 - Save user favorites file /home/meisam/.stm32cubeide/favorites.mcus.txt: 0 item(s)
2023-09-15 12:04:32,855 [INFO] ApiDb:452 - User favorites MCUs=[]
2023-09-15 12:04:32,856 [INFO] ApiDb:448 - Save user favorites file /home/meisam/.stm32cubeide/favorites.boards.txt: 0 item(s)
2023-09-15 12:04:32,856 [INFO] ApiDb:452 - User favorites Boards=[]
2023-09-15 14:08:14,655 [INFO] McuFinderGlobals:76 - Set McuFinderConnectedMode to false
2023-09-15 14:08:14,655 [INFO] MultiScanPanel:200 - Auto-refresh data requested => check proxy status ongoing
2023-09-15 14:08:14,656 [INFO] MultiScanPanel:204 - Proxy status is invalid
2023-09-15 14:08:14,656 [INFO] FinderPluginLoader:95 - Searching for filters in installed packs
2023-09-15 14:08:15,380 [INFO] DetailPanel:341 - Set advertising image to /home/meisam/STM32Cube/Repository//en.prom-stm32h5-mcu-finder.jpg
2023-09-15 14:08:18,015 [INFO] MultiScanPanel:200 - Auto-refresh data requested => check proxy status ongoing
2023-09-15 14:08:18,015 [INFO] MultiScanPanel:204 - Proxy status is invalid
2023-09-15 14:08:18,085 [INFO] DetailPanel:341 - Set advertising image to /home/meisam/STM32Cube/Repository//en.prom-stm32h5-mcu-finder.jpg
2023-09-15 14:08:42,272 [INFO] McuFinderGlobals:76 - Set McuFinderConnectedMode to true
2023-09-15 14:08:42,274 [INFO] ApiDb:448 - Save user favorites file /home/meisam/.stm32cubeide/favorites.mcus.txt: 0 item(s)
2023-09-15 14:08:42,275 [INFO] ApiDb:452 - User favorites MCUs=[]
2023-09-15 14:08:42,275 [INFO] ApiDb:448 - Save user favorites file /home/meisam/.stm32cubeide/favorites.boards.txt: 0 item(s)
2023-09-15 14:08:42,276 [INFO] ApiDb:452 - User favorites Boards=[]
2023-09-15 16:09:16,735 [INFO] McuFinderGlobals:76 - Set McuFinderConnectedMode to false
2023-09-15 16:09:16,736 [INFO] MultiScanPanel:200 - Auto-refresh data requested => check proxy status ongoing
2023-09-15 16:09:16,736 [INFO] MultiScanPanel:204 - Proxy status is invalid
2023-09-15 16:09:16,736 [INFO] FinderPluginLoader:95 - Searching for filters in installed packs
2023-09-15 16:09:17,370 [INFO] DetailPanel:341 - Set advertising image to /home/meisam/STM32Cube/Repository//en.prom-stm32h5-mcu-finder.jpg
2023-09-15 16:09:19,411 [INFO] MultiScanPanel:200 - Auto-refresh data requested => check proxy status ongoing
2023-09-15 16:09:19,412 [INFO] MultiScanPanel:204 - Proxy status is invalid
2023-09-15 16:09:19,485 [INFO] DetailPanel:341 - Set advertising image to /home/meisam/STM32Cube/Repository//en.prom-stm32h5-mcu-finder.jpg
2023-09-15 16:09:46,237 [INFO] McuFinderGlobals:76 - Set McuFinderConnectedMode to true
2023-09-15 16:09:46,239 [INFO] ApiDb:448 - Save user favorites file /home/meisam/.stm32cubeide/favorites.mcus.txt: 0 item(s)
2023-09-15 16:09:46,239 [INFO] ApiDb:452 - User favorites MCUs=[]
2023-09-15 16:09:46,240 [INFO] ApiDb:448 - Save user favorites file /home/meisam/.stm32cubeide/favorites.boards.txt: 0 item(s)
2023-09-15 16:09:46,240 [INFO] ApiDb:452 - User favorites Boards=[]
2023-09-15 16:31:50,394 [ERROR] LogOutputStream:75 - [STDERR_REDIRECT] 
